<?xml version="1.0" encoding="UTF-8"?>
<testsuites name="YourInformation_Checkout" time="178.494" tests="11" failures="2" errors="0">
   <testsuite name="YourInformation_Checkout" tests="11" failures="2" errors="0" time="178.494" skipped="0" timestamp="2024-09-16 19:03:57" hostname="rasyid - DESKTOP-R622UHT" id="Test Suites/YourInformation_Page/YourInformation_Checkout">
      <properties>
         <property name="deviceName" value=""/>
         <property name="devicePlatform" value=""/>
         <property name="logFolder" value="C:\\Users\\rasyid\\Katalon Studio\\SauceDemo\\Reports\\20240916_190346\\YourInformation_Page\\YourInformation_Checkout\\20240916_190347"/>
         <property name="logFiles" value="C:\\Users\\rasyid\\Katalon Studio\\SauceDemo\\Reports\\20240916_190346\\YourInformation_Page\\YourInformation_Checkout\\20240916_190347\\execution0.log"/>
         <property name="attachments" value="C:\\Users\\rasyid\\Katalon Studio\\SauceDemo\\Reports\\20240916_190346\\YourInformation_Page\\YourInformation_Checkout\\20240916_190347\\1726488244882.png, C:\\Users\\rasyid\\Katalon Studio\\SauceDemo\\Reports\\20240916_190346\\YourInformation_Page\\YourInformation_Checkout\\20240916_190347\\1726488246233.png, C:\\Users\\rasyid\\Katalon Studio\\SauceDemo\\Reports\\20240916_190346\\YourInformation_Page\\YourInformation_Checkout\\20240916_190347\\1726488247557.png, C:\\Users\\rasyid\\Katalon Studio\\SauceDemo\\Reports\\20240916_190346\\YourInformation_Page\\YourInformation_Checkout\\20240916_190347\\1726488249329.png, C:\\Users\\rasyid\\Katalon Studio\\SauceDemo\\Reports\\20240916_190346\\YourInformation_Page\\YourInformation_Checkout\\20240916_190347\\1726488257038.png, C:\\Users\\rasyid\\Katalon Studio\\SauceDemo\\Reports\\20240916_190346\\YourInformation_Page\\YourInformation_Checkout\\20240916_190347\\1726488259194.png, C:\\Users\\rasyid\\Katalon Studio\\SauceDemo\\Reports\\20240916_190346\\YourInformation_Page\\YourInformation_Checkout\\20240916_190347\\1726488261353.png, C:\\Users\\rasyid\\Katalon Studio\\SauceDemo\\Reports\\20240916_190346\\YourInformation_Page\\YourInformation_Checkout\\20240916_190347\\1726488263419.png, C:\\Users\\rasyid\\Katalon Studio\\SauceDemo\\Reports\\20240916_190346\\YourInformation_Page\\YourInformation_Checkout\\20240916_190347\\1726488268825.png, C:\\Users\\rasyid\\Katalon Studio\\SauceDemo\\Reports\\20240916_190346\\YourInformation_Page\\YourInformation_Checkout\\20240916_190347\\1726488278310.png, C:\\Users\\rasyid\\Katalon Studio\\SauceDemo\\Reports\\20240916_190346\\YourInformation_Page\\YourInformation_Checkout\\20240916_190347\\1726488280126.png, C:\\Users\\rasyid\\Katalon Studio\\SauceDemo\\Reports\\20240916_190346\\YourInformation_Page\\YourInformation_Checkout\\20240916_190347\\1726488281852.png, C:\\Users\\rasyid\\Katalon Studio\\SauceDemo\\Reports\\20240916_190346\\YourInformation_Page\\YourInformation_Checkout\\20240916_190347\\1726488288687.png, C:\\Users\\rasyid\\Katalon Studio\\SauceDemo\\Reports\\20240916_190346\\YourInformation_Page\\YourInformation_Checkout\\20240916_190347\\1726488290488.png, C:\\Users\\rasyid\\Katalon Studio\\SauceDemo\\Reports\\20240916_190346\\YourInformation_Page\\YourInformation_Checkout\\20240916_190347\\1726488292299.png, C:\\Users\\rasyid\\Katalon Studio\\SauceDemo\\Reports\\20240916_190346\\YourInformation_Page\\YourInformation_Checkout\\20240916_190347\\1726488298999.png, C:\\Users\\rasyid\\Katalon Studio\\SauceDemo\\Reports\\20240916_190346\\YourInformation_Page\\YourInformation_Checkout\\20240916_190347\\1726488300825.png, C:\\Users\\rasyid\\Katalon Studio\\SauceDemo\\Reports\\20240916_190346\\YourInformation_Page\\YourInformation_Checkout\\20240916_190347\\1726488302549.png, C:\\Users\\rasyid\\Katalon Studio\\SauceDemo\\Reports\\20240916_190346\\YourInformation_Page\\YourInformation_Checkout\\20240916_190347\\1726488309309.png, C:\\Users\\rasyid\\Katalon Studio\\SauceDemo\\Reports\\20240916_190346\\YourInformation_Page\\YourInformation_Checkout\\20240916_190347\\1726488311117.png, C:\\Users\\rasyid\\Katalon Studio\\SauceDemo\\Reports\\20240916_190346\\YourInformation_Page\\YourInformation_Checkout\\20240916_190347\\1726488312931.png, C:\\Users\\rasyid\\Katalon Studio\\SauceDemo\\Reports\\20240916_190346\\YourInformation_Page\\YourInformation_Checkout\\20240916_190347\\1726488319584.png, C:\\Users\\rasyid\\Katalon Studio\\SauceDemo\\Reports\\20240916_190346\\YourInformation_Page\\YourInformation_Checkout\\20240916_190347\\1726488321397.png, C:\\Users\\rasyid\\Katalon Studio\\SauceDemo\\Reports\\20240916_190346\\YourInformation_Page\\YourInformation_Checkout\\20240916_190347\\1726488323197.png, C:\\Users\\rasyid\\Katalon Studio\\SauceDemo\\Reports\\20240916_190346\\YourInformation_Page\\YourInformation_Checkout\\20240916_190347\\1726488332353.png, C:\\Users\\rasyid\\Katalon Studio\\SauceDemo\\Reports\\20240916_190346\\YourInformation_Page\\YourInformation_Checkout\\20240916_190347\\1726488334148.png, C:\\Users\\rasyid\\Katalon Studio\\SauceDemo\\Reports\\20240916_190346\\YourInformation_Page\\YourInformation_Checkout\\20240916_190347\\1726488344147.png, C:\\Users\\rasyid\\Katalon Studio\\SauceDemo\\Reports\\20240916_190346\\YourInformation_Page\\YourInformation_Checkout\\20240916_190347\\1726488345974.png, C:\\Users\\rasyid\\Katalon Studio\\SauceDemo\\Reports\\20240916_190346\\YourInformation_Page\\YourInformation_Checkout\\20240916_190347\\1726488378178.png, C:\\Users\\rasyid\\Katalon Studio\\SauceDemo\\Reports\\20240916_190346\\YourInformation_Page\\YourInformation_Checkout\\20240916_190347\\1726488378312.png, C:\\Users\\rasyid\\Katalon Studio\\SauceDemo\\Reports\\20240916_190346\\YourInformation_Page\\YourInformation_Checkout\\20240916_190347\\1726488413585.png, C:\\Users\\rasyid\\Katalon Studio\\SauceDemo\\Reports\\20240916_190346\\YourInformation_Page\\YourInformation_Checkout\\20240916_190347\\1726488413685.png"/>
         <property name="hostName" value="rasyid - DESKTOP-R622UHT"/>
         <property name="os" value="Windows 10 64bit"/>
         <property name="katalonVersion" value="8.6.9.208"/>
         <property name="browser" value="Chrome 128.0.0.0"/>
         <property name="hostAddress" value="26.103.121.102"/>
         <property name="sessionId" value="43282c43dd61593bf17be99ba1d0daca"/>
         <property name="seleniumVersion" value="3.141.59"/>
         <property name="proxyInformation" value="ProxyInformation { proxyOption=NO_PROXY, proxyServerType=HTTP, username=, password=********, proxyServerAddress=, proxyServerPort=0, executionList=&quot;&quot;, isApplyToDesiredCapabilities=true }"/>
         <property name="platform" value="Windows 10"/>
      </properties>
      <testcase name="Test Cases/Login_Page/Positive_Case/Login" time="13.796" classname="Test Cases/Login_Page/Positive_Case/Login" status="PASSED">
         <system-out><![CDATA[2024-09-16 19:03:57 - [TEST_CASE][PASSED] - Test Cases/Login_Page/Positive_Case/Login: Test Cases/Login_Page/Positive_Case/Login

2024-09-16 19:03:58 - [TEST_STEP][PASSED] - openBrowser(loginUrl): Browser is opened with url: 'https://www.saucedemo.com/'

2024-09-16 19:03:58 - [MESSAGE][INFO] - Starting 'Chrome' driver

2024-09-16 19:03:58 - [MESSAGE][INFO] - Action delay is set to 0 milliseconds

2024-09-16 19:04:01 - [MESSAGE][PASSED] - Browser is opened with url: 'https://www.saucedemo.com/'

2024-09-16 19:04:01 - [TEST_STEP][PASSED] - maximizeWindow(): Current window maximized

2024-09-16 19:04:02 - [MESSAGE][PASSED] - Current window maximized

2024-09-16 19:04:02 - [TEST_STEP][PASSED] - verifyElementVisible(findTestObject("Global_Header/Label_Title")): Object 'Object Repository/Global_Header/Label_Title' is visible

2024-09-16 19:04:03 - [MESSAGE][PASSED] - Object 'Object Repository/Global_Header/Label_Title' is visible

2024-09-16 19:04:03 - [TEST_STEP][PASSED] - verifyElementVisible(findTestObject("Login_Page/TextArea_Username")): Object 'Object Repository/Login_Page/TextArea_Username' is visible

2024-09-16 19:04:03 - [MESSAGE][PASSED] - Object 'Object Repository/Login_Page/TextArea_Username' is visible

2024-09-16 19:04:03 - [TEST_STEP][PASSED] - verifyElementVisible(findTestObject("Login_Page/TextArea_Password")): Object 'Object Repository/Login_Page/TextArea_Password' is visible

2024-09-16 19:04:04 - [MESSAGE][PASSED] - Object 'Object Repository/Login_Page/TextArea_Password' is visible

2024-09-16 19:04:04 - [TEST_STEP][PASSED] - verifyElementVisible(findTestObject("Login_Page/Button_Login")): Object 'Object Repository/Login_Page/Button_Login' is visible

2024-09-16 19:04:04 - [MESSAGE][PASSED] - Object 'Object Repository/Login_Page/Button_Login' is visible

2024-09-16 19:04:04 - [TEST_STEP][PASSED] - takeScreenshot(): Taking screenshot successfully

2024-09-16 19:04:04 - [MESSAGE][PASSED] - Taking screenshot successfully
[[ATTACHMENT|C:\\Users\\rasyid\\Katalon Studio\\SauceDemo\\Reports\\20240916_190346\\YourInformation_Page\\YourInformation_Checkout\\20240916_190347\\1726488244882.png]]

2024-09-16 19:04:04 - [TEST_STEP][PASSED] - setText(findTestObject("Login_Page/TextArea_Username"), userName): Text 'standard_user' is set on object 'Object Repository/Login_Page/TextArea_Username'

2024-09-16 19:04:05 - [MESSAGE][PASSED] - Text 'standard_user' is set on object 'Object Repository/Login_Page/TextArea_Username'

2024-09-16 19:04:05 - [TEST_STEP][PASSED] - username = getAttribute(findTestObject("Login_Page/TextArea_Username"), "value"): Attribute 'value' of object 'Object Repository/Login_Page/TextArea_Username' is: 'standard_user'

2024-09-16 19:04:05 - [MESSAGE][PASSED] - Attribute 'value' of object 'Object Repository/Login_Page/TextArea_Username' is: 'standard_user'

2024-09-16 19:04:05 - [TEST_STEP][PASSED] - takeScreenshot(): Taking screenshot successfully

2024-09-16 19:04:06 - [MESSAGE][PASSED] - Taking screenshot successfully
[[ATTACHMENT|C:\\Users\\rasyid\\Katalon Studio\\SauceDemo\\Reports\\20240916_190346\\YourInformation_Page\\YourInformation_Checkout\\20240916_190347\\1726488246233.png]]

2024-09-16 19:04:06 - [TEST_STEP][PASSED] - pass = setText(findTestObject("Login_Page/TextArea_Password"), password): Text 'secret_sauce' is set on object 'Object Repository/Login_Page/TextArea_Password'

2024-09-16 19:04:06 - [MESSAGE][PASSED] - Text 'secret_sauce' is set on object 'Object Repository/Login_Page/TextArea_Password'

2024-09-16 19:04:07 - [TEST_STEP][PASSED] - getAttribute(findTestObject("Login_Page/TextArea_Password"), "value"): Attribute 'value' of object 'Object Repository/Login_Page/TextArea_Password' is: 'secret_sauce'

2024-09-16 19:04:07 - [MESSAGE][PASSED] - Attribute 'value' of object 'Object Repository/Login_Page/TextArea_Password' is: 'secret_sauce'

2024-09-16 19:04:07 - [TEST_STEP][PASSED] - takeScreenshot(): Taking screenshot successfully

2024-09-16 19:04:07 - [MESSAGE][PASSED] - Taking screenshot successfully
[[ATTACHMENT|C:\\Users\\rasyid\\Katalon Studio\\SauceDemo\\Reports\\20240916_190346\\YourInformation_Page\\YourInformation_Checkout\\20240916_190347\\1726488247557.png]]

2024-09-16 19:04:07 - [TEST_STEP][PASSED] - verifyElementClickable(findTestObject("Login_Page/Button_Login")): Object 'Object Repository/Login_Page/Button_Login' is clickable

2024-09-16 19:04:07 - [MESSAGE][PASSED] - Object 'Object Repository/Login_Page/Button_Login' is clickable

2024-09-16 19:04:07 - [TEST_STEP][PASSED] - click(findTestObject("Login_Page/Button_Login")): Object: 'Object Repository/Login_Page/Button_Login' is clicked on

2024-09-16 19:04:08 - [MESSAGE][PASSED] - Object: 'Object Repository/Login_Page/Button_Login' is clicked on

2024-09-16 19:04:08 - [TEST_STEP][PASSED] - verifyElementVisible(findTestObject("Product_Page/Label_TitleProducts")): Object 'Object Repository/Product_Page/Label_TitleProducts' is visible

2024-09-16 19:04:08 - [MESSAGE][PASSED] - Object 'Object Repository/Product_Page/Label_TitleProducts' is visible

2024-09-16 19:04:08 - [TEST_STEP][PASSED] - takeScreenshot(): Taking screenshot successfully

2024-09-16 19:04:09 - [MESSAGE][PASSED] - Taking screenshot successfully
[[ATTACHMENT|C:\\Users\\rasyid\\Katalon Studio\\SauceDemo\\Reports\\20240916_190346\\YourInformation_Page\\YourInformation_Checkout\\20240916_190347\\1726488249329.png]]

2024-09-16 19:04:11 - [TEST_STEP][PASSED] - Video: Video recording for test case 'Test Cases/Login_Page/Positive_Case/Login' .

2024-09-16 19:04:11 - [MESSAGE][INFO] - Video recording for test case 'Test Cases/Login_Page/Positive_Case/Login' .]]></system-out>
         <system-err><![CDATA[]]></system-err>
      </testcase>
      <testcase name="Test Cases/Product_Page/Positive_Case/AddToCart_Products" time="14.071" classname="Test Cases/Product_Page/Positive_Case/AddToCart_Products" status="PASSED">
         <system-out><![CDATA[2024-09-16 19:04:11 - [TEST_CASE][PASSED] - Test Cases/Product_Page/Positive_Case/AddToCart_Products: Test Cases/Product_Page/Positive_Case/AddToCart_Products

2024-09-16 19:04:11 - [TEST_STEP][PASSED] - verifyElementVisible(findTestObject("Global_Header/Label_Title")): Object 'Object Repository/Global_Header/Label_Title' is visible

2024-09-16 19:04:12 - [MESSAGE][PASSED] - Object 'Object Repository/Global_Header/Label_Title' is visible

2024-09-16 19:04:12 - [TEST_STEP][PASSED] - verifyElementVisible(findTestObject("Global_Header/Button_Cart")): Object 'Object Repository/Global_Header/Button_Cart' is visible

2024-09-16 19:04:12 - [MESSAGE][PASSED] - Object 'Object Repository/Global_Header/Button_Cart' is visible

2024-09-16 19:04:12 - [TEST_STEP][PASSED] - verifyElementClickable(findTestObject("Global_Header/Button_Cart")): Object 'Object Repository/Global_Header/Button_Cart' is clickable

2024-09-16 19:04:12 - [MESSAGE][PASSED] - Object 'Object Repository/Global_Header/Button_Cart' is clickable

2024-09-16 19:04:12 - [TEST_STEP][PASSED] - verifyElementVisible(findTestObject("Global_Header/Button_BurgerMenu")): Object 'Object Repository/Global_Header/Button_BurgerMenu' is visible

2024-09-16 19:04:13 - [MESSAGE][PASSED] - Object 'Object Repository/Global_Header/Button_BurgerMenu' is visible

2024-09-16 19:04:13 - [TEST_STEP][PASSED] - verifyElementClickable(findTestObject("Global_Header/Button_BurgerMenu")): Object 'Object Repository/Global_Header/Button_BurgerMenu' is clickable

2024-09-16 19:04:13 - [MESSAGE][PASSED] - Object 'Object Repository/Global_Header/Button_BurgerMenu' is clickable

2024-09-16 19:04:13 - [TEST_STEP][PASSED] - packaged.verifyproduct.verifyProductName(): packaged.verifyproduct.verifyProductName is PASSED

2024-09-16 19:04:15 - [MESSAGE][PASSED] - Text of object 'Object Repository/Product_Page/Label_ProductsName' is: 'Sauce Labs Backpack'

2024-09-16 19:04:15 - [MESSAGE][PASSED] - Text of object 'Object Repository/Product_Page/Label_ProductsName' is: 'Sauce Labs Bike Light'

2024-09-16 19:04:15 - [MESSAGE][PASSED] - Text of object 'Object Repository/Product_Page/Label_ProductsName' is: 'Sauce Labs Bolt T-Shirt'

2024-09-16 19:04:16 - [MESSAGE][PASSED] - Text of object 'Object Repository/Product_Page/Label_ProductsName' is: 'Sauce Labs Fleece Jacket'

2024-09-16 19:04:16 - [MESSAGE][PASSED] - Text of object 'Object Repository/Product_Page/Label_ProductsName' is: 'Sauce Labs Onesie'

2024-09-16 19:04:16 - [MESSAGE][PASSED] - Text of object 'Object Repository/Product_Page/Label_ProductsName' is: 'Test.allTheThings() T-Shirt (Red)'

2024-09-16 19:04:16 - [MESSAGE][PASSED] - packaged.verifyproduct.verifyProductName is PASSED

2024-09-16 19:04:16 - [TEST_STEP][PASSED] - takeScreenshot(): Taking screenshot successfully

2024-09-16 19:04:17 - [MESSAGE][PASSED] - Taking screenshot successfully
[[ATTACHMENT|C:\\Users\\rasyid\\Katalon Studio\\SauceDemo\\Reports\\20240916_190346\\YourInformation_Page\\YourInformation_Checkout\\20240916_190347\\1726488257038.png]]

2024-09-16 19:04:17 - [TEST_STEP][PASSED] - verifyElementVisible(findTestObject("Product_Page/Button_AddToCart_Sauce Labs Backpack")): Object 'Object Repository/Product_Page/Button_AddToCart_Sauce Labs Backpack' is visible

2024-09-16 19:04:17 - [MESSAGE][PASSED] - Object 'Object Repository/Product_Page/Button_AddToCart_Sauce Labs Backpack' is visible

2024-09-16 19:04:17 - [TEST_STEP][PASSED] - verifyElementClickable(findTestObject("Product_Page/Button_AddToCart_Sauce Labs Backpack")): Object 'Object Repository/Product_Page/Button_AddToCart_Sauce Labs Backpack' is clickable

2024-09-16 19:04:17 - [MESSAGE][PASSED] - Object 'Object Repository/Product_Page/Button_AddToCart_Sauce Labs Backpack' is clickable

2024-09-16 19:04:17 - [TEST_STEP][PASSED] - click(findTestObject("Product_Page/Button_AddToCart_Sauce Labs Backpack")): Object: 'Object Repository/Product_Page/Button_AddToCart_Sauce Labs Backpack' is clicked on

2024-09-16 19:04:18 - [MESSAGE][PASSED] - Object: 'Object Repository/Product_Page/Button_AddToCart_Sauce Labs Backpack' is clicked on

2024-09-16 19:04:18 - [TEST_STEP][PASSED] - verifyElementVisible(findTestObject("Product_Page/Button_Remove_Sauce Labs Backpack")): Object 'Object Repository/Product_Page/Button_Remove_Sauce Labs Backpack' is visible

2024-09-16 19:04:18 - [MESSAGE][PASSED] - Object 'Object Repository/Product_Page/Button_Remove_Sauce Labs Backpack' is visible

2024-09-16 19:04:18 - [TEST_STEP][PASSED] - verifyElementClickable(findTestObject("Product_Page/Button_Remove_Sauce Labs Backpack")): Object 'Object Repository/Product_Page/Button_Remove_Sauce Labs Backpack' is clickable

2024-09-16 19:04:18 - [MESSAGE][PASSED] - Object 'Object Repository/Product_Page/Button_Remove_Sauce Labs Backpack' is clickable

2024-09-16 19:04:18 - [TEST_STEP][PASSED] - takeScreenshot(): Taking screenshot successfully

2024-09-16 19:04:19 - [MESSAGE][PASSED] - Taking screenshot successfully
[[ATTACHMENT|C:\\Users\\rasyid\\Katalon Studio\\SauceDemo\\Reports\\20240916_190346\\YourInformation_Page\\YourInformation_Checkout\\20240916_190347\\1726488259194.png]]

2024-09-16 19:04:19 - [TEST_STEP][PASSED] - verifyElementVisible(findTestObject("Product_Page/Button_AddToCart_Sauce Labs Bike Light")): Object 'Object Repository/Product_Page/Button_AddToCart_Sauce Labs Bike Light' is visible

2024-09-16 19:04:19 - [MESSAGE][PASSED] - Object 'Object Repository/Product_Page/Button_AddToCart_Sauce Labs Bike Light' is visible

2024-09-16 19:04:19 - [TEST_STEP][PASSED] - verifyElementClickable(findTestObject("Product_Page/Button_AddToCart_Sauce Labs Bike Light")): Object 'Object Repository/Product_Page/Button_AddToCart_Sauce Labs Bike Light' is clickable

2024-09-16 19:04:19 - [MESSAGE][PASSED] - Object 'Object Repository/Product_Page/Button_AddToCart_Sauce Labs Bike Light' is clickable

2024-09-16 19:04:20 - [TEST_STEP][PASSED] - click(findTestObject("Product_Page/Button_AddToCart_Sauce Labs Bike Light")): Object: 'Object Repository/Product_Page/Button_AddToCart_Sauce Labs Bike Light' is clicked on

2024-09-16 19:04:20 - [MESSAGE][PASSED] - Object: 'Object Repository/Product_Page/Button_AddToCart_Sauce Labs Bike Light' is clicked on

2024-09-16 19:04:20 - [TEST_STEP][PASSED] - verifyElementVisible(findTestObject("Product_Page/Button_Remove_Sauce Labs Bike Light")): Object 'Object Repository/Product_Page/Button_Remove_Sauce Labs Bike Light' is visible

2024-09-16 19:04:20 - [MESSAGE][PASSED] - Object 'Object Repository/Product_Page/Button_Remove_Sauce Labs Bike Light' is visible

2024-09-16 19:04:20 - [TEST_STEP][PASSED] - verifyElementClickable(findTestObject("Product_Page/Button_Remove_Sauce Labs Bike Light")): Object 'Object Repository/Product_Page/Button_Remove_Sauce Labs Bike Light' is clickable

2024-09-16 19:04:21 - [MESSAGE][PASSED] - Object 'Object Repository/Product_Page/Button_Remove_Sauce Labs Bike Light' is clickable

2024-09-16 19:04:21 - [TEST_STEP][PASSED] - takeScreenshot(): Taking screenshot successfully

2024-09-16 19:04:21 - [MESSAGE][PASSED] - Taking screenshot successfully
[[ATTACHMENT|C:\\Users\\rasyid\\Katalon Studio\\SauceDemo\\Reports\\20240916_190346\\YourInformation_Page\\YourInformation_Checkout\\20240916_190347\\1726488261353.png]]

2024-09-16 19:04:21 - [TEST_STEP][PASSED] - verifyElementVisible(findTestObject("Product_Page/Button_AddToCart_Sauce Labs Bolt T-Shirt")): Object 'Object Repository/Product_Page/Button_AddToCart_Sauce Labs Bolt T-Shirt' is visible

2024-09-16 19:04:21 - [MESSAGE][PASSED] - Object 'Object Repository/Product_Page/Button_AddToCart_Sauce Labs Bolt T-Shirt' is visible

2024-09-16 19:04:21 - [TEST_STEP][PASSED] - verifyElementClickable(findTestObject("Product_Page/Button_AddToCart_Sauce Labs Bolt T-Shirt")): Object 'Object Repository/Product_Page/Button_AddToCart_Sauce Labs Bolt T-Shirt' is clickable

2024-09-16 19:04:22 - [MESSAGE][PASSED] - Object 'Object Repository/Product_Page/Button_AddToCart_Sauce Labs Bolt T-Shirt' is clickable

2024-09-16 19:04:22 - [TEST_STEP][PASSED] - click(findTestObject("Product_Page/Button_AddToCart_Sauce Labs Bolt T-Shirt")): Object: 'Object Repository/Product_Page/Button_AddToCart_Sauce Labs Bolt T-Shirt' is clicked on

2024-09-16 19:04:22 - [MESSAGE][PASSED] - Object: 'Object Repository/Product_Page/Button_AddToCart_Sauce Labs Bolt T-Shirt' is clicked on

2024-09-16 19:04:22 - [TEST_STEP][PASSED] - verifyElementVisible(findTestObject("Product_Page/Button_Remove_Sauce Labs Bolt T-Shirt")): Object 'Object Repository/Product_Page/Button_Remove_Sauce Labs Bolt T-Shirt' is visible

2024-09-16 19:04:22 - [MESSAGE][PASSED] - Object 'Object Repository/Product_Page/Button_Remove_Sauce Labs Bolt T-Shirt' is visible

2024-09-16 19:04:22 - [TEST_STEP][PASSED] - verifyElementClickable(findTestObject("Product_Page/Button_Remove_Sauce Labs Bolt T-Shirt")): Object 'Object Repository/Product_Page/Button_Remove_Sauce Labs Bolt T-Shirt' is clickable

2024-09-16 19:04:23 - [MESSAGE][PASSED] - Object 'Object Repository/Product_Page/Button_Remove_Sauce Labs Bolt T-Shirt' is clickable

2024-09-16 19:04:23 - [TEST_STEP][PASSED] - takeScreenshot(): Taking screenshot successfully

2024-09-16 19:04:23 - [MESSAGE][PASSED] - Taking screenshot successfully
[[ATTACHMENT|C:\\Users\\rasyid\\Katalon Studio\\SauceDemo\\Reports\\20240916_190346\\YourInformation_Page\\YourInformation_Checkout\\20240916_190347\\1726488263419.png]]

2024-09-16 19:04:25 - [TEST_STEP][PASSED] - Video: Video recording for test case 'Test Cases/Product_Page/Positive_Case/AddToCart_Products' .

2024-09-16 19:04:25 - [MESSAGE][INFO] - Video recording for test case 'Test Cases/Product_Page/Positive_Case/AddToCart_Products' .]]></system-out>
         <system-err><![CDATA[]]></system-err>
      </testcase>
      <testcase name="Test Cases/Cart_Page/Positive_Case/ProductCart" time="7.596" classname="Test Cases/Cart_Page/Positive_Case/ProductCart" status="PASSED">
         <system-out><![CDATA[2024-09-16 19:04:25 - [TEST_CASE][PASSED] - Test Cases/Cart_Page/Positive_Case/ProductCart: Test Cases/Cart_Page/Positive_Case/ProductCart

2024-09-16 19:04:25 - [TEST_STEP][PASSED] - verifyElementVisible(findTestObject("Global_Header/Label_Title")): Object 'Object Repository/Global_Header/Label_Title' is visible

2024-09-16 19:04:26 - [MESSAGE][PASSED] - Object 'Object Repository/Global_Header/Label_Title' is visible

2024-09-16 19:04:26 - [TEST_STEP][PASSED] - verifyElementVisible(findTestObject("Global_Header/Button_Cart")): Object 'Object Repository/Global_Header/Button_Cart' is visible

2024-09-16 19:04:26 - [MESSAGE][PASSED] - Object 'Object Repository/Global_Header/Button_Cart' is visible

2024-09-16 19:04:26 - [TEST_STEP][PASSED] - verifyElementClickable(findTestObject("Global_Header/Button_Cart")): Object 'Object Repository/Global_Header/Button_Cart' is clickable

2024-09-16 19:04:26 - [MESSAGE][PASSED] - Object 'Object Repository/Global_Header/Button_Cart' is clickable

2024-09-16 19:04:26 - [TEST_STEP][PASSED] - verifyElementVisible(findTestObject("Global_Header/Button_BurgerMenu")): Object 'Object Repository/Global_Header/Button_BurgerMenu' is visible

2024-09-16 19:04:27 - [MESSAGE][PASSED] - Object 'Object Repository/Global_Header/Button_BurgerMenu' is visible

2024-09-16 19:04:27 - [TEST_STEP][PASSED] - verifyElementClickable(findTestObject("Global_Header/Button_BurgerMenu")): Object 'Object Repository/Global_Header/Button_BurgerMenu' is clickable

2024-09-16 19:04:27 - [MESSAGE][PASSED] - Object 'Object Repository/Global_Header/Button_BurgerMenu' is clickable

2024-09-16 19:04:27 - [TEST_STEP][PASSED] - verifyElementVisible(findTestObject("Global_Header/Button_Cart")): Object 'Object Repository/Global_Header/Button_Cart' is visible

2024-09-16 19:04:27 - [MESSAGE][PASSED] - Object 'Object Repository/Global_Header/Button_Cart' is visible

2024-09-16 19:04:27 - [TEST_STEP][PASSED] - verifyElementClickable(findTestObject("Global_Header/Button_Cart")): Object 'Object Repository/Global_Header/Button_Cart' is clickable

2024-09-16 19:04:28 - [MESSAGE][PASSED] - Object 'Object Repository/Global_Header/Button_Cart' is clickable

2024-09-16 19:04:28 - [TEST_STEP][PASSED] - click(findTestObject("Global_Header/Button_Cart")): Object: 'Object Repository/Global_Header/Button_Cart' is clicked on

2024-09-16 19:04:28 - [MESSAGE][PASSED] - Object: 'Object Repository/Global_Header/Button_Cart' is clicked on

2024-09-16 19:04:28 - [TEST_STEP][PASSED] - takeScreenshot(): Taking screenshot successfully

2024-09-16 19:04:28 - [MESSAGE][PASSED] - Taking screenshot successfully
[[ATTACHMENT|C:\\Users\\rasyid\\Katalon Studio\\SauceDemo\\Reports\\20240916_190346\\YourInformation_Page\\YourInformation_Checkout\\20240916_190347\\1726488268825.png]]

2024-09-16 19:04:28 - [TEST_STEP][PASSED] - packaged.verifyproduct.verifyProductCountCart(): packaged.verifyproduct.verifyProductCountCart is PASSED

2024-09-16 19:04:29 - [MESSAGE][PASSED] - Text of object 'Object Repository/Global_Header/Label_ProductCountCART' is: '3'

2024-09-16 19:04:29 - [MESSAGE][PASSED] - Text of object 'Object Repository/Cart_Page/Label_ProductInCart' is: 'Sauce Labs Backpack'

2024-09-16 19:04:29 - [MESSAGE][PASSED] - Text of object 'Object Repository/Cart_Page/Label_ProductInCart' is: 'Sauce Labs Bike Light'

2024-09-16 19:04:30 - [MESSAGE][PASSED] - Text of object 'Object Repository/Cart_Page/Label_ProductInCart' is: 'Sauce Labs Bolt T-Shirt'

2024-09-16 19:04:30 - [MESSAGE][PASSED] - packaged.verifyproduct.verifyProductCountCart is PASSED

2024-09-16 19:04:30 - [TEST_STEP][PASSED] - verifyElementVisible(findTestObject("Cart_Page/Button_Checkout")): Object 'Object Repository/Cart_Page/Button_Checkout' is visible

2024-09-16 19:04:30 - [MESSAGE][PASSED] - Object 'Object Repository/Cart_Page/Button_Checkout' is visible

2024-09-16 19:04:30 - [TEST_STEP][PASSED] - verifyElementClickable(findTestObject("Cart_Page/Button_Checkout")): Object 'Object Repository/Cart_Page/Button_Checkout' is clickable

2024-09-16 19:04:30 - [MESSAGE][PASSED] - Object 'Object Repository/Cart_Page/Button_Checkout' is clickable

2024-09-16 19:04:30 - [TEST_STEP][PASSED] - click(findTestObject("Cart_Page/Button_Checkout")): Object: 'Object Repository/Cart_Page/Button_Checkout' is clicked on

2024-09-16 19:04:31 - [MESSAGE][PASSED] - Object: 'Object Repository/Cart_Page/Button_Checkout' is clicked on

2024-09-16 19:04:33 - [TEST_STEP][PASSED] - Video: Video recording for test case 'Test Cases/Cart_Page/Positive_Case/ProductCart' .

2024-09-16 19:04:33 - [MESSAGE][INFO] - Video recording for test case 'Test Cases/Cart_Page/Positive_Case/ProductCart' .]]></system-out>
         <system-err><![CDATA[]]></system-err>
      </testcase>
      <testcase name="Test Cases/YourInformation_Page/Negative_Case/InputData_YourInformation_Back" time="11.812" classname="Test Cases/YourInformation_Page/Negative_Case/InputData_YourInformation_Back" status="PASSED">
         <system-out><![CDATA[2024-09-16 19:04:33 - [TEST_CASE][PASSED] - Test Cases/YourInformation_Page/Negative_Case/InputData_YourInformation_Back: Test Cases/YourInformation_Page/Negative_Case/InputData_YourInformation_Back

2024-09-16 19:04:33 - [TEST_STEP][PASSED] - verifyElementVisible(findTestObject("Global_Header/Label_Title")): Object 'Object Repository/Global_Header/Label_Title' is visible

2024-09-16 19:04:33 - [MESSAGE][PASSED] - Object 'Object Repository/Global_Header/Label_Title' is visible

2024-09-16 19:04:33 - [TEST_STEP][PASSED] - verifyElementVisible(findTestObject("Global_Header/Button_Cart")): Object 'Object Repository/Global_Header/Button_Cart' is visible

2024-09-16 19:04:34 - [MESSAGE][PASSED] - Object 'Object Repository/Global_Header/Button_Cart' is visible

2024-09-16 19:04:34 - [TEST_STEP][PASSED] - verifyElementClickable(findTestObject("Global_Header/Button_Cart")): Object 'Object Repository/Global_Header/Button_Cart' is clickable

2024-09-16 19:04:34 - [MESSAGE][PASSED] - Object 'Object Repository/Global_Header/Button_Cart' is clickable

2024-09-16 19:04:34 - [TEST_STEP][PASSED] - verifyElementVisible(findTestObject("Global_Header/Button_BurgerMenu")): Object 'Object Repository/Global_Header/Button_BurgerMenu' is visible

2024-09-16 19:04:34 - [MESSAGE][PASSED] - Object 'Object Repository/Global_Header/Button_BurgerMenu' is visible

2024-09-16 19:04:34 - [TEST_STEP][PASSED] - verifyElementClickable(findTestObject("Global_Header/Button_BurgerMenu")): Object 'Object Repository/Global_Header/Button_BurgerMenu' is clickable

2024-09-16 19:04:34 - [MESSAGE][PASSED] - Object 'Object Repository/Global_Header/Button_BurgerMenu' is clickable

2024-09-16 19:04:34 - [TEST_STEP][PASSED] - verifyElementVisible(findTestObject("YourInformation_Page/Label_Checkout Your Information")): Object 'Object Repository/YourInformation_Page/Label_Checkout Your Information' is visible

2024-09-16 19:04:36 - [MESSAGE][PASSED] - Object 'Object Repository/YourInformation_Page/Label_Checkout Your Information' is visible

2024-09-16 19:04:36 - [TEST_STEP][PASSED] - verifyElementVisible(findTestObject("YourInformation_Page/TextArea_FirstName")): Object 'Object Repository/YourInformation_Page/TextArea_FirstName' is visible

2024-09-16 19:04:36 - [MESSAGE][PASSED] - Object 'Object Repository/YourInformation_Page/TextArea_FirstName' is visible

2024-09-16 19:04:36 - [TEST_STEP][PASSED] - setText(findTestObject("YourInformation_Page/TextArea_FirstName"), firstName): Text 'Muhammad' is set on object 'Object Repository/YourInformation_Page/TextArea_FirstName'

2024-09-16 19:04:37 - [MESSAGE][PASSED] - Text 'Muhammad' is set on object 'Object Repository/YourInformation_Page/TextArea_FirstName'

2024-09-16 19:04:37 - [TEST_STEP][PASSED] - namapertama = getAttribute(findTestObject("YourInformation_Page/TextArea_FirstName"), "value"): Attribute 'value' of object 'Object Repository/YourInformation_Page/TextArea_FirstName' is: 'Muhammad'

2024-09-16 19:04:38 - [MESSAGE][PASSED] - Attribute 'value' of object 'Object Repository/YourInformation_Page/TextArea_FirstName' is: 'Muhammad'

2024-09-16 19:04:38 - [TEST_STEP][PASSED] - println(namapertama): null

2024-09-16 19:04:38 - [TEST_STEP][PASSED] - takeScreenshot(): Taking screenshot successfully

2024-09-16 19:04:38 - [MESSAGE][PASSED] - Taking screenshot successfully
[[ATTACHMENT|C:\\Users\\rasyid\\Katalon Studio\\SauceDemo\\Reports\\20240916_190346\\YourInformation_Page\\YourInformation_Checkout\\20240916_190347\\1726488278310.png]]

2024-09-16 19:04:38 - [TEST_STEP][PASSED] - verifyElementVisible(findTestObject("YourInformation_Page/TextArea_LastName")): Object 'Object Repository/YourInformation_Page/TextArea_LastName' is visible

2024-09-16 19:04:38 - [MESSAGE][PASSED] - Object 'Object Repository/YourInformation_Page/TextArea_LastName' is visible

2024-09-16 19:04:38 - [TEST_STEP][PASSED] - setText(findTestObject("YourInformation_Page/TextArea_LastName"), lastName): Text 'Rasyid' is set on object 'Object Repository/YourInformation_Page/TextArea_LastName'

2024-09-16 19:04:39 - [MESSAGE][PASSED] - Text 'Rasyid' is set on object 'Object Repository/YourInformation_Page/TextArea_LastName'

2024-09-16 19:04:39 - [TEST_STEP][PASSED] - namaterakhir = getAttribute(findTestObject("YourInformation_Page/TextArea_LastName"), "value"): Attribute 'value' of object 'Object Repository/YourInformation_Page/TextArea_LastName' is: 'Rasyid'

2024-09-16 19:04:39 - [MESSAGE][PASSED] - Attribute 'value' of object 'Object Repository/YourInformation_Page/TextArea_LastName' is: 'Rasyid'

2024-09-16 19:04:39 - [TEST_STEP][PASSED] - println(namaterakhir): null

2024-09-16 19:04:39 - [TEST_STEP][PASSED] - takeScreenshot(): Taking screenshot successfully

2024-09-16 19:04:40 - [MESSAGE][PASSED] - Taking screenshot successfully
[[ATTACHMENT|C:\\Users\\rasyid\\Katalon Studio\\SauceDemo\\Reports\\20240916_190346\\YourInformation_Page\\YourInformation_Checkout\\20240916_190347\\1726488280126.png]]

2024-09-16 19:04:40 - [TEST_STEP][PASSED] - verifyElementVisible(findTestObject("YourInformation_Page/TextArea_PostalCode")): Object 'Object Repository/YourInformation_Page/TextArea_PostalCode' is visible

2024-09-16 19:04:40 - [MESSAGE][PASSED] - Object 'Object Repository/YourInformation_Page/TextArea_PostalCode' is visible

2024-09-16 19:04:40 - [TEST_STEP][PASSED] - setText(findTestObject("YourInformation_Page/TextArea_PostalCode"), postalCode): Text '12760' is set on object 'Object Repository/YourInformation_Page/TextArea_PostalCode'

2024-09-16 19:04:41 - [MESSAGE][PASSED] - Text '12760' is set on object 'Object Repository/YourInformation_Page/TextArea_PostalCode'

2024-09-16 19:04:41 - [TEST_STEP][PASSED] - postalcode = getAttribute(findTestObject("YourInformation_Page/TextArea_PostalCode"), "value"): Attribute 'value' of object 'Object Repository/YourInformation_Page/TextArea_PostalCode' is: '12760'

2024-09-16 19:04:41 - [MESSAGE][PASSED] - Attribute 'value' of object 'Object Repository/YourInformation_Page/TextArea_PostalCode' is: '12760'

2024-09-16 19:04:41 - [TEST_STEP][PASSED] - println(postalcode): null

2024-09-16 19:04:41 - [TEST_STEP][PASSED] - takeScreenshot(): Taking screenshot successfully

2024-09-16 19:04:41 - [MESSAGE][PASSED] - Taking screenshot successfully
[[ATTACHMENT|C:\\Users\\rasyid\\Katalon Studio\\SauceDemo\\Reports\\20240916_190346\\YourInformation_Page\\YourInformation_Checkout\\20240916_190347\\1726488281852.png]]

2024-09-16 19:04:41 - [TEST_STEP][PASSED] - verifyElementVisible(findTestObject("YourInformation_Page/Button_Continue")): Object 'Object Repository/YourInformation_Page/Button_Continue' is visible

2024-09-16 19:04:42 - [MESSAGE][PASSED] - Object 'Object Repository/YourInformation_Page/Button_Continue' is visible

2024-09-16 19:04:42 - [TEST_STEP][PASSED] - verifyElementClickable(findTestObject("YourInformation_Page/Button_Continue")): Object 'Object Repository/YourInformation_Page/Button_Continue' is clickable

2024-09-16 19:04:42 - [MESSAGE][PASSED] - Object 'Object Repository/YourInformation_Page/Button_Continue' is clickable

2024-09-16 19:04:42 - [TEST_STEP][PASSED] - click(findTestObject("YourInformation_Page/Button_Continue")): Object: 'Object Repository/YourInformation_Page/Button_Continue' is clicked on

2024-09-16 19:04:42 - [MESSAGE][PASSED] - Object: 'Object Repository/YourInformation_Page/Button_Continue' is clicked on

2024-09-16 19:04:42 - [TEST_STEP][PASSED] - back(): Navigate back successfully

2024-09-16 19:04:42 - [MESSAGE][PASSED] - Navigate back successfully

2024-09-16 19:04:44 - [TEST_STEP][PASSED] - Video: Video recording for test case 'Test Cases/YourInformation_Page/Negative_Case/InputData_YourInformation_Back' .

2024-09-16 19:04:44 - [MESSAGE][INFO] - Video recording for test case 'Test Cases/YourInformation_Page/Negative_Case/InputData_YourInformation_Back' .]]></system-out>
         <system-err><![CDATA[]]></system-err>
      </testcase>
      <testcase name="Test Cases/YourInformation_Page/Negative_Case/InputData_YourInformation_Back" time="10.344" classname="Test Cases/YourInformation_Page/Negative_Case/InputData_YourInformation_Back" status="PASSED">
         <system-out><![CDATA[2024-09-16 19:04:45 - [TEST_CASE][PASSED] - Test Cases/YourInformation_Page/Negative_Case/InputData_YourInformation_Back: Test Cases/YourInformation_Page/Negative_Case/InputData_YourInformation_Back

2024-09-16 19:04:45 - [TEST_STEP][PASSED] - verifyElementVisible(findTestObject("Global_Header/Label_Title")): Object 'Object Repository/Global_Header/Label_Title' is visible

2024-09-16 19:04:45 - [MESSAGE][PASSED] - Object 'Object Repository/Global_Header/Label_Title' is visible

2024-09-16 19:04:45 - [TEST_STEP][PASSED] - verifyElementVisible(findTestObject("Global_Header/Button_Cart")): Object 'Object Repository/Global_Header/Button_Cart' is visible

2024-09-16 19:04:45 - [MESSAGE][PASSED] - Object 'Object Repository/Global_Header/Button_Cart' is visible

2024-09-16 19:04:45 - [TEST_STEP][PASSED] - verifyElementClickable(findTestObject("Global_Header/Button_Cart")): Object 'Object Repository/Global_Header/Button_Cart' is clickable

2024-09-16 19:04:45 - [MESSAGE][PASSED] - Object 'Object Repository/Global_Header/Button_Cart' is clickable

2024-09-16 19:04:45 - [TEST_STEP][PASSED] - verifyElementVisible(findTestObject("Global_Header/Button_BurgerMenu")): Object 'Object Repository/Global_Header/Button_BurgerMenu' is visible

2024-09-16 19:04:46 - [MESSAGE][PASSED] - Object 'Object Repository/Global_Header/Button_BurgerMenu' is visible

2024-09-16 19:04:46 - [TEST_STEP][PASSED] - verifyElementClickable(findTestObject("Global_Header/Button_BurgerMenu")): Object 'Object Repository/Global_Header/Button_BurgerMenu' is clickable

2024-09-16 19:04:46 - [MESSAGE][PASSED] - Object 'Object Repository/Global_Header/Button_BurgerMenu' is clickable

2024-09-16 19:04:46 - [TEST_STEP][PASSED] - verifyElementVisible(findTestObject("YourInformation_Page/Label_Checkout Your Information")): Object 'Object Repository/YourInformation_Page/Label_Checkout Your Information' is visible

2024-09-16 19:04:46 - [MESSAGE][PASSED] - Object 'Object Repository/YourInformation_Page/Label_Checkout Your Information' is visible

2024-09-16 19:04:46 - [TEST_STEP][PASSED] - verifyElementVisible(findTestObject("YourInformation_Page/TextArea_FirstName")): Object 'Object Repository/YourInformation_Page/TextArea_FirstName' is visible

2024-09-16 19:04:47 - [MESSAGE][PASSED] - Object 'Object Repository/YourInformation_Page/TextArea_FirstName' is visible

2024-09-16 19:04:47 - [TEST_STEP][PASSED] - setText(findTestObject("YourInformation_Page/TextArea_FirstName"), firstName): Text 'Muhammad' is set on object 'Object Repository/YourInformation_Page/TextArea_FirstName'

2024-09-16 19:04:47 - [MESSAGE][PASSED] - Text 'Muhammad' is set on object 'Object Repository/YourInformation_Page/TextArea_FirstName'

2024-09-16 19:04:47 - [TEST_STEP][PASSED] - namapertama = getAttribute(findTestObject("YourInformation_Page/TextArea_FirstName"), "value"): Attribute 'value' of object 'Object Repository/YourInformation_Page/TextArea_FirstName' is: 'Muhammad'

2024-09-16 19:04:48 - [MESSAGE][PASSED] - Attribute 'value' of object 'Object Repository/YourInformation_Page/TextArea_FirstName' is: 'Muhammad'

2024-09-16 19:04:48 - [TEST_STEP][PASSED] - println(namapertama): null

2024-09-16 19:04:48 - [TEST_STEP][PASSED] - takeScreenshot(): Taking screenshot successfully

2024-09-16 19:04:48 - [MESSAGE][PASSED] - Taking screenshot successfully
[[ATTACHMENT|C:\\Users\\rasyid\\Katalon Studio\\SauceDemo\\Reports\\20240916_190346\\YourInformation_Page\\YourInformation_Checkout\\20240916_190347\\1726488288687.png]]

2024-09-16 19:04:48 - [TEST_STEP][PASSED] - verifyElementVisible(findTestObject("YourInformation_Page/TextArea_LastName")): Object 'Object Repository/YourInformation_Page/TextArea_LastName' is visible

2024-09-16 19:04:49 - [MESSAGE][PASSED] - Object 'Object Repository/YourInformation_Page/TextArea_LastName' is visible

2024-09-16 19:04:49 - [TEST_STEP][PASSED] - setText(findTestObject("YourInformation_Page/TextArea_LastName"), lastName): Text 'Risyad' is set on object 'Object Repository/YourInformation_Page/TextArea_LastName'

2024-09-16 19:04:49 - [MESSAGE][PASSED] - Text 'Risyad' is set on object 'Object Repository/YourInformation_Page/TextArea_LastName'

2024-09-16 19:04:49 - [TEST_STEP][PASSED] - namaterakhir = getAttribute(findTestObject("YourInformation_Page/TextArea_LastName"), "value"): Attribute 'value' of object 'Object Repository/YourInformation_Page/TextArea_LastName' is: 'Risyad'

2024-09-16 19:04:50 - [MESSAGE][PASSED] - Attribute 'value' of object 'Object Repository/YourInformation_Page/TextArea_LastName' is: 'Risyad'

2024-09-16 19:04:50 - [TEST_STEP][PASSED] - println(namaterakhir): null

2024-09-16 19:04:50 - [TEST_STEP][PASSED] - takeScreenshot(): Taking screenshot successfully

2024-09-16 19:04:50 - [MESSAGE][PASSED] - Taking screenshot successfully
[[ATTACHMENT|C:\\Users\\rasyid\\Katalon Studio\\SauceDemo\\Reports\\20240916_190346\\YourInformation_Page\\YourInformation_Checkout\\20240916_190347\\1726488290488.png]]

2024-09-16 19:04:50 - [TEST_STEP][PASSED] - verifyElementVisible(findTestObject("YourInformation_Page/TextArea_PostalCode")): Object 'Object Repository/YourInformation_Page/TextArea_PostalCode' is visible

2024-09-16 19:04:50 - [MESSAGE][PASSED] - Object 'Object Repository/YourInformation_Page/TextArea_PostalCode' is visible

2024-09-16 19:04:50 - [TEST_STEP][PASSED] - setText(findTestObject("YourInformation_Page/TextArea_PostalCode"), postalCode): Text '12790' is set on object 'Object Repository/YourInformation_Page/TextArea_PostalCode'

2024-09-16 19:04:51 - [MESSAGE][PASSED] - Text '12790' is set on object 'Object Repository/YourInformation_Page/TextArea_PostalCode'

2024-09-16 19:04:51 - [TEST_STEP][PASSED] - postalcode = getAttribute(findTestObject("YourInformation_Page/TextArea_PostalCode"), "value"): Attribute 'value' of object 'Object Repository/YourInformation_Page/TextArea_PostalCode' is: '12790'

2024-09-16 19:04:52 - [MESSAGE][PASSED] - Attribute 'value' of object 'Object Repository/YourInformation_Page/TextArea_PostalCode' is: '12790'

2024-09-16 19:04:52 - [TEST_STEP][PASSED] - println(postalcode): null

2024-09-16 19:04:52 - [TEST_STEP][PASSED] - takeScreenshot(): Taking screenshot successfully

2024-09-16 19:04:52 - [MESSAGE][PASSED] - Taking screenshot successfully
[[ATTACHMENT|C:\\Users\\rasyid\\Katalon Studio\\SauceDemo\\Reports\\20240916_190346\\YourInformation_Page\\YourInformation_Checkout\\20240916_190347\\1726488292299.png]]

2024-09-16 19:04:52 - [TEST_STEP][PASSED] - verifyElementVisible(findTestObject("YourInformation_Page/Button_Continue")): Object 'Object Repository/YourInformation_Page/Button_Continue' is visible

2024-09-16 19:04:52 - [MESSAGE][PASSED] - Object 'Object Repository/YourInformation_Page/Button_Continue' is visible

2024-09-16 19:04:52 - [TEST_STEP][PASSED] - verifyElementClickable(findTestObject("YourInformation_Page/Button_Continue")): Object 'Object Repository/YourInformation_Page/Button_Continue' is clickable

2024-09-16 19:04:52 - [MESSAGE][PASSED] - Object 'Object Repository/YourInformation_Page/Button_Continue' is clickable

2024-09-16 19:04:52 - [TEST_STEP][PASSED] - click(findTestObject("YourInformation_Page/Button_Continue")): Object: 'Object Repository/YourInformation_Page/Button_Continue' is clicked on

2024-09-16 19:04:53 - [MESSAGE][PASSED] - Object: 'Object Repository/YourInformation_Page/Button_Continue' is clicked on

2024-09-16 19:04:53 - [TEST_STEP][PASSED] - back(): Navigate back successfully

2024-09-16 19:04:53 - [MESSAGE][PASSED] - Navigate back successfully

2024-09-16 19:04:55 - [TEST_STEP][PASSED] - Video: Video recording for test case 'Test Cases/YourInformation_Page/Negative_Case/InputData_YourInformation_Back' .

2024-09-16 19:04:55 - [MESSAGE][INFO] - Video recording for test case 'Test Cases/YourInformation_Page/Negative_Case/InputData_YourInformation_Back' .]]></system-out>
         <system-err><![CDATA[]]></system-err>
      </testcase>
      <testcase name="Test Cases/YourInformation_Page/Negative_Case/InputData_YourInformation_Back" time="10.286" classname="Test Cases/YourInformation_Page/Negative_Case/InputData_YourInformation_Back" status="PASSED">
         <system-out><![CDATA[2024-09-16 19:04:55 - [TEST_CASE][PASSED] - Test Cases/YourInformation_Page/Negative_Case/InputData_YourInformation_Back: Test Cases/YourInformation_Page/Negative_Case/InputData_YourInformation_Back

2024-09-16 19:04:55 - [TEST_STEP][PASSED] - verifyElementVisible(findTestObject("Global_Header/Label_Title")): Object 'Object Repository/Global_Header/Label_Title' is visible

2024-09-16 19:04:55 - [MESSAGE][PASSED] - Object 'Object Repository/Global_Header/Label_Title' is visible

2024-09-16 19:04:55 - [TEST_STEP][PASSED] - verifyElementVisible(findTestObject("Global_Header/Button_Cart")): Object 'Object Repository/Global_Header/Button_Cart' is visible

2024-09-16 19:04:56 - [MESSAGE][PASSED] - Object 'Object Repository/Global_Header/Button_Cart' is visible

2024-09-16 19:04:56 - [TEST_STEP][PASSED] - verifyElementClickable(findTestObject("Global_Header/Button_Cart")): Object 'Object Repository/Global_Header/Button_Cart' is clickable

2024-09-16 19:04:56 - [MESSAGE][PASSED] - Object 'Object Repository/Global_Header/Button_Cart' is clickable

2024-09-16 19:04:56 - [TEST_STEP][PASSED] - verifyElementVisible(findTestObject("Global_Header/Button_BurgerMenu")): Object 'Object Repository/Global_Header/Button_BurgerMenu' is visible

2024-09-16 19:04:56 - [MESSAGE][PASSED] - Object 'Object Repository/Global_Header/Button_BurgerMenu' is visible

2024-09-16 19:04:56 - [TEST_STEP][PASSED] - verifyElementClickable(findTestObject("Global_Header/Button_BurgerMenu")): Object 'Object Repository/Global_Header/Button_BurgerMenu' is clickable

2024-09-16 19:04:56 - [MESSAGE][PASSED] - Object 'Object Repository/Global_Header/Button_BurgerMenu' is clickable

2024-09-16 19:04:56 - [TEST_STEP][PASSED] - verifyElementVisible(findTestObject("YourInformation_Page/Label_Checkout Your Information")): Object 'Object Repository/YourInformation_Page/Label_Checkout Your Information' is visible

2024-09-16 19:04:57 - [MESSAGE][PASSED] - Object 'Object Repository/YourInformation_Page/Label_Checkout Your Information' is visible

2024-09-16 19:04:57 - [TEST_STEP][PASSED] - verifyElementVisible(findTestObject("YourInformation_Page/TextArea_FirstName")): Object 'Object Repository/YourInformation_Page/TextArea_FirstName' is visible

2024-09-16 19:04:57 - [MESSAGE][PASSED] - Object 'Object Repository/YourInformation_Page/TextArea_FirstName' is visible

2024-09-16 19:04:57 - [TEST_STEP][PASSED] - setText(findTestObject("YourInformation_Page/TextArea_FirstName"), firstName): Text 'Herry' is set on object 'Object Repository/YourInformation_Page/TextArea_FirstName'

2024-09-16 19:04:58 - [MESSAGE][PASSED] - Text 'Herry' is set on object 'Object Repository/YourInformation_Page/TextArea_FirstName'

2024-09-16 19:04:58 - [TEST_STEP][PASSED] - namapertama = getAttribute(findTestObject("YourInformation_Page/TextArea_FirstName"), "value"): Attribute 'value' of object 'Object Repository/YourInformation_Page/TextArea_FirstName' is: 'Herry'

2024-09-16 19:04:58 - [MESSAGE][PASSED] - Attribute 'value' of object 'Object Repository/YourInformation_Page/TextArea_FirstName' is: 'Herry'

2024-09-16 19:04:58 - [TEST_STEP][PASSED] - println(namapertama): null

2024-09-16 19:04:58 - [TEST_STEP][PASSED] - takeScreenshot(): Taking screenshot successfully

2024-09-16 19:04:59 - [MESSAGE][PASSED] - Taking screenshot successfully
[[ATTACHMENT|C:\\Users\\rasyid\\Katalon Studio\\SauceDemo\\Reports\\20240916_190346\\YourInformation_Page\\YourInformation_Checkout\\20240916_190347\\1726488298999.png]]

2024-09-16 19:04:59 - [TEST_STEP][PASSED] - verifyElementVisible(findTestObject("YourInformation_Page/TextArea_LastName")): Object 'Object Repository/YourInformation_Page/TextArea_LastName' is visible

2024-09-16 19:04:59 - [MESSAGE][PASSED] - Object 'Object Repository/YourInformation_Page/TextArea_LastName' is visible

2024-09-16 19:04:59 - [TEST_STEP][PASSED] - setText(findTestObject("YourInformation_Page/TextArea_LastName"), lastName): Text 'Wijaya' is set on object 'Object Repository/YourInformation_Page/TextArea_LastName'

2024-09-16 19:05:00 - [MESSAGE][PASSED] - Text 'Wijaya' is set on object 'Object Repository/YourInformation_Page/TextArea_LastName'

2024-09-16 19:05:00 - [TEST_STEP][PASSED] - namaterakhir = getAttribute(findTestObject("YourInformation_Page/TextArea_LastName"), "value"): Attribute 'value' of object 'Object Repository/YourInformation_Page/TextArea_LastName' is: 'Wijaya'

2024-09-16 19:05:00 - [MESSAGE][PASSED] - Attribute 'value' of object 'Object Repository/YourInformation_Page/TextArea_LastName' is: 'Wijaya'

2024-09-16 19:05:00 - [TEST_STEP][PASSED] - println(namaterakhir): null

2024-09-16 19:05:00 - [TEST_STEP][PASSED] - takeScreenshot(): Taking screenshot successfully

2024-09-16 19:05:00 - [MESSAGE][PASSED] - Taking screenshot successfully
[[ATTACHMENT|C:\\Users\\rasyid\\Katalon Studio\\SauceDemo\\Reports\\20240916_190346\\YourInformation_Page\\YourInformation_Checkout\\20240916_190347\\1726488300825.png]]

2024-09-16 19:05:00 - [TEST_STEP][PASSED] - verifyElementVisible(findTestObject("YourInformation_Page/TextArea_PostalCode")): Object 'Object Repository/YourInformation_Page/TextArea_PostalCode' is visible

2024-09-16 19:05:01 - [MESSAGE][PASSED] - Object 'Object Repository/YourInformation_Page/TextArea_PostalCode' is visible

2024-09-16 19:05:01 - [TEST_STEP][PASSED] - setText(findTestObject("YourInformation_Page/TextArea_PostalCode"), postalCode): Text '12300' is set on object 'Object Repository/YourInformation_Page/TextArea_PostalCode'

2024-09-16 19:05:01 - [MESSAGE][PASSED] - Text '12300' is set on object 'Object Repository/YourInformation_Page/TextArea_PostalCode'

2024-09-16 19:05:01 - [TEST_STEP][PASSED] - postalcode = getAttribute(findTestObject("YourInformation_Page/TextArea_PostalCode"), "value"): Attribute 'value' of object 'Object Repository/YourInformation_Page/TextArea_PostalCode' is: '12300'

2024-09-16 19:05:02 - [MESSAGE][PASSED] - Attribute 'value' of object 'Object Repository/YourInformation_Page/TextArea_PostalCode' is: '12300'

2024-09-16 19:05:02 - [TEST_STEP][PASSED] - println(postalcode): null

2024-09-16 19:05:02 - [TEST_STEP][PASSED] - takeScreenshot(): Taking screenshot successfully

2024-09-16 19:05:02 - [MESSAGE][PASSED] - Taking screenshot successfully
[[ATTACHMENT|C:\\Users\\rasyid\\Katalon Studio\\SauceDemo\\Reports\\20240916_190346\\YourInformation_Page\\YourInformation_Checkout\\20240916_190347\\1726488302549.png]]

2024-09-16 19:05:02 - [TEST_STEP][PASSED] - verifyElementVisible(findTestObject("YourInformation_Page/Button_Continue")): Object 'Object Repository/YourInformation_Page/Button_Continue' is visible

2024-09-16 19:05:02 - [MESSAGE][PASSED] - Object 'Object Repository/YourInformation_Page/Button_Continue' is visible

2024-09-16 19:05:02 - [TEST_STEP][PASSED] - verifyElementClickable(findTestObject("YourInformation_Page/Button_Continue")): Object 'Object Repository/YourInformation_Page/Button_Continue' is clickable

2024-09-16 19:05:03 - [MESSAGE][PASSED] - Object 'Object Repository/YourInformation_Page/Button_Continue' is clickable

2024-09-16 19:05:03 - [TEST_STEP][PASSED] - click(findTestObject("YourInformation_Page/Button_Continue")): Object: 'Object Repository/YourInformation_Page/Button_Continue' is clicked on

2024-09-16 19:05:03 - [MESSAGE][PASSED] - Object: 'Object Repository/YourInformation_Page/Button_Continue' is clicked on

2024-09-16 19:05:03 - [TEST_STEP][PASSED] - back(): Navigate back successfully

2024-09-16 19:05:03 - [MESSAGE][PASSED] - Navigate back successfully

2024-09-16 19:05:05 - [TEST_STEP][PASSED] - Video: Video recording for test case 'Test Cases/YourInformation_Page/Negative_Case/InputData_YourInformation_Back' .

2024-09-16 19:05:05 - [MESSAGE][INFO] - Video recording for test case 'Test Cases/YourInformation_Page/Negative_Case/InputData_YourInformation_Back' .]]></system-out>
         <system-err><![CDATA[]]></system-err>
      </testcase>
      <testcase name="Test Cases/YourInformation_Page/Negative_Case/InputData_YourInformation_Back" time="10.357" classname="Test Cases/YourInformation_Page/Negative_Case/InputData_YourInformation_Back" status="PASSED">
         <system-out><![CDATA[2024-09-16 19:05:05 - [TEST_CASE][PASSED] - Test Cases/YourInformation_Page/Negative_Case/InputData_YourInformation_Back: Test Cases/YourInformation_Page/Negative_Case/InputData_YourInformation_Back

2024-09-16 19:05:05 - [TEST_STEP][PASSED] - verifyElementVisible(findTestObject("Global_Header/Label_Title")): Object 'Object Repository/Global_Header/Label_Title' is visible

2024-09-16 19:05:06 - [MESSAGE][PASSED] - Object 'Object Repository/Global_Header/Label_Title' is visible

2024-09-16 19:05:06 - [TEST_STEP][PASSED] - verifyElementVisible(findTestObject("Global_Header/Button_Cart")): Object 'Object Repository/Global_Header/Button_Cart' is visible

2024-09-16 19:05:06 - [MESSAGE][PASSED] - Object 'Object Repository/Global_Header/Button_Cart' is visible

2024-09-16 19:05:06 - [TEST_STEP][PASSED] - verifyElementClickable(findTestObject("Global_Header/Button_Cart")): Object 'Object Repository/Global_Header/Button_Cart' is clickable

2024-09-16 19:05:06 - [MESSAGE][PASSED] - Object 'Object Repository/Global_Header/Button_Cart' is clickable

2024-09-16 19:05:06 - [TEST_STEP][PASSED] - verifyElementVisible(findTestObject("Global_Header/Button_BurgerMenu")): Object 'Object Repository/Global_Header/Button_BurgerMenu' is visible

2024-09-16 19:05:06 - [MESSAGE][PASSED] - Object 'Object Repository/Global_Header/Button_BurgerMenu' is visible

2024-09-16 19:05:06 - [TEST_STEP][PASSED] - verifyElementClickable(findTestObject("Global_Header/Button_BurgerMenu")): Object 'Object Repository/Global_Header/Button_BurgerMenu' is clickable

2024-09-16 19:05:07 - [MESSAGE][PASSED] - Object 'Object Repository/Global_Header/Button_BurgerMenu' is clickable

2024-09-16 19:05:07 - [TEST_STEP][PASSED] - verifyElementVisible(findTestObject("YourInformation_Page/Label_Checkout Your Information")): Object 'Object Repository/YourInformation_Page/Label_Checkout Your Information' is visible

2024-09-16 19:05:07 - [MESSAGE][PASSED] - Object 'Object Repository/YourInformation_Page/Label_Checkout Your Information' is visible

2024-09-16 19:05:07 - [TEST_STEP][PASSED] - verifyElementVisible(findTestObject("YourInformation_Page/TextArea_FirstName")): Object 'Object Repository/YourInformation_Page/TextArea_FirstName' is visible

2024-09-16 19:05:07 - [MESSAGE][PASSED] - Object 'Object Repository/YourInformation_Page/TextArea_FirstName' is visible

2024-09-16 19:05:07 - [TEST_STEP][PASSED] - setText(findTestObject("YourInformation_Page/TextArea_FirstName"), firstName): Text 'Fachrie' is set on object 'Object Repository/YourInformation_Page/TextArea_FirstName'

2024-09-16 19:05:08 - [MESSAGE][PASSED] - Text 'Fachrie' is set on object 'Object Repository/YourInformation_Page/TextArea_FirstName'

2024-09-16 19:05:08 - [TEST_STEP][PASSED] - namapertama = getAttribute(findTestObject("YourInformation_Page/TextArea_FirstName"), "value"): Attribute 'value' of object 'Object Repository/YourInformation_Page/TextArea_FirstName' is: 'Fachrie'

2024-09-16 19:05:09 - [MESSAGE][PASSED] - Attribute 'value' of object 'Object Repository/YourInformation_Page/TextArea_FirstName' is: 'Fachrie'

2024-09-16 19:05:09 - [TEST_STEP][PASSED] - println(namapertama): null

2024-09-16 19:05:09 - [TEST_STEP][PASSED] - takeScreenshot(): Taking screenshot successfully

2024-09-16 19:05:09 - [MESSAGE][PASSED] - Taking screenshot successfully
[[ATTACHMENT|C:\\Users\\rasyid\\Katalon Studio\\SauceDemo\\Reports\\20240916_190346\\YourInformation_Page\\YourInformation_Checkout\\20240916_190347\\1726488309309.png]]

2024-09-16 19:05:09 - [TEST_STEP][PASSED] - verifyElementVisible(findTestObject("YourInformation_Page/TextArea_LastName")): Object 'Object Repository/YourInformation_Page/TextArea_LastName' is visible

2024-09-16 19:05:09 - [MESSAGE][PASSED] - Object 'Object Repository/YourInformation_Page/TextArea_LastName' is visible

2024-09-16 19:05:09 - [TEST_STEP][PASSED] - setText(findTestObject("YourInformation_Page/TextArea_LastName"), lastName): Text 'Arithianta' is set on object 'Object Repository/YourInformation_Page/TextArea_LastName'

2024-09-16 19:05:10 - [MESSAGE][PASSED] - Text 'Arithianta' is set on object 'Object Repository/YourInformation_Page/TextArea_LastName'

2024-09-16 19:05:10 - [TEST_STEP][PASSED] - namaterakhir = getAttribute(findTestObject("YourInformation_Page/TextArea_LastName"), "value"): Attribute 'value' of object 'Object Repository/YourInformation_Page/TextArea_LastName' is: 'Arithianta'

2024-09-16 19:05:10 - [MESSAGE][PASSED] - Attribute 'value' of object 'Object Repository/YourInformation_Page/TextArea_LastName' is: 'Arithianta'

2024-09-16 19:05:10 - [TEST_STEP][PASSED] - println(namaterakhir): null

2024-09-16 19:05:10 - [TEST_STEP][PASSED] - takeScreenshot(): Taking screenshot successfully

2024-09-16 19:05:11 - [MESSAGE][PASSED] - Taking screenshot successfully
[[ATTACHMENT|C:\\Users\\rasyid\\Katalon Studio\\SauceDemo\\Reports\\20240916_190346\\YourInformation_Page\\YourInformation_Checkout\\20240916_190347\\1726488311117.png]]

2024-09-16 19:05:11 - [TEST_STEP][PASSED] - verifyElementVisible(findTestObject("YourInformation_Page/TextArea_PostalCode")): Object 'Object Repository/YourInformation_Page/TextArea_PostalCode' is visible

2024-09-16 19:05:11 - [MESSAGE][PASSED] - Object 'Object Repository/YourInformation_Page/TextArea_PostalCode' is visible

2024-09-16 19:05:11 - [TEST_STEP][PASSED] - setText(findTestObject("YourInformation_Page/TextArea_PostalCode"), postalCode): Text '19000' is set on object 'Object Repository/YourInformation_Page/TextArea_PostalCode'

2024-09-16 19:05:12 - [MESSAGE][PASSED] - Text '19000' is set on object 'Object Repository/YourInformation_Page/TextArea_PostalCode'

2024-09-16 19:05:12 - [TEST_STEP][PASSED] - postalcode = getAttribute(findTestObject("YourInformation_Page/TextArea_PostalCode"), "value"): Attribute 'value' of object 'Object Repository/YourInformation_Page/TextArea_PostalCode' is: '19000'

2024-09-16 19:05:12 - [MESSAGE][PASSED] - Attribute 'value' of object 'Object Repository/YourInformation_Page/TextArea_PostalCode' is: '19000'

2024-09-16 19:05:12 - [TEST_STEP][PASSED] - println(postalcode): null

2024-09-16 19:05:12 - [TEST_STEP][PASSED] - takeScreenshot(): Taking screenshot successfully

2024-09-16 19:05:13 - [MESSAGE][PASSED] - Taking screenshot successfully
[[ATTACHMENT|C:\\Users\\rasyid\\Katalon Studio\\SauceDemo\\Reports\\20240916_190346\\YourInformation_Page\\YourInformation_Checkout\\20240916_190347\\1726488312931.png]]

2024-09-16 19:05:13 - [TEST_STEP][PASSED] - verifyElementVisible(findTestObject("YourInformation_Page/Button_Continue")): Object 'Object Repository/YourInformation_Page/Button_Continue' is visible

2024-09-16 19:05:13 - [MESSAGE][PASSED] - Object 'Object Repository/YourInformation_Page/Button_Continue' is visible

2024-09-16 19:05:13 - [TEST_STEP][PASSED] - verifyElementClickable(findTestObject("YourInformation_Page/Button_Continue")): Object 'Object Repository/YourInformation_Page/Button_Continue' is clickable

2024-09-16 19:05:13 - [MESSAGE][PASSED] - Object 'Object Repository/YourInformation_Page/Button_Continue' is clickable

2024-09-16 19:05:13 - [TEST_STEP][PASSED] - click(findTestObject("YourInformation_Page/Button_Continue")): Object: 'Object Repository/YourInformation_Page/Button_Continue' is clicked on

2024-09-16 19:05:13 - [MESSAGE][PASSED] - Object: 'Object Repository/YourInformation_Page/Button_Continue' is clicked on

2024-09-16 19:05:13 - [TEST_STEP][PASSED] - back(): Navigate back successfully

2024-09-16 19:05:14 - [MESSAGE][PASSED] - Navigate back successfully

2024-09-16 19:05:16 - [TEST_STEP][PASSED] - Video: Video recording for test case 'Test Cases/YourInformation_Page/Negative_Case/InputData_YourInformation_Back' .

2024-09-16 19:05:16 - [MESSAGE][INFO] - Video recording for test case 'Test Cases/YourInformation_Page/Negative_Case/InputData_YourInformation_Back' .]]></system-out>
         <system-err><![CDATA[]]></system-err>
      </testcase>
      <testcase name="Test Cases/YourInformation_Page/Negative_Case/InputData_YourInformation_Back" time="10.213" classname="Test Cases/YourInformation_Page/Negative_Case/InputData_YourInformation_Back" status="PASSED">
         <system-out><![CDATA[2024-09-16 19:05:16 - [TEST_CASE][PASSED] - Test Cases/YourInformation_Page/Negative_Case/InputData_YourInformation_Back: Test Cases/YourInformation_Page/Negative_Case/InputData_YourInformation_Back

2024-09-16 19:05:16 - [TEST_STEP][PASSED] - verifyElementVisible(findTestObject("Global_Header/Label_Title")): Object 'Object Repository/Global_Header/Label_Title' is visible

2024-09-16 19:05:16 - [MESSAGE][PASSED] - Object 'Object Repository/Global_Header/Label_Title' is visible

2024-09-16 19:05:16 - [TEST_STEP][PASSED] - verifyElementVisible(findTestObject("Global_Header/Button_Cart")): Object 'Object Repository/Global_Header/Button_Cart' is visible

2024-09-16 19:05:16 - [MESSAGE][PASSED] - Object 'Object Repository/Global_Header/Button_Cart' is visible

2024-09-16 19:05:16 - [TEST_STEP][PASSED] - verifyElementClickable(findTestObject("Global_Header/Button_Cart")): Object 'Object Repository/Global_Header/Button_Cart' is clickable

2024-09-16 19:05:17 - [MESSAGE][PASSED] - Object 'Object Repository/Global_Header/Button_Cart' is clickable

2024-09-16 19:05:17 - [TEST_STEP][PASSED] - verifyElementVisible(findTestObject("Global_Header/Button_BurgerMenu")): Object 'Object Repository/Global_Header/Button_BurgerMenu' is visible

2024-09-16 19:05:17 - [MESSAGE][PASSED] - Object 'Object Repository/Global_Header/Button_BurgerMenu' is visible

2024-09-16 19:05:17 - [TEST_STEP][PASSED] - verifyElementClickable(findTestObject("Global_Header/Button_BurgerMenu")): Object 'Object Repository/Global_Header/Button_BurgerMenu' is clickable

2024-09-16 19:05:17 - [MESSAGE][PASSED] - Object 'Object Repository/Global_Header/Button_BurgerMenu' is clickable

2024-09-16 19:05:17 - [TEST_STEP][PASSED] - verifyElementVisible(findTestObject("YourInformation_Page/Label_Checkout Your Information")): Object 'Object Repository/YourInformation_Page/Label_Checkout Your Information' is visible

2024-09-16 19:05:17 - [MESSAGE][PASSED] - Object 'Object Repository/YourInformation_Page/Label_Checkout Your Information' is visible

2024-09-16 19:05:17 - [TEST_STEP][PASSED] - verifyElementVisible(findTestObject("YourInformation_Page/TextArea_FirstName")): Object 'Object Repository/YourInformation_Page/TextArea_FirstName' is visible

2024-09-16 19:05:18 - [MESSAGE][PASSED] - Object 'Object Repository/YourInformation_Page/TextArea_FirstName' is visible

2024-09-16 19:05:18 - [TEST_STEP][PASSED] - setText(findTestObject("YourInformation_Page/TextArea_FirstName"), firstName): Text 'Ryo' is set on object 'Object Repository/YourInformation_Page/TextArea_FirstName'

2024-09-16 19:05:18 - [MESSAGE][PASSED] - Text 'Ryo' is set on object 'Object Repository/YourInformation_Page/TextArea_FirstName'

2024-09-16 19:05:18 - [TEST_STEP][PASSED] - namapertama = getAttribute(findTestObject("YourInformation_Page/TextArea_FirstName"), "value"): Attribute 'value' of object 'Object Repository/YourInformation_Page/TextArea_FirstName' is: 'Ryo'

2024-09-16 19:05:19 - [MESSAGE][PASSED] - Attribute 'value' of object 'Object Repository/YourInformation_Page/TextArea_FirstName' is: 'Ryo'

2024-09-16 19:05:19 - [TEST_STEP][PASSED] - println(namapertama): null

2024-09-16 19:05:19 - [TEST_STEP][PASSED] - takeScreenshot(): Taking screenshot successfully

2024-09-16 19:05:19 - [MESSAGE][PASSED] - Taking screenshot successfully
[[ATTACHMENT|C:\\Users\\rasyid\\Katalon Studio\\SauceDemo\\Reports\\20240916_190346\\YourInformation_Page\\YourInformation_Checkout\\20240916_190347\\1726488319584.png]]

2024-09-16 19:05:19 - [TEST_STEP][PASSED] - verifyElementVisible(findTestObject("YourInformation_Page/TextArea_LastName")): Object 'Object Repository/YourInformation_Page/TextArea_LastName' is visible

2024-09-16 19:05:19 - [MESSAGE][PASSED] - Object 'Object Repository/YourInformation_Page/TextArea_LastName' is visible

2024-09-16 19:05:19 - [TEST_STEP][PASSED] - setText(findTestObject("YourInformation_Page/TextArea_LastName"), lastName): Text 'Yoshiando' is set on object 'Object Repository/YourInformation_Page/TextArea_LastName'

2024-09-16 19:05:20 - [MESSAGE][PASSED] - Text 'Yoshiando' is set on object 'Object Repository/YourInformation_Page/TextArea_LastName'

2024-09-16 19:05:20 - [TEST_STEP][PASSED] - namaterakhir = getAttribute(findTestObject("YourInformation_Page/TextArea_LastName"), "value"): Attribute 'value' of object 'Object Repository/YourInformation_Page/TextArea_LastName' is: 'Yoshiando'

2024-09-16 19:05:21 - [MESSAGE][PASSED] - Attribute 'value' of object 'Object Repository/YourInformation_Page/TextArea_LastName' is: 'Yoshiando'

2024-09-16 19:05:21 - [TEST_STEP][PASSED] - println(namaterakhir): null

2024-09-16 19:05:21 - [TEST_STEP][PASSED] - takeScreenshot(): Taking screenshot successfully

2024-09-16 19:05:21 - [MESSAGE][PASSED] - Taking screenshot successfully
[[ATTACHMENT|C:\\Users\\rasyid\\Katalon Studio\\SauceDemo\\Reports\\20240916_190346\\YourInformation_Page\\YourInformation_Checkout\\20240916_190347\\1726488321397.png]]

2024-09-16 19:05:21 - [TEST_STEP][PASSED] - verifyElementVisible(findTestObject("YourInformation_Page/TextArea_PostalCode")): Object 'Object Repository/YourInformation_Page/TextArea_PostalCode' is visible

2024-09-16 19:05:21 - [MESSAGE][PASSED] - Object 'Object Repository/YourInformation_Page/TextArea_PostalCode' is visible

2024-09-16 19:05:21 - [TEST_STEP][PASSED] - setText(findTestObject("YourInformation_Page/TextArea_PostalCode"), postalCode): Text '20938' is set on object 'Object Repository/YourInformation_Page/TextArea_PostalCode'

2024-09-16 19:05:22 - [MESSAGE][PASSED] - Text '20938' is set on object 'Object Repository/YourInformation_Page/TextArea_PostalCode'

2024-09-16 19:05:22 - [TEST_STEP][PASSED] - postalcode = getAttribute(findTestObject("YourInformation_Page/TextArea_PostalCode"), "value"): Attribute 'value' of object 'Object Repository/YourInformation_Page/TextArea_PostalCode' is: '20938'

2024-09-16 19:05:22 - [MESSAGE][PASSED] - Attribute 'value' of object 'Object Repository/YourInformation_Page/TextArea_PostalCode' is: '20938'

2024-09-16 19:05:22 - [TEST_STEP][PASSED] - println(postalcode): null

2024-09-16 19:05:22 - [TEST_STEP][PASSED] - takeScreenshot(): Taking screenshot successfully

2024-09-16 19:05:23 - [MESSAGE][PASSED] - Taking screenshot successfully
[[ATTACHMENT|C:\\Users\\rasyid\\Katalon Studio\\SauceDemo\\Reports\\20240916_190346\\YourInformation_Page\\YourInformation_Checkout\\20240916_190347\\1726488323197.png]]

2024-09-16 19:05:23 - [TEST_STEP][PASSED] - verifyElementVisible(findTestObject("YourInformation_Page/Button_Continue")): Object 'Object Repository/YourInformation_Page/Button_Continue' is visible

2024-09-16 19:05:23 - [MESSAGE][PASSED] - Object 'Object Repository/YourInformation_Page/Button_Continue' is visible

2024-09-16 19:05:23 - [TEST_STEP][PASSED] - verifyElementClickable(findTestObject("YourInformation_Page/Button_Continue")): Object 'Object Repository/YourInformation_Page/Button_Continue' is clickable

2024-09-16 19:05:23 - [MESSAGE][PASSED] - Object 'Object Repository/YourInformation_Page/Button_Continue' is clickable

2024-09-16 19:05:23 - [TEST_STEP][PASSED] - click(findTestObject("YourInformation_Page/Button_Continue")): Object: 'Object Repository/YourInformation_Page/Button_Continue' is clicked on

2024-09-16 19:05:24 - [MESSAGE][PASSED] - Object: 'Object Repository/YourInformation_Page/Button_Continue' is clicked on

2024-09-16 19:05:24 - [TEST_STEP][PASSED] - back(): Navigate back successfully

2024-09-16 19:05:24 - [MESSAGE][PASSED] - Navigate back successfully

2024-09-16 19:05:26 - [TEST_STEP][PASSED] - Video: Video recording for test case 'Test Cases/YourInformation_Page/Negative_Case/InputData_YourInformation_Back' .

2024-09-16 19:05:26 - [MESSAGE][INFO] - Video recording for test case 'Test Cases/YourInformation_Page/Negative_Case/InputData_YourInformation_Back' .]]></system-out>
         <system-err><![CDATA[]]></system-err>
      </testcase>
      <testcase name="Test Cases/YourInformation_Page/Negative_Case/FirstName_Null" time="11.708" classname="Test Cases/YourInformation_Page/Negative_Case/FirstName_Null" status="PASSED">
         <system-out><![CDATA[2024-09-16 19:05:26 - [TEST_CASE][PASSED] - Test Cases/YourInformation_Page/Negative_Case/FirstName_Null: Test Cases/YourInformation_Page/Negative_Case/FirstName_Null

2024-09-16 19:05:26 - [TEST_STEP][PASSED] - verifyElementVisible(findTestObject("Global_Header/Label_Title")): Object 'Object Repository/Global_Header/Label_Title' is visible

2024-09-16 19:05:26 - [MESSAGE][PASSED] - Object 'Object Repository/Global_Header/Label_Title' is visible

2024-09-16 19:05:26 - [TEST_STEP][PASSED] - verifyElementVisible(findTestObject("Global_Header/Button_Cart")): Object 'Object Repository/Global_Header/Button_Cart' is visible

2024-09-16 19:05:27 - [MESSAGE][PASSED] - Object 'Object Repository/Global_Header/Button_Cart' is visible

2024-09-16 19:05:27 - [TEST_STEP][PASSED] - verifyElementClickable(findTestObject("Global_Header/Button_Cart")): Object 'Object Repository/Global_Header/Button_Cart' is clickable

2024-09-16 19:05:27 - [MESSAGE][PASSED] - Object 'Object Repository/Global_Header/Button_Cart' is clickable

2024-09-16 19:05:27 - [TEST_STEP][PASSED] - verifyElementVisible(findTestObject("Global_Header/Button_BurgerMenu")): Object 'Object Repository/Global_Header/Button_BurgerMenu' is visible

2024-09-16 19:05:27 - [MESSAGE][PASSED] - Object 'Object Repository/Global_Header/Button_BurgerMenu' is visible

2024-09-16 19:05:27 - [TEST_STEP][PASSED] - verifyElementClickable(findTestObject("Global_Header/Button_BurgerMenu")): Object 'Object Repository/Global_Header/Button_BurgerMenu' is clickable

2024-09-16 19:05:28 - [MESSAGE][PASSED] - Object 'Object Repository/Global_Header/Button_BurgerMenu' is clickable

2024-09-16 19:05:28 - [TEST_STEP][PASSED] - verifyElementVisible(findTestObject("YourInformation_Page/Label_Checkout Your Information")): Object 'Object Repository/YourInformation_Page/Label_Checkout Your Information' is visible

2024-09-16 19:05:28 - [MESSAGE][PASSED] - Object 'Object Repository/YourInformation_Page/Label_Checkout Your Information' is visible

2024-09-16 19:05:28 - [TEST_STEP][PASSED] - clearText(findTestObject("YourInformation_Page/TextArea_FirstName")): Text of object 'Object Repository/YourInformation_Page/TextArea_FirstName' is cleared

2024-09-16 19:05:28 - [MESSAGE][PASSED] - Text of object 'Object Repository/YourInformation_Page/TextArea_FirstName' is cleared

2024-09-16 19:05:28 - [TEST_STEP][PASSED] - clearText(findTestObject("YourInformation_Page/TextArea_LastName")): Text of object 'Object Repository/YourInformation_Page/TextArea_LastName' is cleared

2024-09-16 19:05:29 - [MESSAGE][PASSED] - Text of object 'Object Repository/YourInformation_Page/TextArea_LastName' is cleared

2024-09-16 19:05:29 - [TEST_STEP][PASSED] - clearText(findTestObject("YourInformation_Page/TextArea_PostalCode")): Text of object 'Object Repository/YourInformation_Page/TextArea_PostalCode' is cleared

2024-09-16 19:05:29 - [MESSAGE][PASSED] - Text of object 'Object Repository/YourInformation_Page/TextArea_PostalCode' is cleared

2024-09-16 19:05:29 - [TEST_STEP][PASSED] - verifyElementVisible(findTestObject("YourInformation_Page/TextArea_FirstName")): Object 'Object Repository/YourInformation_Page/TextArea_FirstName' is visible

2024-09-16 19:05:29 - [MESSAGE][PASSED] - Object 'Object Repository/YourInformation_Page/TextArea_FirstName' is visible

2024-09-16 19:05:29 - [TEST_STEP][PASSED] - setText(findTestObject("YourInformation_Page/TextArea_FirstName"), firstName): Text '' is set on object 'Object Repository/YourInformation_Page/TextArea_FirstName'

2024-09-16 19:05:30 - [MESSAGE][PASSED] - Text '' is set on object 'Object Repository/YourInformation_Page/TextArea_FirstName'

2024-09-16 19:05:30 - [TEST_STEP][PASSED] - namapertama = getAttribute(findTestObject("YourInformation_Page/TextArea_FirstName"), "value"): Attribute 'value' of object 'Object Repository/YourInformation_Page/TextArea_FirstName' is: ''

2024-09-16 19:05:30 - [MESSAGE][PASSED] - Attribute 'value' of object 'Object Repository/YourInformation_Page/TextArea_FirstName' is: ''

2024-09-16 19:05:30 - [TEST_STEP][PASSED] - println(namapertama): null

2024-09-16 19:05:30 - [TEST_STEP][PASSED] - verifyElementVisible(findTestObject("YourInformation_Page/TextArea_LastName")): Object 'Object Repository/YourInformation_Page/TextArea_LastName' is visible

2024-09-16 19:05:30 - [MESSAGE][PASSED] - Object 'Object Repository/YourInformation_Page/TextArea_LastName' is visible

2024-09-16 19:05:30 - [TEST_STEP][PASSED] - setText(findTestObject("YourInformation_Page/TextArea_LastName"), lastName): Text 'Rasyid' is set on object 'Object Repository/YourInformation_Page/TextArea_LastName'

2024-09-16 19:05:31 - [MESSAGE][PASSED] - Text 'Rasyid' is set on object 'Object Repository/YourInformation_Page/TextArea_LastName'

2024-09-16 19:05:31 - [TEST_STEP][PASSED] - namaterakhir = getAttribute(findTestObject("YourInformation_Page/TextArea_LastName"), "value"): Attribute 'value' of object 'Object Repository/YourInformation_Page/TextArea_LastName' is: 'Rasyid'

2024-09-16 19:05:32 - [MESSAGE][PASSED] - Attribute 'value' of object 'Object Repository/YourInformation_Page/TextArea_LastName' is: 'Rasyid'

2024-09-16 19:05:32 - [TEST_STEP][PASSED] - println(namaterakhir): null

2024-09-16 19:05:32 - [TEST_STEP][PASSED] - takeScreenshot(): Taking screenshot successfully

2024-09-16 19:05:32 - [MESSAGE][PASSED] - Taking screenshot successfully
[[ATTACHMENT|C:\\Users\\rasyid\\Katalon Studio\\SauceDemo\\Reports\\20240916_190346\\YourInformation_Page\\YourInformation_Checkout\\20240916_190347\\1726488332353.png]]

2024-09-16 19:05:32 - [TEST_STEP][PASSED] - verifyElementVisible(findTestObject("YourInformation_Page/TextArea_PostalCode")): Object 'Object Repository/YourInformation_Page/TextArea_PostalCode' is visible

2024-09-16 19:05:32 - [MESSAGE][PASSED] - Object 'Object Repository/YourInformation_Page/TextArea_PostalCode' is visible

2024-09-16 19:05:32 - [TEST_STEP][PASSED] - setText(findTestObject("YourInformation_Page/TextArea_PostalCode"), postalCode): Text '12760' is set on object 'Object Repository/YourInformation_Page/TextArea_PostalCode'

2024-09-16 19:05:33 - [MESSAGE][PASSED] - Text '12760' is set on object 'Object Repository/YourInformation_Page/TextArea_PostalCode'

2024-09-16 19:05:33 - [TEST_STEP][PASSED] - postalcode = getAttribute(findTestObject("YourInformation_Page/TextArea_PostalCode"), "value"): Attribute 'value' of object 'Object Repository/YourInformation_Page/TextArea_PostalCode' is: '12760'

2024-09-16 19:05:33 - [MESSAGE][PASSED] - Attribute 'value' of object 'Object Repository/YourInformation_Page/TextArea_PostalCode' is: '12760'

2024-09-16 19:05:33 - [TEST_STEP][PASSED] - println(postalcode): null

2024-09-16 19:05:33 - [TEST_STEP][PASSED] - takeScreenshot(): Taking screenshot successfully

2024-09-16 19:05:34 - [MESSAGE][PASSED] - Taking screenshot successfully
[[ATTACHMENT|C:\\Users\\rasyid\\Katalon Studio\\SauceDemo\\Reports\\20240916_190346\\YourInformation_Page\\YourInformation_Checkout\\20240916_190347\\1726488334148.png]]

2024-09-16 19:05:34 - [TEST_STEP][PASSED] - verifyElementVisible(findTestObject("YourInformation_Page/Button_Continue")): Object 'Object Repository/YourInformation_Page/Button_Continue' is visible

2024-09-16 19:05:34 - [MESSAGE][PASSED] - Object 'Object Repository/YourInformation_Page/Button_Continue' is visible

2024-09-16 19:05:34 - [TEST_STEP][PASSED] - verifyElementClickable(findTestObject("YourInformation_Page/Button_Continue")): Object 'Object Repository/YourInformation_Page/Button_Continue' is clickable

2024-09-16 19:05:34 - [MESSAGE][PASSED] - Object 'Object Repository/YourInformation_Page/Button_Continue' is clickable

2024-09-16 19:05:34 - [TEST_STEP][PASSED] - click(findTestObject("YourInformation_Page/Button_Continue")): Object: 'Object Repository/YourInformation_Page/Button_Continue' is clicked on

2024-09-16 19:05:35 - [MESSAGE][PASSED] - Object: 'Object Repository/YourInformation_Page/Button_Continue' is clicked on

2024-09-16 19:05:35 - [TEST_STEP][PASSED] - verifyElementVisible(findTestObject("YourInformation_Page/Label_ErrorMessage")): Object 'Object Repository/YourInformation_Page/Label_ErrorMessage' is visible

2024-09-16 19:05:35 - [MESSAGE][PASSED] - Object 'Object Repository/YourInformation_Page/Label_ErrorMessage' is visible

2024-09-16 19:05:35 - [TEST_STEP][PASSED] - errorMessageFirstNameNull = getText(findTestObject("YourInformation_Page/Label_ErrorMessage")): Text of object 'Object Repository/YourInformation_Page/Label_ErrorMessage' is: 'Error: First Name is required'

2024-09-16 19:05:36 - [MESSAGE][PASSED] - Text of object 'Object Repository/YourInformation_Page/Label_ErrorMessage' is: 'Error: First Name is required'

2024-09-16 19:05:36 - [TEST_STEP][PASSED] - if (errorMessageFirstNameNull.equals(messageFirstNameNull)): null

2024-09-16 19:05:36 - [TEST_STEP][PASSED] - println("Error message sudah sesuai: " + errorMessageFirstNameNull): null

2024-09-16 19:05:38 - [TEST_STEP][PASSED] - Video: Video recording for test case 'Test Cases/YourInformation_Page/Negative_Case/FirstName_Null' .

2024-09-16 19:05:38 - [MESSAGE][INFO] - Video recording for test case 'Test Cases/YourInformation_Page/Negative_Case/FirstName_Null' .]]></system-out>
         <system-err><![CDATA[]]></system-err>
      </testcase>
      <testcase name="Test Cases/YourInformation_Page/Negative_Case/LastName_Null" time="42.412" classname="Test Cases/YourInformation_Page/Negative_Case/LastName_Null" status="FAILED">
         <failure type="FAILED" message="Test Cases/YourInformation_Page/Negative_Case/LastName_Null FAILED.
Reason:
com.kms.katalon.core.exception.StepFailedException: Unable to verify object 'Object Repository/YourInformation_Page/Label_ErrorMessage' is visible
	at com.kms.katalon.core.webui.keyword.internal.WebUIKeywordMain.stepFailed(WebUIKeywordMain.groovy:64)
	at com.kms.katalon.core.webui.keyword.internal.WebUIKeywordMain.runKeyword(WebUIKeywordMain.groovy:26)
	at com.kms.katalon.core.webui.keyword.builtin.VerifyElementVisibleKeyword.verifyElementVisible(VerifyElementVisibleKeyword.groovy:97)
	at com.kms.katalon.core.webui.keyword.builtin.VerifyElementVisibleKeyword.execute(VerifyElementVisibleKeyword.groovy:67)
	at com.kms.katalon.core.keyword.internal.KeywordExecutor.executeKeywordForPlatform(KeywordExecutor.groovy:74)
	at com.kms.katalon.core.webui.keyword.WebUiBuiltInKeywords.verifyElementVisible(WebUiBuiltInKeywords.groovy:376)
	at com.kms.katalon.core.webui.keyword.WebUiBuiltInKeywords$verifyElementVisible$1.call(Unknown Source)
	at LastName_Null.run(LastName_Null:101)
	at com.kms.katalon.core.main.ScriptEngine.run(ScriptEngine.java:194)
	at com.kms.katalon.core.main.ScriptEngine.runScriptAsRawText(ScriptEngine.java:119)
	at com.kms.katalon.core.main.TestCaseExecutor.runScript(TestCaseExecutor.java:448)
	at com.kms.katalon.core.main.TestCaseExecutor.doExecute(TestCaseExecutor.java:439)
	at com.kms.katalon.core.main.TestCaseExecutor.processExecutionPhase(TestCaseExecutor.java:418)
	at com.kms.katalon.core.main.TestCaseExecutor.accessMainPhase(TestCaseExecutor.java:410)
	at com.kms.katalon.core.main.TestCaseExecutor.execute(TestCaseExecutor.java:285)
	at com.kms.katalon.core.common.CommonExecutor.accessTestCaseMainPhase(CommonExecutor.java:65)
	at com.kms.katalon.core.main.TestSuiteExecutor.accessTestSuiteMainPhase(TestSuiteExecutor.java:148)
	at com.kms.katalon.core.main.TestSuiteExecutor.execute(TestSuiteExecutor.java:106)
	at com.kms.katalon.core.main.TestCaseMain.startTestSuite(TestCaseMain.java:187)
	at com.kms.katalon.core.main.TestCaseMain$startTestSuite$0.call(Unknown Source)
	at TempTestSuite1726488227895.run(TempTestSuite1726488227895.groovy:35)
Caused by: com.kms.katalon.core.exception.StepFailedException: Web element with id: 'Object Repository/YourInformation_Page/Label_ErrorMessage' located by '//h3[@data-test='error']' not found
	at com.kms.katalon.core.webui.keyword.internal.WebUIKeywordMain.stepFailed(WebUIKeywordMain.groovy:64)
	at com.kms.katalon.core.webui.keyword.builtin.VerifyElementVisibleKeyword$_verifyElementVisible_closure1.doCall(VerifyElementVisibleKeyword.groovy:89)
	at com.kms.katalon.core.webui.keyword.builtin.VerifyElementVisibleKeyword$_verifyElementVisible_closure1.call(VerifyElementVisibleKeyword.groovy)
	at com.kms.katalon.core.webui.keyword.internal.WebUIKeywordMain.runKeyword(WebUIKeywordMain.groovy:20)
	... 19 more
"/>
         <system-out><![CDATA[2024-09-16 19:05:38 - [TEST_CASE][FAILED] - Test Cases/YourInformation_Page/Negative_Case/LastName_Null: Test Cases/YourInformation_Page/Negative_Case/LastName_Null FAILED.
Reason:
com.kms.katalon.core.exception.StepFailedException: Unable to verify object 'Object Repository/YourInformation_Page/Label_ErrorMessage' is visible
	at com.kms.katalon.core.webui.keyword.internal.WebUIKeywordMain.stepFailed(WebUIKeywordMain.groovy:64)
	at com.kms.katalon.core.webui.keyword.internal.WebUIKeywordMain.runKeyword(WebUIKeywordMain.groovy:26)
	at com.kms.katalon.core.webui.keyword.builtin.VerifyElementVisibleKeyword.verifyElementVisible(VerifyElementVisibleKeyword.groovy:97)
	at com.kms.katalon.core.webui.keyword.builtin.VerifyElementVisibleKeyword.execute(VerifyElementVisibleKeyword.groovy:67)
	at com.kms.katalon.core.keyword.internal.KeywordExecutor.executeKeywordForPlatform(KeywordExecutor.groovy:74)
	at com.kms.katalon.core.webui.keyword.WebUiBuiltInKeywords.verifyElementVisible(WebUiBuiltInKeywords.groovy:376)
	at com.kms.katalon.core.webui.keyword.WebUiBuiltInKeywords$verifyElementVisible$1.call(Unknown Source)
	at LastName_Null.run(LastName_Null:101)
	at com.kms.katalon.core.main.ScriptEngine.run(ScriptEngine.java:194)
	at com.kms.katalon.core.main.ScriptEngine.runScriptAsRawText(ScriptEngine.java:119)
	at com.kms.katalon.core.main.TestCaseExecutor.runScript(TestCaseExecutor.java:448)
	at com.kms.katalon.core.main.TestCaseExecutor.doExecute(TestCaseExecutor.java:439)
	at com.kms.katalon.core.main.TestCaseExecutor.processExecutionPhase(TestCaseExecutor.java:418)
	at com.kms.katalon.core.main.TestCaseExecutor.accessMainPhase(TestCaseExecutor.java:410)
	at com.kms.katalon.core.main.TestCaseExecutor.execute(TestCaseExecutor.java:285)
	at com.kms.katalon.core.common.CommonExecutor.accessTestCaseMainPhase(CommonExecutor.java:65)
	at com.kms.katalon.core.main.TestSuiteExecutor.accessTestSuiteMainPhase(TestSuiteExecutor.java:148)
	at com.kms.katalon.core.main.TestSuiteExecutor.execute(TestSuiteExecutor.java:106)
	at com.kms.katalon.core.main.TestCaseMain.startTestSuite(TestCaseMain.java:187)
	at com.kms.katalon.core.main.TestCaseMain$startTestSuite$0.call(Unknown Source)
	at TempTestSuite1726488227895.run(TempTestSuite1726488227895.groovy:35)
Caused by: com.kms.katalon.core.exception.StepFailedException: Web element with id: 'Object Repository/YourInformation_Page/Label_ErrorMessage' located by '//h3[@data-test='error']' not found
	at com.kms.katalon.core.webui.keyword.internal.WebUIKeywordMain.stepFailed(WebUIKeywordMain.groovy:64)
	at com.kms.katalon.core.webui.keyword.builtin.VerifyElementVisibleKeyword$_verifyElementVisible_closure1.doCall(VerifyElementVisibleKeyword.groovy:89)
	at com.kms.katalon.core.webui.keyword.builtin.VerifyElementVisibleKeyword$_verifyElementVisible_closure1.call(VerifyElementVisibleKeyword.groovy)
	at com.kms.katalon.core.webui.keyword.internal.WebUIKeywordMain.runKeyword(WebUIKeywordMain.groovy:20)
	... 19 more


2024-09-16 19:05:38 - [TEST_STEP][PASSED] - verifyElementVisible(findTestObject("Global_Header/Label_Title")): Object 'Object Repository/Global_Header/Label_Title' is visible

2024-09-16 19:05:38 - [MESSAGE][PASSED] - Object 'Object Repository/Global_Header/Label_Title' is visible

2024-09-16 19:05:38 - [TEST_STEP][PASSED] - verifyElementVisible(findTestObject("Global_Header/Button_Cart")): Object 'Object Repository/Global_Header/Button_Cart' is visible

2024-09-16 19:05:38 - [MESSAGE][PASSED] - Object 'Object Repository/Global_Header/Button_Cart' is visible

2024-09-16 19:05:38 - [TEST_STEP][PASSED] - verifyElementClickable(findTestObject("Global_Header/Button_Cart")): Object 'Object Repository/Global_Header/Button_Cart' is clickable

2024-09-16 19:05:39 - [MESSAGE][PASSED] - Object 'Object Repository/Global_Header/Button_Cart' is clickable

2024-09-16 19:05:39 - [TEST_STEP][PASSED] - verifyElementVisible(findTestObject("Global_Header/Button_BurgerMenu")): Object 'Object Repository/Global_Header/Button_BurgerMenu' is visible

2024-09-16 19:05:39 - [MESSAGE][PASSED] - Object 'Object Repository/Global_Header/Button_BurgerMenu' is visible

2024-09-16 19:05:39 - [TEST_STEP][PASSED] - verifyElementClickable(findTestObject("Global_Header/Button_BurgerMenu")): Object 'Object Repository/Global_Header/Button_BurgerMenu' is clickable

2024-09-16 19:05:39 - [MESSAGE][PASSED] - Object 'Object Repository/Global_Header/Button_BurgerMenu' is clickable

2024-09-16 19:05:39 - [TEST_STEP][PASSED] - verifyElementVisible(findTestObject("YourInformation_Page/Label_Checkout Your Information")): Object 'Object Repository/YourInformation_Page/Label_Checkout Your Information' is visible

2024-09-16 19:05:40 - [MESSAGE][PASSED] - Object 'Object Repository/YourInformation_Page/Label_Checkout Your Information' is visible

2024-09-16 19:05:40 - [TEST_STEP][PASSED] - clearText(findTestObject("YourInformation_Page/TextArea_FirstName")): Text of object 'Object Repository/YourInformation_Page/TextArea_FirstName' is cleared

2024-09-16 19:05:40 - [MESSAGE][PASSED] - Text of object 'Object Repository/YourInformation_Page/TextArea_FirstName' is cleared

2024-09-16 19:05:40 - [TEST_STEP][PASSED] - clearText(findTestObject("YourInformation_Page/TextArea_LastName")): Text of object 'Object Repository/YourInformation_Page/TextArea_LastName' is cleared

2024-09-16 19:05:40 - [MESSAGE][PASSED] - Text of object 'Object Repository/YourInformation_Page/TextArea_LastName' is cleared

2024-09-16 19:05:40 - [TEST_STEP][PASSED] - clearText(findTestObject("YourInformation_Page/TextArea_PostalCode")): Text of object 'Object Repository/YourInformation_Page/TextArea_PostalCode' is cleared

2024-09-16 19:05:41 - [MESSAGE][PASSED] - Text of object 'Object Repository/YourInformation_Page/TextArea_PostalCode' is cleared

2024-09-16 19:05:41 - [TEST_STEP][PASSED] - verifyElementVisible(findTestObject("YourInformation_Page/TextArea_FirstName")): Object 'Object Repository/YourInformation_Page/TextArea_FirstName' is visible

2024-09-16 19:05:41 - [MESSAGE][PASSED] - Object 'Object Repository/YourInformation_Page/TextArea_FirstName' is visible

2024-09-16 19:05:41 - [TEST_STEP][PASSED] - setText(findTestObject("YourInformation_Page/TextArea_FirstName"), firstName): Text 'Muhammad' is set on object 'Object Repository/YourInformation_Page/TextArea_FirstName'

2024-09-16 19:05:42 - [MESSAGE][PASSED] - Text 'Muhammad' is set on object 'Object Repository/YourInformation_Page/TextArea_FirstName'

2024-09-16 19:05:42 - [TEST_STEP][PASSED] - namapertama = getAttribute(findTestObject("YourInformation_Page/TextArea_FirstName"), "value"): Attribute 'value' of object 'Object Repository/YourInformation_Page/TextArea_FirstName' is: 'Muhammad'

2024-09-16 19:05:42 - [MESSAGE][PASSED] - Attribute 'value' of object 'Object Repository/YourInformation_Page/TextArea_FirstName' is: 'Muhammad'

2024-09-16 19:05:42 - [TEST_STEP][PASSED] - println(namapertama): null

2024-09-16 19:05:42 - [TEST_STEP][PASSED] - verifyElementVisible(findTestObject("YourInformation_Page/TextArea_LastName")): Object 'Object Repository/YourInformation_Page/TextArea_LastName' is visible

2024-09-16 19:05:42 - [MESSAGE][PASSED] - Object 'Object Repository/YourInformation_Page/TextArea_LastName' is visible

2024-09-16 19:05:42 - [TEST_STEP][PASSED] - setText(findTestObject("YourInformation_Page/TextArea_LastName"), lastName): Text '' is set on object 'Object Repository/YourInformation_Page/TextArea_LastName'

2024-09-16 19:05:43 - [MESSAGE][PASSED] - Text '' is set on object 'Object Repository/YourInformation_Page/TextArea_LastName'

2024-09-16 19:05:43 - [TEST_STEP][PASSED] - namaterakhir = getAttribute(findTestObject("YourInformation_Page/TextArea_LastName"), "value"): Attribute 'value' of object 'Object Repository/YourInformation_Page/TextArea_LastName' is: ''

2024-09-16 19:05:43 - [MESSAGE][PASSED] - Attribute 'value' of object 'Object Repository/YourInformation_Page/TextArea_LastName' is: ''

2024-09-16 19:05:43 - [TEST_STEP][PASSED] - println(namaterakhir): null

2024-09-16 19:05:43 - [TEST_STEP][PASSED] - takeScreenshot(): Taking screenshot successfully

2024-09-16 19:05:44 - [MESSAGE][PASSED] - Taking screenshot successfully
[[ATTACHMENT|C:\\Users\\rasyid\\Katalon Studio\\SauceDemo\\Reports\\20240916_190346\\YourInformation_Page\\YourInformation_Checkout\\20240916_190347\\1726488344147.png]]

2024-09-16 19:05:44 - [TEST_STEP][PASSED] - verifyElementVisible(findTestObject("YourInformation_Page/TextArea_PostalCode")): Object 'Object Repository/YourInformation_Page/TextArea_PostalCode' is visible

2024-09-16 19:05:44 - [MESSAGE][PASSED] - Object 'Object Repository/YourInformation_Page/TextArea_PostalCode' is visible

2024-09-16 19:05:44 - [TEST_STEP][PASSED] - setText(findTestObject("YourInformation_Page/TextArea_PostalCode"), postalCode): Text '12760' is set on object 'Object Repository/YourInformation_Page/TextArea_PostalCode'

2024-09-16 19:05:45 - [MESSAGE][PASSED] - Text '12760' is set on object 'Object Repository/YourInformation_Page/TextArea_PostalCode'

2024-09-16 19:05:45 - [TEST_STEP][PASSED] - postalcode = getAttribute(findTestObject("YourInformation_Page/TextArea_PostalCode"), "value"): Attribute 'value' of object 'Object Repository/YourInformation_Page/TextArea_PostalCode' is: '12760'

2024-09-16 19:05:45 - [MESSAGE][PASSED] - Attribute 'value' of object 'Object Repository/YourInformation_Page/TextArea_PostalCode' is: '12760'

2024-09-16 19:05:45 - [TEST_STEP][PASSED] - println(postalcode): null

2024-09-16 19:05:45 - [TEST_STEP][PASSED] - takeScreenshot(): Taking screenshot successfully

2024-09-16 19:05:46 - [MESSAGE][PASSED] - Taking screenshot successfully
[[ATTACHMENT|C:\\Users\\rasyid\\Katalon Studio\\SauceDemo\\Reports\\20240916_190346\\YourInformation_Page\\YourInformation_Checkout\\20240916_190347\\1726488345974.png]]

2024-09-16 19:05:46 - [TEST_STEP][PASSED] - verifyElementVisible(findTestObject("YourInformation_Page/Button_Continue")): Object 'Object Repository/YourInformation_Page/Button_Continue' is visible

2024-09-16 19:05:46 - [MESSAGE][PASSED] - Object 'Object Repository/YourInformation_Page/Button_Continue' is visible

2024-09-16 19:05:46 - [TEST_STEP][PASSED] - verifyElementClickable(findTestObject("YourInformation_Page/Button_Continue")): Object 'Object Repository/YourInformation_Page/Button_Continue' is clickable

2024-09-16 19:05:46 - [MESSAGE][PASSED] - Object 'Object Repository/YourInformation_Page/Button_Continue' is clickable

2024-09-16 19:05:46 - [TEST_STEP][PASSED] - click(findTestObject("YourInformation_Page/Button_Continue")): Object: 'Object Repository/YourInformation_Page/Button_Continue' is clicked on

2024-09-16 19:05:47 - [MESSAGE][PASSED] - Object: 'Object Repository/YourInformation_Page/Button_Continue' is clicked on

2024-09-16 19:05:47 - [TEST_STEP][FAILED] - verifyElementVisible(findTestObject("YourInformation_Page/Label_ErrorMessage")): Unable to verify object 'Object Repository/YourInformation_Page/Label_ErrorMessage' is visible (Root cause: com.kms.katalon.core.exception.StepFailedException: Unable to verify object 'Object Repository/YourInformation_Page/Label_ErrorMessage' is visible
	at com.kms.katalon.core.webui.keyword.internal.WebUIKeywordMain.stepFailed(WebUIKeywordMain.groovy:64)
	at com.kms.katalon.core.webui.keyword.internal.WebUIKeywordMain.runKeyword(WebUIKeywordMain.groovy:26)
	at com.kms.katalon.core.webui.keyword.builtin.VerifyElementVisibleKeyword.verifyElementVisible(VerifyElementVisibleKeyword.groovy:97)
	at com.kms.katalon.core.webui.keyword.builtin.VerifyElementVisibleKeyword.execute(VerifyElementVisibleKeyword.groovy:67)
	at com.kms.katalon.core.keyword.internal.KeywordExecutor.executeKeywordForPlatform(KeywordExecutor.groovy:74)
	at com.kms.katalon.core.webui.keyword.WebUiBuiltInKeywords.verifyElementVisible(WebUiBuiltInKeywords.groovy:376)
	at com.kms.katalon.core.webui.keyword.WebUiBuiltInKeywords$verifyElementVisible$1.call(Unknown Source)
	at LastName_Null.run(LastName_Null:101)
	at com.kms.katalon.core.main.ScriptEngine.run(ScriptEngine.java:194)
	at com.kms.katalon.core.main.ScriptEngine.runScriptAsRawText(ScriptEngine.java:119)
	at com.kms.katalon.core.main.TestCaseExecutor.runScript(TestCaseExecutor.java:448)
	at com.kms.katalon.core.main.TestCaseExecutor.doExecute(TestCaseExecutor.java:439)
	at com.kms.katalon.core.main.TestCaseExecutor.processExecutionPhase(TestCaseExecutor.java:418)
	at com.kms.katalon.core.main.TestCaseExecutor.accessMainPhase(TestCaseExecutor.java:410)
	at com.kms.katalon.core.main.TestCaseExecutor.execute(TestCaseExecutor.java:285)
	at com.kms.katalon.core.common.CommonExecutor.accessTestCaseMainPhase(CommonExecutor.java:65)
	at com.kms.katalon.core.main.TestSuiteExecutor.accessTestSuiteMainPhase(TestSuiteExecutor.java:148)
	at com.kms.katalon.core.main.TestSuiteExecutor.execute(TestSuiteExecutor.java:106)
	at com.kms.katalon.core.main.TestCaseMain.startTestSuite(TestCaseMain.java:187)
	at com.kms.katalon.core.main.TestCaseMain$startTestSuite$0.call(Unknown Source)
	at TempTestSuite1726488227895.run(TempTestSuite1726488227895.groovy:35)
Caused by: com.kms.katalon.core.exception.StepFailedException: Web element with id: 'Object Repository/YourInformation_Page/Label_ErrorMessage' located by '//h3[@data-test='error']' not found
	at com.kms.katalon.core.webui.keyword.internal.WebUIKeywordMain.stepFailed(WebUIKeywordMain.groovy:64)
	at com.kms.katalon.core.webui.keyword.builtin.VerifyElementVisibleKeyword$_verifyElementVisible_closure1.doCall(VerifyElementVisibleKeyword.groovy:89)
	at com.kms.katalon.core.webui.keyword.builtin.VerifyElementVisibleKeyword$_verifyElementVisible_closure1.call(VerifyElementVisibleKeyword.groovy)
	at com.kms.katalon.core.webui.keyword.internal.WebUIKeywordMain.runKeyword(WebUIKeywordMain.groovy:20)
	... 19 more
)

2024-09-16 19:06:18 - [MESSAGE][INFO] - Unable to find the element located by 'By.xpath: //h3[@data-test='error']'. Please recheck the objects properties to make sure the desired element is located. 

2024-09-16 19:06:18 - [MESSAGE][FAILED] - Web element with id: 'Object Repository/YourInformation_Page/Label_ErrorMessage' located by '//h3[@data-test='error']' not found (Root cause: com.kms.katalon.core.exception.StepFailedException: Web element with id: 'Object Repository/YourInformation_Page/Label_ErrorMessage' located by '//h3[@data-test='error']' not found
	at com.kms.katalon.core.webui.keyword.internal.WebUIKeywordMain.stepFailed(WebUIKeywordMain.groovy:64)
	at com.kms.katalon.core.webui.keyword.builtin.VerifyElementVisibleKeyword$_verifyElementVisible_closure1.doCall(VerifyElementVisibleKeyword.groovy:89)
	at com.kms.katalon.core.webui.keyword.builtin.VerifyElementVisibleKeyword$_verifyElementVisible_closure1.call(VerifyElementVisibleKeyword.groovy)
	at com.kms.katalon.core.webui.keyword.internal.WebUIKeywordMain.runKeyword(WebUIKeywordMain.groovy:20)
	at com.kms.katalon.core.webui.keyword.builtin.VerifyElementVisibleKeyword.verifyElementVisible(VerifyElementVisibleKeyword.groovy:97)
	at com.kms.katalon.core.webui.keyword.builtin.VerifyElementVisibleKeyword.execute(VerifyElementVisibleKeyword.groovy:67)
	at com.kms.katalon.core.keyword.internal.KeywordExecutor.executeKeywordForPlatform(KeywordExecutor.groovy:74)
	at com.kms.katalon.core.webui.keyword.WebUiBuiltInKeywords.verifyElementVisible(WebUiBuiltInKeywords.groovy:376)
	at com.kms.katalon.core.webui.keyword.WebUiBuiltInKeywords$verifyElementVisible$1.call(Unknown Source)
	at LastName_Null.run(LastName_Null:101)
	at com.kms.katalon.core.main.ScriptEngine.run(ScriptEngine.java:194)
	at com.kms.katalon.core.main.ScriptEngine.runScriptAsRawText(ScriptEngine.java:119)
	at com.kms.katalon.core.main.TestCaseExecutor.runScript(TestCaseExecutor.java:448)
	at com.kms.katalon.core.main.TestCaseExecutor.doExecute(TestCaseExecutor.java:439)
	at com.kms.katalon.core.main.TestCaseExecutor.processExecutionPhase(TestCaseExecutor.java:418)
	at com.kms.katalon.core.main.TestCaseExecutor.accessMainPhase(TestCaseExecutor.java:410)
	at com.kms.katalon.core.main.TestCaseExecutor.execute(TestCaseExecutor.java:285)
	at com.kms.katalon.core.common.CommonExecutor.accessTestCaseMainPhase(CommonExecutor.java:65)
	at com.kms.katalon.core.main.TestSuiteExecutor.accessTestSuiteMainPhase(TestSuiteExecutor.java:148)
	at com.kms.katalon.core.main.TestSuiteExecutor.execute(TestSuiteExecutor.java:106)
	at com.kms.katalon.core.main.TestCaseMain.startTestSuite(TestCaseMain.java:187)
	at com.kms.katalon.core.main.TestCaseMain$startTestSuite$0.call(Unknown Source)
	at TempTestSuite1726488227895.run(TempTestSuite1726488227895.groovy:35)
)
[[ATTACHMENT|C:\\Users\\rasyid\\Katalon Studio\\SauceDemo\\Reports\\20240916_190346\\YourInformation_Page\\YourInformation_Checkout\\20240916_190347\\1726488378178.png]]

2024-09-16 19:06:18 - [MESSAGE][FAILED] - Unable to verify object 'Object Repository/YourInformation_Page/Label_ErrorMessage' is visible (Root cause: com.kms.katalon.core.exception.StepFailedException: Unable to verify object 'Object Repository/YourInformation_Page/Label_ErrorMessage' is visible
	at com.kms.katalon.core.webui.keyword.internal.WebUIKeywordMain.stepFailed(WebUIKeywordMain.groovy:64)
	at com.kms.katalon.core.webui.keyword.internal.WebUIKeywordMain.runKeyword(WebUIKeywordMain.groovy:26)
	at com.kms.katalon.core.webui.keyword.builtin.VerifyElementVisibleKeyword.verifyElementVisible(VerifyElementVisibleKeyword.groovy:97)
	at com.kms.katalon.core.webui.keyword.builtin.VerifyElementVisibleKeyword.execute(VerifyElementVisibleKeyword.groovy:67)
	at com.kms.katalon.core.keyword.internal.KeywordExecutor.executeKeywordForPlatform(KeywordExecutor.groovy:74)
	at com.kms.katalon.core.webui.keyword.WebUiBuiltInKeywords.verifyElementVisible(WebUiBuiltInKeywords.groovy:376)
	at com.kms.katalon.core.webui.keyword.WebUiBuiltInKeywords$verifyElementVisible$1.call(Unknown Source)
	at LastName_Null.run(LastName_Null:101)
	at com.kms.katalon.core.main.ScriptEngine.run(ScriptEngine.java:194)
	at com.kms.katalon.core.main.ScriptEngine.runScriptAsRawText(ScriptEngine.java:119)
	at com.kms.katalon.core.main.TestCaseExecutor.runScript(TestCaseExecutor.java:448)
	at com.kms.katalon.core.main.TestCaseExecutor.doExecute(TestCaseExecutor.java:439)
	at com.kms.katalon.core.main.TestCaseExecutor.processExecutionPhase(TestCaseExecutor.java:418)
	at com.kms.katalon.core.main.TestCaseExecutor.accessMainPhase(TestCaseExecutor.java:410)
	at com.kms.katalon.core.main.TestCaseExecutor.execute(TestCaseExecutor.java:285)
	at com.kms.katalon.core.common.CommonExecutor.accessTestCaseMainPhase(CommonExecutor.java:65)
	at com.kms.katalon.core.main.TestSuiteExecutor.accessTestSuiteMainPhase(TestSuiteExecutor.java:148)
	at com.kms.katalon.core.main.TestSuiteExecutor.execute(TestSuiteExecutor.java:106)
	at com.kms.katalon.core.main.TestCaseMain.startTestSuite(TestCaseMain.java:187)
	at com.kms.katalon.core.main.TestCaseMain$startTestSuite$0.call(Unknown Source)
	at TempTestSuite1726488227895.run(TempTestSuite1726488227895.groovy:35)
Caused by: com.kms.katalon.core.exception.StepFailedException: Web element with id: 'Object Repository/YourInformation_Page/Label_ErrorMessage' located by '//h3[@data-test='error']' not found
	at com.kms.katalon.core.webui.keyword.internal.WebUIKeywordMain.stepFailed(WebUIKeywordMain.groovy:64)
	at com.kms.katalon.core.webui.keyword.builtin.VerifyElementVisibleKeyword$_verifyElementVisible_closure1.doCall(VerifyElementVisibleKeyword.groovy:89)
	at com.kms.katalon.core.webui.keyword.builtin.VerifyElementVisibleKeyword$_verifyElementVisible_closure1.call(VerifyElementVisibleKeyword.groovy)
	at com.kms.katalon.core.webui.keyword.internal.WebUIKeywordMain.runKeyword(WebUIKeywordMain.groovy:20)
	... 19 more
)
[[ATTACHMENT|C:\\Users\\rasyid\\Katalon Studio\\SauceDemo\\Reports\\20240916_190346\\YourInformation_Page\\YourInformation_Checkout\\20240916_190347\\1726488378312.png]]

2024-09-16 19:06:20 - [TEST_STEP][PASSED] - Video: Video recording for test case 'Test Cases/YourInformation_Page/Negative_Case/LastName_Null' .

2024-09-16 19:06:20 - [MESSAGE][INFO] - Video recording for test case 'Test Cases/YourInformation_Page/Negative_Case/LastName_Null' .]]></system-out>
         <system-err><![CDATA[2024-09-16 19:05:38 - [TEST_CASE][FAILED] - Test Cases/YourInformation_Page/Negative_Case/LastName_Null: Test Cases/YourInformation_Page/Negative_Case/LastName_Null FAILED.
Reason:
com.kms.katalon.core.exception.StepFailedException: Unable to verify object 'Object Repository/YourInformation_Page/Label_ErrorMessage' is visible
	at com.kms.katalon.core.webui.keyword.internal.WebUIKeywordMain.stepFailed(WebUIKeywordMain.groovy:64)
	at com.kms.katalon.core.webui.keyword.internal.WebUIKeywordMain.runKeyword(WebUIKeywordMain.groovy:26)
	at com.kms.katalon.core.webui.keyword.builtin.VerifyElementVisibleKeyword.verifyElementVisible(VerifyElementVisibleKeyword.groovy:97)
	at com.kms.katalon.core.webui.keyword.builtin.VerifyElementVisibleKeyword.execute(VerifyElementVisibleKeyword.groovy:67)
	at com.kms.katalon.core.keyword.internal.KeywordExecutor.executeKeywordForPlatform(KeywordExecutor.groovy:74)
	at com.kms.katalon.core.webui.keyword.WebUiBuiltInKeywords.verifyElementVisible(WebUiBuiltInKeywords.groovy:376)
	at com.kms.katalon.core.webui.keyword.WebUiBuiltInKeywords$verifyElementVisible$1.call(Unknown Source)
	at LastName_Null.run(LastName_Null:101)
	at com.kms.katalon.core.main.ScriptEngine.run(ScriptEngine.java:194)
	at com.kms.katalon.core.main.ScriptEngine.runScriptAsRawText(ScriptEngine.java:119)
	at com.kms.katalon.core.main.TestCaseExecutor.runScript(TestCaseExecutor.java:448)
	at com.kms.katalon.core.main.TestCaseExecutor.doExecute(TestCaseExecutor.java:439)
	at com.kms.katalon.core.main.TestCaseExecutor.processExecutionPhase(TestCaseExecutor.java:418)
	at com.kms.katalon.core.main.TestCaseExecutor.accessMainPhase(TestCaseExecutor.java:410)
	at com.kms.katalon.core.main.TestCaseExecutor.execute(TestCaseExecutor.java:285)
	at com.kms.katalon.core.common.CommonExecutor.accessTestCaseMainPhase(CommonExecutor.java:65)
	at com.kms.katalon.core.main.TestSuiteExecutor.accessTestSuiteMainPhase(TestSuiteExecutor.java:148)
	at com.kms.katalon.core.main.TestSuiteExecutor.execute(TestSuiteExecutor.java:106)
	at com.kms.katalon.core.main.TestCaseMain.startTestSuite(TestCaseMain.java:187)
	at com.kms.katalon.core.main.TestCaseMain$startTestSuite$0.call(Unknown Source)
	at TempTestSuite1726488227895.run(TempTestSuite1726488227895.groovy:35)
Caused by: com.kms.katalon.core.exception.StepFailedException: Web element with id: 'Object Repository/YourInformation_Page/Label_ErrorMessage' located by '//h3[@data-test='error']' not found
	at com.kms.katalon.core.webui.keyword.internal.WebUIKeywordMain.stepFailed(WebUIKeywordMain.groovy:64)
	at com.kms.katalon.core.webui.keyword.builtin.VerifyElementVisibleKeyword$_verifyElementVisible_closure1.doCall(VerifyElementVisibleKeyword.groovy:89)
	at com.kms.katalon.core.webui.keyword.builtin.VerifyElementVisibleKeyword$_verifyElementVisible_closure1.call(VerifyElementVisibleKeyword.groovy)
	at com.kms.katalon.core.webui.keyword.internal.WebUIKeywordMain.runKeyword(WebUIKeywordMain.groovy:20)
	... 19 more]]></system-err>
      </testcase>
      <testcase name="Test Cases/YourInformation_Page/Negative_Case/PostalCode_Null" time="35.411" classname="Test Cases/YourInformation_Page/Negative_Case/PostalCode_Null" status="FAILED">
         <failure type="FAILED" message="Test Cases/YourInformation_Page/Negative_Case/PostalCode_Null FAILED.
Reason:
com.kms.katalon.core.exception.StepFailedException: Unable to verify object 'Object Repository/YourInformation_Page/Label_Checkout Your Information' is visible
	at com.kms.katalon.core.webui.keyword.internal.WebUIKeywordMain.stepFailed(WebUIKeywordMain.groovy:64)
	at com.kms.katalon.core.webui.keyword.internal.WebUIKeywordMain.runKeyword(WebUIKeywordMain.groovy:26)
	at com.kms.katalon.core.webui.keyword.builtin.VerifyElementVisibleKeyword.verifyElementVisible(VerifyElementVisibleKeyword.groovy:97)
	at com.kms.katalon.core.webui.keyword.builtin.VerifyElementVisibleKeyword.execute(VerifyElementVisibleKeyword.groovy:67)
	at com.kms.katalon.core.keyword.internal.KeywordExecutor.executeKeywordForPlatform(KeywordExecutor.groovy:74)
	at com.kms.katalon.core.webui.keyword.WebUiBuiltInKeywords.verifyElementVisible(WebUiBuiltInKeywords.groovy:376)
	at com.kms.katalon.core.webui.keyword.WebUiBuiltInKeywords$verifyElementVisible$1.call(Unknown Source)
	at PostalCode_Null.run(PostalCode_Null:37)
	at com.kms.katalon.core.main.ScriptEngine.run(ScriptEngine.java:194)
	at com.kms.katalon.core.main.ScriptEngine.runScriptAsRawText(ScriptEngine.java:119)
	at com.kms.katalon.core.main.TestCaseExecutor.runScript(TestCaseExecutor.java:448)
	at com.kms.katalon.core.main.TestCaseExecutor.doExecute(TestCaseExecutor.java:439)
	at com.kms.katalon.core.main.TestCaseExecutor.processExecutionPhase(TestCaseExecutor.java:418)
	at com.kms.katalon.core.main.TestCaseExecutor.accessMainPhase(TestCaseExecutor.java:410)
	at com.kms.katalon.core.main.TestCaseExecutor.execute(TestCaseExecutor.java:285)
	at com.kms.katalon.core.common.CommonExecutor.accessTestCaseMainPhase(CommonExecutor.java:65)
	at com.kms.katalon.core.main.TestSuiteExecutor.accessTestSuiteMainPhase(TestSuiteExecutor.java:148)
	at com.kms.katalon.core.main.TestSuiteExecutor.execute(TestSuiteExecutor.java:106)
	at com.kms.katalon.core.main.TestCaseMain.startTestSuite(TestCaseMain.java:187)
	at com.kms.katalon.core.main.TestCaseMain$startTestSuite$0.call(Unknown Source)
	at TempTestSuite1726488227895.run(TempTestSuite1726488227895.groovy:35)
Caused by: com.kms.katalon.core.exception.StepFailedException: Web element with id: 'Object Repository/YourInformation_Page/Label_Checkout Your Information' located by '//span[contains(text(),'Checkout: Your Information')]' not found
	at com.kms.katalon.core.webui.keyword.internal.WebUIKeywordMain.stepFailed(WebUIKeywordMain.groovy:64)
	at com.kms.katalon.core.webui.keyword.builtin.VerifyElementVisibleKeyword$_verifyElementVisible_closure1.doCall(VerifyElementVisibleKeyword.groovy:89)
	at com.kms.katalon.core.webui.keyword.builtin.VerifyElementVisibleKeyword$_verifyElementVisible_closure1.call(VerifyElementVisibleKeyword.groovy)
	at com.kms.katalon.core.webui.keyword.internal.WebUIKeywordMain.runKeyword(WebUIKeywordMain.groovy:20)
	... 19 more
"/>
         <system-out><![CDATA[2024-09-16 19:06:20 - [TEST_CASE][FAILED] - Test Cases/YourInformation_Page/Negative_Case/PostalCode_Null: Test Cases/YourInformation_Page/Negative_Case/PostalCode_Null FAILED.
Reason:
com.kms.katalon.core.exception.StepFailedException: Unable to verify object 'Object Repository/YourInformation_Page/Label_Checkout Your Information' is visible
	at com.kms.katalon.core.webui.keyword.internal.WebUIKeywordMain.stepFailed(WebUIKeywordMain.groovy:64)
	at com.kms.katalon.core.webui.keyword.internal.WebUIKeywordMain.runKeyword(WebUIKeywordMain.groovy:26)
	at com.kms.katalon.core.webui.keyword.builtin.VerifyElementVisibleKeyword.verifyElementVisible(VerifyElementVisibleKeyword.groovy:97)
	at com.kms.katalon.core.webui.keyword.builtin.VerifyElementVisibleKeyword.execute(VerifyElementVisibleKeyword.groovy:67)
	at com.kms.katalon.core.keyword.internal.KeywordExecutor.executeKeywordForPlatform(KeywordExecutor.groovy:74)
	at com.kms.katalon.core.webui.keyword.WebUiBuiltInKeywords.verifyElementVisible(WebUiBuiltInKeywords.groovy:376)
	at com.kms.katalon.core.webui.keyword.WebUiBuiltInKeywords$verifyElementVisible$1.call(Unknown Source)
	at PostalCode_Null.run(PostalCode_Null:37)
	at com.kms.katalon.core.main.ScriptEngine.run(ScriptEngine.java:194)
	at com.kms.katalon.core.main.ScriptEngine.runScriptAsRawText(ScriptEngine.java:119)
	at com.kms.katalon.core.main.TestCaseExecutor.runScript(TestCaseExecutor.java:448)
	at com.kms.katalon.core.main.TestCaseExecutor.doExecute(TestCaseExecutor.java:439)
	at com.kms.katalon.core.main.TestCaseExecutor.processExecutionPhase(TestCaseExecutor.java:418)
	at com.kms.katalon.core.main.TestCaseExecutor.accessMainPhase(TestCaseExecutor.java:410)
	at com.kms.katalon.core.main.TestCaseExecutor.execute(TestCaseExecutor.java:285)
	at com.kms.katalon.core.common.CommonExecutor.accessTestCaseMainPhase(CommonExecutor.java:65)
	at com.kms.katalon.core.main.TestSuiteExecutor.accessTestSuiteMainPhase(TestSuiteExecutor.java:148)
	at com.kms.katalon.core.main.TestSuiteExecutor.execute(TestSuiteExecutor.java:106)
	at com.kms.katalon.core.main.TestCaseMain.startTestSuite(TestCaseMain.java:187)
	at com.kms.katalon.core.main.TestCaseMain$startTestSuite$0.call(Unknown Source)
	at TempTestSuite1726488227895.run(TempTestSuite1726488227895.groovy:35)
Caused by: com.kms.katalon.core.exception.StepFailedException: Web element with id: 'Object Repository/YourInformation_Page/Label_Checkout Your Information' located by '//span[contains(text(),'Checkout: Your Information')]' not found
	at com.kms.katalon.core.webui.keyword.internal.WebUIKeywordMain.stepFailed(WebUIKeywordMain.groovy:64)
	at com.kms.katalon.core.webui.keyword.builtin.VerifyElementVisibleKeyword$_verifyElementVisible_closure1.doCall(VerifyElementVisibleKeyword.groovy:89)
	at com.kms.katalon.core.webui.keyword.builtin.VerifyElementVisibleKeyword$_verifyElementVisible_closure1.call(VerifyElementVisibleKeyword.groovy)
	at com.kms.katalon.core.webui.keyword.internal.WebUIKeywordMain.runKeyword(WebUIKeywordMain.groovy:20)
	... 19 more


2024-09-16 19:06:20 - [TEST_STEP][PASSED] - verifyElementVisible(findTestObject("Global_Header/Label_Title")): Object 'Object Repository/Global_Header/Label_Title' is visible

2024-09-16 19:06:21 - [MESSAGE][PASSED] - Object 'Object Repository/Global_Header/Label_Title' is visible

2024-09-16 19:06:21 - [TEST_STEP][PASSED] - verifyElementVisible(findTestObject("Global_Header/Button_Cart")): Object 'Object Repository/Global_Header/Button_Cart' is visible

2024-09-16 19:06:21 - [MESSAGE][PASSED] - Object 'Object Repository/Global_Header/Button_Cart' is visible

2024-09-16 19:06:21 - [TEST_STEP][PASSED] - verifyElementClickable(findTestObject("Global_Header/Button_Cart")): Object 'Object Repository/Global_Header/Button_Cart' is clickable

2024-09-16 19:06:21 - [MESSAGE][PASSED] - Object 'Object Repository/Global_Header/Button_Cart' is clickable

2024-09-16 19:06:21 - [TEST_STEP][PASSED] - verifyElementVisible(findTestObject("Global_Header/Button_BurgerMenu")): Object 'Object Repository/Global_Header/Button_BurgerMenu' is visible

2024-09-16 19:06:22 - [MESSAGE][PASSED] - Object 'Object Repository/Global_Header/Button_BurgerMenu' is visible

2024-09-16 19:06:22 - [TEST_STEP][PASSED] - verifyElementClickable(findTestObject("Global_Header/Button_BurgerMenu")): Object 'Object Repository/Global_Header/Button_BurgerMenu' is clickable

2024-09-16 19:06:22 - [MESSAGE][PASSED] - Object 'Object Repository/Global_Header/Button_BurgerMenu' is clickable

2024-09-16 19:06:22 - [TEST_STEP][FAILED] - verifyElementVisible(findTestObject("YourInformation_Page/Label_Checkout Your Information")): Unable to verify object 'Object Repository/YourInformation_Page/Label_Checkout Your Information' is visible (Root cause: com.kms.katalon.core.exception.StepFailedException: Unable to verify object 'Object Repository/YourInformation_Page/Label_Checkout Your Information' is visible
	at com.kms.katalon.core.webui.keyword.internal.WebUIKeywordMain.stepFailed(WebUIKeywordMain.groovy:64)
	at com.kms.katalon.core.webui.keyword.internal.WebUIKeywordMain.runKeyword(WebUIKeywordMain.groovy:26)
	at com.kms.katalon.core.webui.keyword.builtin.VerifyElementVisibleKeyword.verifyElementVisible(VerifyElementVisibleKeyword.groovy:97)
	at com.kms.katalon.core.webui.keyword.builtin.VerifyElementVisibleKeyword.execute(VerifyElementVisibleKeyword.groovy:67)
	at com.kms.katalon.core.keyword.internal.KeywordExecutor.executeKeywordForPlatform(KeywordExecutor.groovy:74)
	at com.kms.katalon.core.webui.keyword.WebUiBuiltInKeywords.verifyElementVisible(WebUiBuiltInKeywords.groovy:376)
	at com.kms.katalon.core.webui.keyword.WebUiBuiltInKeywords$verifyElementVisible$1.call(Unknown Source)
	at PostalCode_Null.run(PostalCode_Null:37)
	at com.kms.katalon.core.main.ScriptEngine.run(ScriptEngine.java:194)
	at com.kms.katalon.core.main.ScriptEngine.runScriptAsRawText(ScriptEngine.java:119)
	at com.kms.katalon.core.main.TestCaseExecutor.runScript(TestCaseExecutor.java:448)
	at com.kms.katalon.core.main.TestCaseExecutor.doExecute(TestCaseExecutor.java:439)
	at com.kms.katalon.core.main.TestCaseExecutor.processExecutionPhase(TestCaseExecutor.java:418)
	at com.kms.katalon.core.main.TestCaseExecutor.accessMainPhase(TestCaseExecutor.java:410)
	at com.kms.katalon.core.main.TestCaseExecutor.execute(TestCaseExecutor.java:285)
	at com.kms.katalon.core.common.CommonExecutor.accessTestCaseMainPhase(CommonExecutor.java:65)
	at com.kms.katalon.core.main.TestSuiteExecutor.accessTestSuiteMainPhase(TestSuiteExecutor.java:148)
	at com.kms.katalon.core.main.TestSuiteExecutor.execute(TestSuiteExecutor.java:106)
	at com.kms.katalon.core.main.TestCaseMain.startTestSuite(TestCaseMain.java:187)
	at com.kms.katalon.core.main.TestCaseMain$startTestSuite$0.call(Unknown Source)
	at TempTestSuite1726488227895.run(TempTestSuite1726488227895.groovy:35)
Caused by: com.kms.katalon.core.exception.StepFailedException: Web element with id: 'Object Repository/YourInformation_Page/Label_Checkout Your Information' located by '//span[contains(text(),'Checkout: Your Information')]' not found
	at com.kms.katalon.core.webui.keyword.internal.WebUIKeywordMain.stepFailed(WebUIKeywordMain.groovy:64)
	at com.kms.katalon.core.webui.keyword.builtin.VerifyElementVisibleKeyword$_verifyElementVisible_closure1.doCall(VerifyElementVisibleKeyword.groovy:89)
	at com.kms.katalon.core.webui.keyword.builtin.VerifyElementVisibleKeyword$_verifyElementVisible_closure1.call(VerifyElementVisibleKeyword.groovy)
	at com.kms.katalon.core.webui.keyword.internal.WebUIKeywordMain.runKeyword(WebUIKeywordMain.groovy:20)
	... 19 more
)

2024-09-16 19:06:53 - [MESSAGE][INFO] - Unable to find the element located by 'By.xpath: //span[contains(text(),'Checkout: Your Information')]'. Please recheck the objects properties to make sure the desired element is located. 

2024-09-16 19:06:53 - [MESSAGE][FAILED] - Web element with id: 'Object Repository/YourInformation_Page/Label_Checkout Your Information' located by '//span[contains(text(),'Checkout: Your Information')]' not found (Root cause: com.kms.katalon.core.exception.StepFailedException: Web element with id: 'Object Repository/YourInformation_Page/Label_Checkout Your Information' located by '//span[contains(text(),'Checkout: Your Information')]' not found
	at com.kms.katalon.core.webui.keyword.internal.WebUIKeywordMain.stepFailed(WebUIKeywordMain.groovy:64)
	at com.kms.katalon.core.webui.keyword.builtin.VerifyElementVisibleKeyword$_verifyElementVisible_closure1.doCall(VerifyElementVisibleKeyword.groovy:89)
	at com.kms.katalon.core.webui.keyword.builtin.VerifyElementVisibleKeyword$_verifyElementVisible_closure1.call(VerifyElementVisibleKeyword.groovy)
	at com.kms.katalon.core.webui.keyword.internal.WebUIKeywordMain.runKeyword(WebUIKeywordMain.groovy:20)
	at com.kms.katalon.core.webui.keyword.builtin.VerifyElementVisibleKeyword.verifyElementVisible(VerifyElementVisibleKeyword.groovy:97)
	at com.kms.katalon.core.webui.keyword.builtin.VerifyElementVisibleKeyword.execute(VerifyElementVisibleKeyword.groovy:67)
	at com.kms.katalon.core.keyword.internal.KeywordExecutor.executeKeywordForPlatform(KeywordExecutor.groovy:74)
	at com.kms.katalon.core.webui.keyword.WebUiBuiltInKeywords.verifyElementVisible(WebUiBuiltInKeywords.groovy:376)
	at com.kms.katalon.core.webui.keyword.WebUiBuiltInKeywords$verifyElementVisible$1.call(Unknown Source)
	at PostalCode_Null.run(PostalCode_Null:37)
	at com.kms.katalon.core.main.ScriptEngine.run(ScriptEngine.java:194)
	at com.kms.katalon.core.main.ScriptEngine.runScriptAsRawText(ScriptEngine.java:119)
	at com.kms.katalon.core.main.TestCaseExecutor.runScript(TestCaseExecutor.java:448)
	at com.kms.katalon.core.main.TestCaseExecutor.doExecute(TestCaseExecutor.java:439)
	at com.kms.katalon.core.main.TestCaseExecutor.processExecutionPhase(TestCaseExecutor.java:418)
	at com.kms.katalon.core.main.TestCaseExecutor.accessMainPhase(TestCaseExecutor.java:410)
	at com.kms.katalon.core.main.TestCaseExecutor.execute(TestCaseExecutor.java:285)
	at com.kms.katalon.core.common.CommonExecutor.accessTestCaseMainPhase(CommonExecutor.java:65)
	at com.kms.katalon.core.main.TestSuiteExecutor.accessTestSuiteMainPhase(TestSuiteExecutor.java:148)
	at com.kms.katalon.core.main.TestSuiteExecutor.execute(TestSuiteExecutor.java:106)
	at com.kms.katalon.core.main.TestCaseMain.startTestSuite(TestCaseMain.java:187)
	at com.kms.katalon.core.main.TestCaseMain$startTestSuite$0.call(Unknown Source)
	at TempTestSuite1726488227895.run(TempTestSuite1726488227895.groovy:35)
)
[[ATTACHMENT|C:\\Users\\rasyid\\Katalon Studio\\SauceDemo\\Reports\\20240916_190346\\YourInformation_Page\\YourInformation_Checkout\\20240916_190347\\1726488413585.png]]

2024-09-16 19:06:53 - [MESSAGE][FAILED] - Unable to verify object 'Object Repository/YourInformation_Page/Label_Checkout Your Information' is visible (Root cause: com.kms.katalon.core.exception.StepFailedException: Unable to verify object 'Object Repository/YourInformation_Page/Label_Checkout Your Information' is visible
	at com.kms.katalon.core.webui.keyword.internal.WebUIKeywordMain.stepFailed(WebUIKeywordMain.groovy:64)
	at com.kms.katalon.core.webui.keyword.internal.WebUIKeywordMain.runKeyword(WebUIKeywordMain.groovy:26)
	at com.kms.katalon.core.webui.keyword.builtin.VerifyElementVisibleKeyword.verifyElementVisible(VerifyElementVisibleKeyword.groovy:97)
	at com.kms.katalon.core.webui.keyword.builtin.VerifyElementVisibleKeyword.execute(VerifyElementVisibleKeyword.groovy:67)
	at com.kms.katalon.core.keyword.internal.KeywordExecutor.executeKeywordForPlatform(KeywordExecutor.groovy:74)
	at com.kms.katalon.core.webui.keyword.WebUiBuiltInKeywords.verifyElementVisible(WebUiBuiltInKeywords.groovy:376)
	at com.kms.katalon.core.webui.keyword.WebUiBuiltInKeywords$verifyElementVisible$1.call(Unknown Source)
	at PostalCode_Null.run(PostalCode_Null:37)
	at com.kms.katalon.core.main.ScriptEngine.run(ScriptEngine.java:194)
	at com.kms.katalon.core.main.ScriptEngine.runScriptAsRawText(ScriptEngine.java:119)
	at com.kms.katalon.core.main.TestCaseExecutor.runScript(TestCaseExecutor.java:448)
	at com.kms.katalon.core.main.TestCaseExecutor.doExecute(TestCaseExecutor.java:439)
	at com.kms.katalon.core.main.TestCaseExecutor.processExecutionPhase(TestCaseExecutor.java:418)
	at com.kms.katalon.core.main.TestCaseExecutor.accessMainPhase(TestCaseExecutor.java:410)
	at com.kms.katalon.core.main.TestCaseExecutor.execute(TestCaseExecutor.java:285)
	at com.kms.katalon.core.common.CommonExecutor.accessTestCaseMainPhase(CommonExecutor.java:65)
	at com.kms.katalon.core.main.TestSuiteExecutor.accessTestSuiteMainPhase(TestSuiteExecutor.java:148)
	at com.kms.katalon.core.main.TestSuiteExecutor.execute(TestSuiteExecutor.java:106)
	at com.kms.katalon.core.main.TestCaseMain.startTestSuite(TestCaseMain.java:187)
	at com.kms.katalon.core.main.TestCaseMain$startTestSuite$0.call(Unknown Source)
	at TempTestSuite1726488227895.run(TempTestSuite1726488227895.groovy:35)
Caused by: com.kms.katalon.core.exception.StepFailedException: Web element with id: 'Object Repository/YourInformation_Page/Label_Checkout Your Information' located by '//span[contains(text(),'Checkout: Your Information')]' not found
	at com.kms.katalon.core.webui.keyword.internal.WebUIKeywordMain.stepFailed(WebUIKeywordMain.groovy:64)
	at com.kms.katalon.core.webui.keyword.builtin.VerifyElementVisibleKeyword$_verifyElementVisible_closure1.doCall(VerifyElementVisibleKeyword.groovy:89)
	at com.kms.katalon.core.webui.keyword.builtin.VerifyElementVisibleKeyword$_verifyElementVisible_closure1.call(VerifyElementVisibleKeyword.groovy)
	at com.kms.katalon.core.webui.keyword.internal.WebUIKeywordMain.runKeyword(WebUIKeywordMain.groovy:20)
	... 19 more
)
[[ATTACHMENT|C:\\Users\\rasyid\\Katalon Studio\\SauceDemo\\Reports\\20240916_190346\\YourInformation_Page\\YourInformation_Checkout\\20240916_190347\\1726488413685.png]]

2024-09-16 19:06:55 - [TEST_STEP][PASSED] - Video: Video recording for test case 'Test Cases/YourInformation_Page/Negative_Case/PostalCode_Null' .

2024-09-16 19:06:55 - [MESSAGE][INFO] - Video recording for test case 'Test Cases/YourInformation_Page/Negative_Case/PostalCode_Null' .]]></system-out>
         <system-err><![CDATA[2024-09-16 19:06:20 - [TEST_CASE][FAILED] - Test Cases/YourInformation_Page/Negative_Case/PostalCode_Null: Test Cases/YourInformation_Page/Negative_Case/PostalCode_Null FAILED.
Reason:
com.kms.katalon.core.exception.StepFailedException: Unable to verify object 'Object Repository/YourInformation_Page/Label_Checkout Your Information' is visible
	at com.kms.katalon.core.webui.keyword.internal.WebUIKeywordMain.stepFailed(WebUIKeywordMain.groovy:64)
	at com.kms.katalon.core.webui.keyword.internal.WebUIKeywordMain.runKeyword(WebUIKeywordMain.groovy:26)
	at com.kms.katalon.core.webui.keyword.builtin.VerifyElementVisibleKeyword.verifyElementVisible(VerifyElementVisibleKeyword.groovy:97)
	at com.kms.katalon.core.webui.keyword.builtin.VerifyElementVisibleKeyword.execute(VerifyElementVisibleKeyword.groovy:67)
	at com.kms.katalon.core.keyword.internal.KeywordExecutor.executeKeywordForPlatform(KeywordExecutor.groovy:74)
	at com.kms.katalon.core.webui.keyword.WebUiBuiltInKeywords.verifyElementVisible(WebUiBuiltInKeywords.groovy:376)
	at com.kms.katalon.core.webui.keyword.WebUiBuiltInKeywords$verifyElementVisible$1.call(Unknown Source)
	at PostalCode_Null.run(PostalCode_Null:37)
	at com.kms.katalon.core.main.ScriptEngine.run(ScriptEngine.java:194)
	at com.kms.katalon.core.main.ScriptEngine.runScriptAsRawText(ScriptEngine.java:119)
	at com.kms.katalon.core.main.TestCaseExecutor.runScript(TestCaseExecutor.java:448)
	at com.kms.katalon.core.main.TestCaseExecutor.doExecute(TestCaseExecutor.java:439)
	at com.kms.katalon.core.main.TestCaseExecutor.processExecutionPhase(TestCaseExecutor.java:418)
	at com.kms.katalon.core.main.TestCaseExecutor.accessMainPhase(TestCaseExecutor.java:410)
	at com.kms.katalon.core.main.TestCaseExecutor.execute(TestCaseExecutor.java:285)
	at com.kms.katalon.core.common.CommonExecutor.accessTestCaseMainPhase(CommonExecutor.java:65)
	at com.kms.katalon.core.main.TestSuiteExecutor.accessTestSuiteMainPhase(TestSuiteExecutor.java:148)
	at com.kms.katalon.core.main.TestSuiteExecutor.execute(TestSuiteExecutor.java:106)
	at com.kms.katalon.core.main.TestCaseMain.startTestSuite(TestCaseMain.java:187)
	at com.kms.katalon.core.main.TestCaseMain$startTestSuite$0.call(Unknown Source)
	at TempTestSuite1726488227895.run(TempTestSuite1726488227895.groovy:35)
Caused by: com.kms.katalon.core.exception.StepFailedException: Web element with id: 'Object Repository/YourInformation_Page/Label_Checkout Your Information' located by '//span[contains(text(),'Checkout: Your Information')]' not found
	at com.kms.katalon.core.webui.keyword.internal.WebUIKeywordMain.stepFailed(WebUIKeywordMain.groovy:64)
	at com.kms.katalon.core.webui.keyword.builtin.VerifyElementVisibleKeyword$_verifyElementVisible_closure1.doCall(VerifyElementVisibleKeyword.groovy:89)
	at com.kms.katalon.core.webui.keyword.builtin.VerifyElementVisibleKeyword$_verifyElementVisible_closure1.call(VerifyElementVisibleKeyword.groovy)
	at com.kms.katalon.core.webui.keyword.internal.WebUIKeywordMain.runKeyword(WebUIKeywordMain.groovy:20)
	... 19 more]]></system-err>
      </testcase>
      <system-out><![CDATA[2024-09-16 19:03:57 - [TEST_SUITE][FAILED] - YourInformation_Checkout: Test Cases/YourInformation_Page/Negative_Case/LastName_Null FAILED.
Reason:
com.kms.katalon.core.exception.StepFailedException: Unable to verify object 'Object Repository/YourInformation_Page/Label_ErrorMessage' is visible
	at com.kms.katalon.core.webui.keyword.internal.WebUIKeywordMain.stepFailed(WebUIKeywordMain.groovy:64)
	at com.kms.katalon.core.webui.keyword.internal.WebUIKeywordMain.runKeyword(WebUIKeywordMain.groovy:26)
	at com.kms.katalon.core.webui.keyword.builtin.VerifyElementVisibleKeyword.verifyElementVisible(VerifyElementVisibleKeyword.groovy:97)
	at com.kms.katalon.core.webui.keyword.builtin.VerifyElementVisibleKeyword.execute(VerifyElementVisibleKeyword.groovy:67)
	at com.kms.katalon.core.keyword.internal.KeywordExecutor.executeKeywordForPlatform(KeywordExecutor.groovy:74)
	at com.kms.katalon.core.webui.keyword.WebUiBuiltInKeywords.verifyElementVisible(WebUiBuiltInKeywords.groovy:376)
	at com.kms.katalon.core.webui.keyword.WebUiBuiltInKeywords$verifyElementVisible$1.call(Unknown Source)
	at LastName_Null.run(LastName_Null:101)
	at com.kms.katalon.core.main.ScriptEngine.run(ScriptEngine.java:194)
	at com.kms.katalon.core.main.ScriptEngine.runScriptAsRawText(ScriptEngine.java:119)
	at com.kms.katalon.core.main.TestCaseExecutor.runScript(TestCaseExecutor.java:448)
	at com.kms.katalon.core.main.TestCaseExecutor.doExecute(TestCaseExecutor.java:439)
	at com.kms.katalon.core.main.TestCaseExecutor.processExecutionPhase(TestCaseExecutor.java:418)
	at com.kms.katalon.core.main.TestCaseExecutor.accessMainPhase(TestCaseExecutor.java:410)
	at com.kms.katalon.core.main.TestCaseExecutor.execute(TestCaseExecutor.java:285)
	at com.kms.katalon.core.common.CommonExecutor.accessTestCaseMainPhase(CommonExecutor.java:65)
	at com.kms.katalon.core.main.TestSuiteExecutor.accessTestSuiteMainPhase(TestSuiteExecutor.java:148)
	at com.kms.katalon.core.main.TestSuiteExecutor.execute(TestSuiteExecutor.java:106)
	at com.kms.katalon.core.main.TestCaseMain.startTestSuite(TestCaseMain.java:187)
	at com.kms.katalon.core.main.TestCaseMain$startTestSuite$0.call(Unknown Source)
	at TempTestSuite1726488227895.run(TempTestSuite1726488227895.groovy:35)
Caused by: com.kms.katalon.core.exception.StepFailedException: Web element with id: 'Object Repository/YourInformation_Page/Label_ErrorMessage' located by '//h3[@data-test='error']' not found
	at com.kms.katalon.core.webui.keyword.internal.WebUIKeywordMain.stepFailed(WebUIKeywordMain.groovy:64)
	at com.kms.katalon.core.webui.keyword.builtin.VerifyElementVisibleKeyword$_verifyElementVisible_closure1.doCall(VerifyElementVisibleKeyword.groovy:89)
	at com.kms.katalon.core.webui.keyword.builtin.VerifyElementVisibleKeyword$_verifyElementVisible_closure1.call(VerifyElementVisibleKeyword.groovy)
	at com.kms.katalon.core.webui.keyword.internal.WebUIKeywordMain.runKeyword(WebUIKeywordMain.groovy:20)
	... 19 more]]></system-out>
      <system-err><![CDATA[2024-09-16 19:03:57 - [TEST_SUITE][FAILED] - YourInformation_Checkout: Test Cases/YourInformation_Page/Negative_Case/LastName_Null FAILED.
Reason:
com.kms.katalon.core.exception.StepFailedException: Unable to verify object 'Object Repository/YourInformation_Page/Label_ErrorMessage' is visible
	at com.kms.katalon.core.webui.keyword.internal.WebUIKeywordMain.stepFailed(WebUIKeywordMain.groovy:64)
	at com.kms.katalon.core.webui.keyword.internal.WebUIKeywordMain.runKeyword(WebUIKeywordMain.groovy:26)
	at com.kms.katalon.core.webui.keyword.builtin.VerifyElementVisibleKeyword.verifyElementVisible(VerifyElementVisibleKeyword.groovy:97)
	at com.kms.katalon.core.webui.keyword.builtin.VerifyElementVisibleKeyword.execute(VerifyElementVisibleKeyword.groovy:67)
	at com.kms.katalon.core.keyword.internal.KeywordExecutor.executeKeywordForPlatform(KeywordExecutor.groovy:74)
	at com.kms.katalon.core.webui.keyword.WebUiBuiltInKeywords.verifyElementVisible(WebUiBuiltInKeywords.groovy:376)
	at com.kms.katalon.core.webui.keyword.WebUiBuiltInKeywords$verifyElementVisible$1.call(Unknown Source)
	at LastName_Null.run(LastName_Null:101)
	at com.kms.katalon.core.main.ScriptEngine.run(ScriptEngine.java:194)
	at com.kms.katalon.core.main.ScriptEngine.runScriptAsRawText(ScriptEngine.java:119)
	at com.kms.katalon.core.main.TestCaseExecutor.runScript(TestCaseExecutor.java:448)
	at com.kms.katalon.core.main.TestCaseExecutor.doExecute(TestCaseExecutor.java:439)
	at com.kms.katalon.core.main.TestCaseExecutor.processExecutionPhase(TestCaseExecutor.java:418)
	at com.kms.katalon.core.main.TestCaseExecutor.accessMainPhase(TestCaseExecutor.java:410)
	at com.kms.katalon.core.main.TestCaseExecutor.execute(TestCaseExecutor.java:285)
	at com.kms.katalon.core.common.CommonExecutor.accessTestCaseMainPhase(CommonExecutor.java:65)
	at com.kms.katalon.core.main.TestSuiteExecutor.accessTestSuiteMainPhase(TestSuiteExecutor.java:148)
	at com.kms.katalon.core.main.TestSuiteExecutor.execute(TestSuiteExecutor.java:106)
	at com.kms.katalon.core.main.TestCaseMain.startTestSuite(TestCaseMain.java:187)
	at com.kms.katalon.core.main.TestCaseMain$startTestSuite$0.call(Unknown Source)
	at TempTestSuite1726488227895.run(TempTestSuite1726488227895.groovy:35)
Caused by: com.kms.katalon.core.exception.StepFailedException: Web element with id: 'Object Repository/YourInformation_Page/Label_ErrorMessage' located by '//h3[@data-test='error']' not found
	at com.kms.katalon.core.webui.keyword.internal.WebUIKeywordMain.stepFailed(WebUIKeywordMain.groovy:64)
	at com.kms.katalon.core.webui.keyword.builtin.VerifyElementVisibleKeyword$_verifyElementVisible_closure1.doCall(VerifyElementVisibleKeyword.groovy:89)
	at com.kms.katalon.core.webui.keyword.builtin.VerifyElementVisibleKeyword$_verifyElementVisible_closure1.call(VerifyElementVisibleKeyword.groovy)
	at com.kms.katalon.core.webui.keyword.internal.WebUIKeywordMain.runKeyword(WebUIKeywordMain.groovy:20)
	... 19 more]]></system-err>
   </testsuite>
</testsuites>
