<?xml version="1.0" encoding="UTF-8"?>
<testsuites name="AddToCart" time="25.624" tests="7" failures="0" errors="6">
   <testsuite name="AddToCart" tests="7" failures="0" errors="6" time="25.624" skipped="0" timestamp="2024-09-15 15:44:08" hostname="rasyid - DESKTOP-R622UHT" id="Test Suites/Product_Page_Suites/AddToCart">
      <properties>
         <property name="deviceName" value=""/>
         <property name="devicePlatform" value=""/>
         <property name="logFolder" value="C:\\Users\\rasyid\\Katalon Studio\\SauceDemo\\Reports\\20240915_154358\\Product_Page_Suites\\AddToCart\\20240915_154359"/>
         <property name="logFiles" value="C:\\Users\\rasyid\\Katalon Studio\\SauceDemo\\Reports\\20240915_154358\\Product_Page_Suites\\AddToCart\\20240915_154359\\execution0.log"/>
         <property name="attachments" value="C:\\Users\\rasyid\\Katalon Studio\\SauceDemo\\Reports\\20240915_154358\\Product_Page_Suites\\AddToCart\\20240915_154359\\1726389856082.png, C:\\Users\\rasyid\\Katalon Studio\\SauceDemo\\Reports\\20240915_154358\\Product_Page_Suites\\AddToCart\\20240915_154359\\1726389857443.png, C:\\Users\\rasyid\\Katalon Studio\\SauceDemo\\Reports\\20240915_154358\\Product_Page_Suites\\AddToCart\\20240915_154359\\1726389858749.png"/>
         <property name="hostName" value="rasyid - DESKTOP-R622UHT"/>
         <property name="os" value="Windows 10 64bit"/>
         <property name="katalonVersion" value="8.6.9.208"/>
         <property name="browser" value="Chrome 128.0.0.0"/>
         <property name="hostAddress" value="26.103.121.102"/>
         <property name="sessionId" value="436905553a5d7043ed41eb2b389ddae9"/>
         <property name="seleniumVersion" value="3.141.59"/>
         <property name="proxyInformation" value="ProxyInformation { proxyOption=NO_PROXY, proxyServerType=HTTP, username=, password=********, proxyServerAddress=, proxyServerPort=0, executionList=&quot;&quot;, isApplyToDesiredCapabilities=true }"/>
         <property name="platform" value="Windows 10"/>
      </properties>
      <testcase name="Test Cases/Login_Page/Positive_Case/Login" time="12.592" classname="Test Cases/Login_Page/Positive_Case/Login" status="PASSED">
         <system-out><![CDATA[2024-09-15 15:44:09 - [TEST_CASE][PASSED] - Test Cases/Login_Page/Positive_Case/Login: Test Cases/Login_Page/Positive_Case/Login

2024-09-15 15:44:09 - [TEST_STEP][PASSED] - openBrowser(loginUrl): Browser is opened with url: 'https://www.saucedemo.com/'

2024-09-15 15:44:09 - [MESSAGE][INFO] - Starting 'Chrome' driver

2024-09-15 15:44:10 - [MESSAGE][INFO] - Action delay is set to 0 milliseconds

2024-09-15 15:44:13 - [MESSAGE][PASSED] - Browser is opened with url: 'https://www.saucedemo.com/'

2024-09-15 15:44:13 - [TEST_STEP][PASSED] - maximizeWindow(): Current window maximized

2024-09-15 15:44:13 - [MESSAGE][PASSED] - Current window maximized

2024-09-15 15:44:13 - [TEST_STEP][PASSED] - verifyElementVisible(findTestObject("Login_Page/Label_LoginTitle")): Object 'Object Repository/Login_Page/Label_LoginTitle' is visible

2024-09-15 15:44:14 - [MESSAGE][PASSED] - Object 'Object Repository/Login_Page/Label_LoginTitle' is visible

2024-09-15 15:44:14 - [TEST_STEP][PASSED] - verifyElementVisible(findTestObject("Login_Page/TextArea_Username")): Object 'Object Repository/Login_Page/TextArea_Username' is visible

2024-09-15 15:44:15 - [MESSAGE][PASSED] - Object 'Object Repository/Login_Page/TextArea_Username' is visible

2024-09-15 15:44:15 - [TEST_STEP][PASSED] - verifyElementVisible(findTestObject("Login_Page/TextArea_Password")): Object 'Object Repository/Login_Page/TextArea_Password' is visible

2024-09-15 15:44:15 - [MESSAGE][PASSED] - Object 'Object Repository/Login_Page/TextArea_Password' is visible

2024-09-15 15:44:15 - [TEST_STEP][PASSED] - verifyElementVisible(findTestObject("Login_Page/Button_Login")): Object 'Object Repository/Login_Page/Button_Login' is visible

2024-09-15 15:44:15 - [MESSAGE][PASSED] - Object 'Object Repository/Login_Page/Button_Login' is visible

2024-09-15 15:44:15 - [TEST_STEP][PASSED] - takeScreenshot(): Taking screenshot successfully

2024-09-15 15:44:16 - [MESSAGE][PASSED] - Taking screenshot successfully
[[ATTACHMENT|C:\\Users\\rasyid\\Katalon Studio\\SauceDemo\\Reports\\20240915_154358\\Product_Page_Suites\\AddToCart\\20240915_154359\\1726389856082.png]]

2024-09-15 15:44:16 - [TEST_STEP][PASSED] - setText(findTestObject("Login_Page/TextArea_Username"), userName): Text 'standard_user' is set on object 'Object Repository/Login_Page/TextArea_Username'

2024-09-15 15:44:16 - [MESSAGE][PASSED] - Text 'standard_user' is set on object 'Object Repository/Login_Page/TextArea_Username'

2024-09-15 15:44:16 - [TEST_STEP][PASSED] - username = getAttribute(findTestObject("Login_Page/TextArea_Username"), "value"): Attribute 'value' of object 'Object Repository/Login_Page/TextArea_Username' is: 'standard_user'

2024-09-15 15:44:17 - [MESSAGE][PASSED] - Attribute 'value' of object 'Object Repository/Login_Page/TextArea_Username' is: 'standard_user'

2024-09-15 15:44:17 - [TEST_STEP][PASSED] - takeScreenshot(): Taking screenshot successfully

2024-09-15 15:44:17 - [MESSAGE][PASSED] - Taking screenshot successfully
[[ATTACHMENT|C:\\Users\\rasyid\\Katalon Studio\\SauceDemo\\Reports\\20240915_154358\\Product_Page_Suites\\AddToCart\\20240915_154359\\1726389857443.png]]

2024-09-15 15:44:17 - [TEST_STEP][PASSED] - pass = setText(findTestObject("Login_Page/TextArea_Password"), password): Text 'secret_sauce' is set on object 'Object Repository/Login_Page/TextArea_Password'

2024-09-15 15:44:18 - [MESSAGE][PASSED] - Text 'secret_sauce' is set on object 'Object Repository/Login_Page/TextArea_Password'

2024-09-15 15:44:18 - [TEST_STEP][PASSED] - getAttribute(findTestObject("Login_Page/TextArea_Password"), "value"): Attribute 'value' of object 'Object Repository/Login_Page/TextArea_Password' is: 'secret_sauce'

2024-09-15 15:44:18 - [MESSAGE][PASSED] - Attribute 'value' of object 'Object Repository/Login_Page/TextArea_Password' is: 'secret_sauce'

2024-09-15 15:44:18 - [TEST_STEP][PASSED] - takeScreenshot(): Taking screenshot successfully

2024-09-15 15:44:18 - [MESSAGE][PASSED] - Taking screenshot successfully
[[ATTACHMENT|C:\\Users\\rasyid\\Katalon Studio\\SauceDemo\\Reports\\20240915_154358\\Product_Page_Suites\\AddToCart\\20240915_154359\\1726389858749.png]]

2024-09-15 15:44:18 - [TEST_STEP][PASSED] - verifyElementClickable(findTestObject("Login_Page/Button_Login")): Object 'Object Repository/Login_Page/Button_Login' is clickable

2024-09-15 15:44:19 - [MESSAGE][PASSED] - Object 'Object Repository/Login_Page/Button_Login' is clickable

2024-09-15 15:44:19 - [TEST_STEP][PASSED] - click(findTestObject("Login_Page/Button_Login")): Object: 'Object Repository/Login_Page/Button_Login' is clicked on

2024-09-15 15:44:19 - [MESSAGE][PASSED] - Object: 'Object Repository/Login_Page/Button_Login' is clicked on]]></system-out>
         <system-err><![CDATA[]]></system-err>
      </testcase>
      <testcase name="Test Cases/Product_Page/AddToCart_Products" time="2.442" classname="Test Cases/Product_Page/AddToCart_Products" status="ERROR">
         <error type="ERROR" message="Test Cases/Product_Page/AddToCart_Products FAILED.
Reason:
java.lang.IllegalArgumentException: Cannot find test data with id 'Data Files/productData.xlsx' because (of) 'java.lang.IllegalArgumentException: Test data with id 'Data Files/productData.xlsx' does not exist'
	at com.kms.katalon.core.testdata.TestDataFactory.findTestData(TestDataFactory.java:132)
	at com.kms.katalon.core.testdata.TestDataFactory$findTestData.callStatic(Unknown Source)
	at packaged.verifyproduct.verifyProductName(verifyproduct.groovy:28)
	at packaged.verifyproduct.invokeMethod(verifyproduct.groovy)
	at com.kms.katalon.core.main.CustomKeywordDelegatingMetaClass.invokeStaticMethod(CustomKeywordDelegatingMetaClass.java:55)
	at AddToCart_Products.run(AddToCart_Products:20)
	at com.kms.katalon.core.main.ScriptEngine.run(ScriptEngine.java:194)
	at com.kms.katalon.core.main.ScriptEngine.runScriptAsRawText(ScriptEngine.java:119)
	at com.kms.katalon.core.main.TestCaseExecutor.runScript(TestCaseExecutor.java:448)
	at com.kms.katalon.core.main.TestCaseExecutor.doExecute(TestCaseExecutor.java:439)
	at com.kms.katalon.core.main.TestCaseExecutor.processExecutionPhase(TestCaseExecutor.java:418)
	at com.kms.katalon.core.main.TestCaseExecutor.accessMainPhase(TestCaseExecutor.java:410)
	at com.kms.katalon.core.main.TestCaseExecutor.execute(TestCaseExecutor.java:285)
	at com.kms.katalon.core.common.CommonExecutor.accessTestCaseMainPhase(CommonExecutor.java:65)
	at com.kms.katalon.core.main.TestSuiteExecutor.accessTestSuiteMainPhase(TestSuiteExecutor.java:148)
	at com.kms.katalon.core.main.TestSuiteExecutor.execute(TestSuiteExecutor.java:106)
	at com.kms.katalon.core.main.TestCaseMain.startTestSuite(TestCaseMain.java:187)
	at com.kms.katalon.core.main.TestCaseMain$startTestSuite$0.call(Unknown Source)
	at TempTestSuite1726389839915.run(TempTestSuite1726389839915.groovy:35)
"/>
         <system-out><![CDATA[2024-09-15 15:44:21 - [TEST_CASE][ERROR] - Test Cases/Product_Page/AddToCart_Products: Test Cases/Product_Page/AddToCart_Products FAILED.
Reason:
java.lang.IllegalArgumentException: Cannot find test data with id 'Data Files/productData.xlsx' because (of) 'java.lang.IllegalArgumentException: Test data with id 'Data Files/productData.xlsx' does not exist'
	at com.kms.katalon.core.testdata.TestDataFactory.findTestData(TestDataFactory.java:132)
	at com.kms.katalon.core.testdata.TestDataFactory$findTestData.callStatic(Unknown Source)
	at packaged.verifyproduct.verifyProductName(verifyproduct.groovy:28)
	at packaged.verifyproduct.invokeMethod(verifyproduct.groovy)
	at com.kms.katalon.core.main.CustomKeywordDelegatingMetaClass.invokeStaticMethod(CustomKeywordDelegatingMetaClass.java:55)
	at AddToCart_Products.run(AddToCart_Products:20)
	at com.kms.katalon.core.main.ScriptEngine.run(ScriptEngine.java:194)
	at com.kms.katalon.core.main.ScriptEngine.runScriptAsRawText(ScriptEngine.java:119)
	at com.kms.katalon.core.main.TestCaseExecutor.runScript(TestCaseExecutor.java:448)
	at com.kms.katalon.core.main.TestCaseExecutor.doExecute(TestCaseExecutor.java:439)
	at com.kms.katalon.core.main.TestCaseExecutor.processExecutionPhase(TestCaseExecutor.java:418)
	at com.kms.katalon.core.main.TestCaseExecutor.accessMainPhase(TestCaseExecutor.java:410)
	at com.kms.katalon.core.main.TestCaseExecutor.execute(TestCaseExecutor.java:285)
	at com.kms.katalon.core.common.CommonExecutor.accessTestCaseMainPhase(CommonExecutor.java:65)
	at com.kms.katalon.core.main.TestSuiteExecutor.accessTestSuiteMainPhase(TestSuiteExecutor.java:148)
	at com.kms.katalon.core.main.TestSuiteExecutor.execute(TestSuiteExecutor.java:106)
	at com.kms.katalon.core.main.TestCaseMain.startTestSuite(TestCaseMain.java:187)
	at com.kms.katalon.core.main.TestCaseMain$startTestSuite$0.call(Unknown Source)
	at TempTestSuite1726389839915.run(TempTestSuite1726389839915.groovy:35)


2024-09-15 15:44:21 - [TEST_STEP][ERROR] - packaged.verifyproduct.verifyProductName(): Test Cases/Product_Page/AddToCart_Products FAILED.
Reason:
com.kms.katalon.core.exception.StepErrorException: java.lang.IllegalArgumentException: Cannot find test data with id 'Data Files/productData.xlsx' because (of) 'java.lang.IllegalArgumentException: Test data with id 'Data Files/productData.xlsx' does not exist'
	at com.kms.katalon.core.main.CustomKeywordDelegatingMetaClass.throwError(CustomKeywordDelegatingMetaClass.java:101)
	at com.kms.katalon.core.main.CustomKeywordDelegatingMetaClass.invokeStaticMethod(CustomKeywordDelegatingMetaClass.java:73)
	at AddToCart_Products.run(AddToCart_Products:20)
	at com.kms.katalon.core.main.ScriptEngine.run(ScriptEngine.java:194)
	at com.kms.katalon.core.main.ScriptEngine.runScriptAsRawText(ScriptEngine.java:119)
	at com.kms.katalon.core.main.TestCaseExecutor.runScript(TestCaseExecutor.java:448)
	at com.kms.katalon.core.main.TestCaseExecutor.doExecute(TestCaseExecutor.java:439)
	at com.kms.katalon.core.main.TestCaseExecutor.processExecutionPhase(TestCaseExecutor.java:418)
	at com.kms.katalon.core.main.TestCaseExecutor.accessMainPhase(TestCaseExecutor.java:410)
	at com.kms.katalon.core.main.TestCaseExecutor.execute(TestCaseExecutor.java:285)
	at com.kms.katalon.core.common.CommonExecutor.accessTestCaseMainPhase(CommonExecutor.java:65)
	at com.kms.katalon.core.main.TestSuiteExecutor.accessTestSuiteMainPhase(TestSuiteExecutor.java:148)
	at com.kms.katalon.core.main.TestSuiteExecutor.execute(TestSuiteExecutor.java:106)
	at com.kms.katalon.core.main.TestCaseMain.startTestSuite(TestCaseMain.java:187)
	at com.kms.katalon.core.main.TestCaseMain$startTestSuite$0.call(Unknown Source)
	at TempTestSuite1726389839915.run(TempTestSuite1726389839915.groovy:35)
Caused by: java.lang.IllegalArgumentException: Cannot find test data with id 'Data Files/productData.xlsx' because (of) 'java.lang.IllegalArgumentException: Test data with id 'Data Files/productData.xlsx' does not exist'
	at com.kms.katalon.core.testdata.TestDataFactory.findTestData(TestDataFactory.java:132)
	at com.kms.katalon.core.testdata.TestDataFactory$findTestData.callStatic(Unknown Source)
	at packaged.verifyproduct.verifyProductName(verifyproduct.groovy:28)
	at packaged.verifyproduct.invokeMethod(verifyproduct.groovy)
	at com.kms.katalon.core.main.CustomKeywordDelegatingMetaClass.invokeStaticMethod(CustomKeywordDelegatingMetaClass.java:55)
	... 14 more


2024-09-15 15:44:22 - [MESSAGE][ERROR] - Cannot find test data with id 'Data Files/productData.xlsx' because (of) 'java.lang.IllegalArgumentException: Test data with id 'Data Files/productData.xlsx' does not exist'

2024-09-15 15:44:22 - [MESSAGE][ERROR] - Test Cases/Product_Page/AddToCart_Products FAILED.
Reason:
com.kms.katalon.core.exception.StepErrorException: java.lang.IllegalArgumentException: Cannot find test data with id 'Data Files/productData.xlsx' because (of) 'java.lang.IllegalArgumentException: Test data with id 'Data Files/productData.xlsx' does not exist'
	at com.kms.katalon.core.main.CustomKeywordDelegatingMetaClass.throwError(CustomKeywordDelegatingMetaClass.java:101)
	at com.kms.katalon.core.main.CustomKeywordDelegatingMetaClass.invokeStaticMethod(CustomKeywordDelegatingMetaClass.java:73)
	at AddToCart_Products.run(AddToCart_Products:20)
	at com.kms.katalon.core.main.ScriptEngine.run(ScriptEngine.java:194)
	at com.kms.katalon.core.main.ScriptEngine.runScriptAsRawText(ScriptEngine.java:119)
	at com.kms.katalon.core.main.TestCaseExecutor.runScript(TestCaseExecutor.java:448)
	at com.kms.katalon.core.main.TestCaseExecutor.doExecute(TestCaseExecutor.java:439)
	at com.kms.katalon.core.main.TestCaseExecutor.processExecutionPhase(TestCaseExecutor.java:418)
	at com.kms.katalon.core.main.TestCaseExecutor.accessMainPhase(TestCaseExecutor.java:410)
	at com.kms.katalon.core.main.TestCaseExecutor.execute(TestCaseExecutor.java:285)
	at com.kms.katalon.core.common.CommonExecutor.accessTestCaseMainPhase(CommonExecutor.java:65)
	at com.kms.katalon.core.main.TestSuiteExecutor.accessTestSuiteMainPhase(TestSuiteExecutor.java:148)
	at com.kms.katalon.core.main.TestSuiteExecutor.execute(TestSuiteExecutor.java:106)
	at com.kms.katalon.core.main.TestCaseMain.startTestSuite(TestCaseMain.java:187)
	at com.kms.katalon.core.main.TestCaseMain$startTestSuite$0.call(Unknown Source)
	at TempTestSuite1726389839915.run(TempTestSuite1726389839915.groovy:35)
Caused by: java.lang.IllegalArgumentException: Cannot find test data with id 'Data Files/productData.xlsx' because (of) 'java.lang.IllegalArgumentException: Test data with id 'Data Files/productData.xlsx' does not exist'
	at com.kms.katalon.core.testdata.TestDataFactory.findTestData(TestDataFactory.java:132)
	at com.kms.katalon.core.testdata.TestDataFactory$findTestData.callStatic(Unknown Source)
	at packaged.verifyproduct.verifyProductName(verifyproduct.groovy:28)
	at packaged.verifyproduct.invokeMethod(verifyproduct.groovy)
	at com.kms.katalon.core.main.CustomKeywordDelegatingMetaClass.invokeStaticMethod(CustomKeywordDelegatingMetaClass.java:55)
	... 14 more


2024-09-15 15:44:24 - [TEST_STEP][PASSED] - Video: Video recording for test case 'Test Cases/Product_Page/AddToCart_Products' .

2024-09-15 15:44:24 - [MESSAGE][INFO] - Video recording for test case 'Test Cases/Product_Page/AddToCart_Products' .]]></system-out>
         <system-err><![CDATA[2024-09-15 15:44:21 - [TEST_CASE][ERROR] - Test Cases/Product_Page/AddToCart_Products: Test Cases/Product_Page/AddToCart_Products FAILED.
Reason:
java.lang.IllegalArgumentException: Cannot find test data with id 'Data Files/productData.xlsx' because (of) 'java.lang.IllegalArgumentException: Test data with id 'Data Files/productData.xlsx' does not exist'
	at com.kms.katalon.core.testdata.TestDataFactory.findTestData(TestDataFactory.java:132)
	at com.kms.katalon.core.testdata.TestDataFactory$findTestData.callStatic(Unknown Source)
	at packaged.verifyproduct.verifyProductName(verifyproduct.groovy:28)
	at packaged.verifyproduct.invokeMethod(verifyproduct.groovy)
	at com.kms.katalon.core.main.CustomKeywordDelegatingMetaClass.invokeStaticMethod(CustomKeywordDelegatingMetaClass.java:55)
	at AddToCart_Products.run(AddToCart_Products:20)
	at com.kms.katalon.core.main.ScriptEngine.run(ScriptEngine.java:194)
	at com.kms.katalon.core.main.ScriptEngine.runScriptAsRawText(ScriptEngine.java:119)
	at com.kms.katalon.core.main.TestCaseExecutor.runScript(TestCaseExecutor.java:448)
	at com.kms.katalon.core.main.TestCaseExecutor.doExecute(TestCaseExecutor.java:439)
	at com.kms.katalon.core.main.TestCaseExecutor.processExecutionPhase(TestCaseExecutor.java:418)
	at com.kms.katalon.core.main.TestCaseExecutor.accessMainPhase(TestCaseExecutor.java:410)
	at com.kms.katalon.core.main.TestCaseExecutor.execute(TestCaseExecutor.java:285)
	at com.kms.katalon.core.common.CommonExecutor.accessTestCaseMainPhase(CommonExecutor.java:65)
	at com.kms.katalon.core.main.TestSuiteExecutor.accessTestSuiteMainPhase(TestSuiteExecutor.java:148)
	at com.kms.katalon.core.main.TestSuiteExecutor.execute(TestSuiteExecutor.java:106)
	at com.kms.katalon.core.main.TestCaseMain.startTestSuite(TestCaseMain.java:187)
	at com.kms.katalon.core.main.TestCaseMain$startTestSuite$0.call(Unknown Source)
	at TempTestSuite1726389839915.run(TempTestSuite1726389839915.groovy:35)]]></system-err>
      </testcase>
      <testcase name="Test Cases/Product_Page/AddToCart_Products" time="2.024" classname="Test Cases/Product_Page/AddToCart_Products" status="ERROR">
         <error type="ERROR" message="Test Cases/Product_Page/AddToCart_Products FAILED.
Reason:
java.lang.IllegalArgumentException: Cannot find test data with id 'Data Files/productData.xlsx' because (of) 'java.lang.IllegalArgumentException: Test data with id 'Data Files/productData.xlsx' does not exist'
	at com.kms.katalon.core.testdata.TestDataFactory.findTestData(TestDataFactory.java:132)
	at com.kms.katalon.core.testdata.TestDataFactory$findTestData.callStatic(Unknown Source)
	at packaged.verifyproduct.verifyProductName(verifyproduct.groovy:28)
	at packaged.verifyproduct.invokeMethod(verifyproduct.groovy)
	at com.kms.katalon.core.main.CustomKeywordDelegatingMetaClass.invokeStaticMethod(CustomKeywordDelegatingMetaClass.java:55)
	at AddToCart_Products.run(AddToCart_Products:20)
	at com.kms.katalon.core.main.ScriptEngine.run(ScriptEngine.java:194)
	at com.kms.katalon.core.main.ScriptEngine.runScriptAsRawText(ScriptEngine.java:119)
	at com.kms.katalon.core.main.TestCaseExecutor.runScript(TestCaseExecutor.java:448)
	at com.kms.katalon.core.main.TestCaseExecutor.doExecute(TestCaseExecutor.java:439)
	at com.kms.katalon.core.main.TestCaseExecutor.processExecutionPhase(TestCaseExecutor.java:418)
	at com.kms.katalon.core.main.TestCaseExecutor.accessMainPhase(TestCaseExecutor.java:410)
	at com.kms.katalon.core.main.TestCaseExecutor.execute(TestCaseExecutor.java:285)
	at com.kms.katalon.core.common.CommonExecutor.accessTestCaseMainPhase(CommonExecutor.java:65)
	at com.kms.katalon.core.main.TestSuiteExecutor.accessTestSuiteMainPhase(TestSuiteExecutor.java:148)
	at com.kms.katalon.core.main.TestSuiteExecutor.execute(TestSuiteExecutor.java:106)
	at com.kms.katalon.core.main.TestCaseMain.startTestSuite(TestCaseMain.java:187)
	at com.kms.katalon.core.main.TestCaseMain$startTestSuite$0.call(Unknown Source)
	at TempTestSuite1726389839915.run(TempTestSuite1726389839915.groovy:35)
"/>
         <system-out><![CDATA[2024-09-15 15:44:24 - [TEST_CASE][ERROR] - Test Cases/Product_Page/AddToCart_Products: Test Cases/Product_Page/AddToCart_Products FAILED.
Reason:
java.lang.IllegalArgumentException: Cannot find test data with id 'Data Files/productData.xlsx' because (of) 'java.lang.IllegalArgumentException: Test data with id 'Data Files/productData.xlsx' does not exist'
	at com.kms.katalon.core.testdata.TestDataFactory.findTestData(TestDataFactory.java:132)
	at com.kms.katalon.core.testdata.TestDataFactory$findTestData.callStatic(Unknown Source)
	at packaged.verifyproduct.verifyProductName(verifyproduct.groovy:28)
	at packaged.verifyproduct.invokeMethod(verifyproduct.groovy)
	at com.kms.katalon.core.main.CustomKeywordDelegatingMetaClass.invokeStaticMethod(CustomKeywordDelegatingMetaClass.java:55)
	at AddToCart_Products.run(AddToCart_Products:20)
	at com.kms.katalon.core.main.ScriptEngine.run(ScriptEngine.java:194)
	at com.kms.katalon.core.main.ScriptEngine.runScriptAsRawText(ScriptEngine.java:119)
	at com.kms.katalon.core.main.TestCaseExecutor.runScript(TestCaseExecutor.java:448)
	at com.kms.katalon.core.main.TestCaseExecutor.doExecute(TestCaseExecutor.java:439)
	at com.kms.katalon.core.main.TestCaseExecutor.processExecutionPhase(TestCaseExecutor.java:418)
	at com.kms.katalon.core.main.TestCaseExecutor.accessMainPhase(TestCaseExecutor.java:410)
	at com.kms.katalon.core.main.TestCaseExecutor.execute(TestCaseExecutor.java:285)
	at com.kms.katalon.core.common.CommonExecutor.accessTestCaseMainPhase(CommonExecutor.java:65)
	at com.kms.katalon.core.main.TestSuiteExecutor.accessTestSuiteMainPhase(TestSuiteExecutor.java:148)
	at com.kms.katalon.core.main.TestSuiteExecutor.execute(TestSuiteExecutor.java:106)
	at com.kms.katalon.core.main.TestCaseMain.startTestSuite(TestCaseMain.java:187)
	at com.kms.katalon.core.main.TestCaseMain$startTestSuite$0.call(Unknown Source)
	at TempTestSuite1726389839915.run(TempTestSuite1726389839915.groovy:35)


2024-09-15 15:44:24 - [TEST_STEP][ERROR] - packaged.verifyproduct.verifyProductName(): Test Cases/Product_Page/AddToCart_Products FAILED.
Reason:
com.kms.katalon.core.exception.StepErrorException: java.lang.IllegalArgumentException: Cannot find test data with id 'Data Files/productData.xlsx' because (of) 'java.lang.IllegalArgumentException: Test data with id 'Data Files/productData.xlsx' does not exist'
	at com.kms.katalon.core.main.CustomKeywordDelegatingMetaClass.throwError(CustomKeywordDelegatingMetaClass.java:101)
	at com.kms.katalon.core.main.CustomKeywordDelegatingMetaClass.invokeStaticMethod(CustomKeywordDelegatingMetaClass.java:73)
	at AddToCart_Products.run(AddToCart_Products:20)
	at com.kms.katalon.core.main.ScriptEngine.run(ScriptEngine.java:194)
	at com.kms.katalon.core.main.ScriptEngine.runScriptAsRawText(ScriptEngine.java:119)
	at com.kms.katalon.core.main.TestCaseExecutor.runScript(TestCaseExecutor.java:448)
	at com.kms.katalon.core.main.TestCaseExecutor.doExecute(TestCaseExecutor.java:439)
	at com.kms.katalon.core.main.TestCaseExecutor.processExecutionPhase(TestCaseExecutor.java:418)
	at com.kms.katalon.core.main.TestCaseExecutor.accessMainPhase(TestCaseExecutor.java:410)
	at com.kms.katalon.core.main.TestCaseExecutor.execute(TestCaseExecutor.java:285)
	at com.kms.katalon.core.common.CommonExecutor.accessTestCaseMainPhase(CommonExecutor.java:65)
	at com.kms.katalon.core.main.TestSuiteExecutor.accessTestSuiteMainPhase(TestSuiteExecutor.java:148)
	at com.kms.katalon.core.main.TestSuiteExecutor.execute(TestSuiteExecutor.java:106)
	at com.kms.katalon.core.main.TestCaseMain.startTestSuite(TestCaseMain.java:187)
	at com.kms.katalon.core.main.TestCaseMain$startTestSuite$0.call(Unknown Source)
	at TempTestSuite1726389839915.run(TempTestSuite1726389839915.groovy:35)
Caused by: java.lang.IllegalArgumentException: Cannot find test data with id 'Data Files/productData.xlsx' because (of) 'java.lang.IllegalArgumentException: Test data with id 'Data Files/productData.xlsx' does not exist'
	at com.kms.katalon.core.testdata.TestDataFactory.findTestData(TestDataFactory.java:132)
	at com.kms.katalon.core.testdata.TestDataFactory$findTestData.callStatic(Unknown Source)
	at packaged.verifyproduct.verifyProductName(verifyproduct.groovy:28)
	at packaged.verifyproduct.invokeMethod(verifyproduct.groovy)
	at com.kms.katalon.core.main.CustomKeywordDelegatingMetaClass.invokeStaticMethod(CustomKeywordDelegatingMetaClass.java:55)
	... 14 more


2024-09-15 15:44:24 - [MESSAGE][ERROR] - Cannot find test data with id 'Data Files/productData.xlsx' because (of) 'java.lang.IllegalArgumentException: Test data with id 'Data Files/productData.xlsx' does not exist'

2024-09-15 15:44:24 - [MESSAGE][ERROR] - Test Cases/Product_Page/AddToCart_Products FAILED.
Reason:
com.kms.katalon.core.exception.StepErrorException: java.lang.IllegalArgumentException: Cannot find test data with id 'Data Files/productData.xlsx' because (of) 'java.lang.IllegalArgumentException: Test data with id 'Data Files/productData.xlsx' does not exist'
	at com.kms.katalon.core.main.CustomKeywordDelegatingMetaClass.throwError(CustomKeywordDelegatingMetaClass.java:101)
	at com.kms.katalon.core.main.CustomKeywordDelegatingMetaClass.invokeStaticMethod(CustomKeywordDelegatingMetaClass.java:73)
	at AddToCart_Products.run(AddToCart_Products:20)
	at com.kms.katalon.core.main.ScriptEngine.run(ScriptEngine.java:194)
	at com.kms.katalon.core.main.ScriptEngine.runScriptAsRawText(ScriptEngine.java:119)
	at com.kms.katalon.core.main.TestCaseExecutor.runScript(TestCaseExecutor.java:448)
	at com.kms.katalon.core.main.TestCaseExecutor.doExecute(TestCaseExecutor.java:439)
	at com.kms.katalon.core.main.TestCaseExecutor.processExecutionPhase(TestCaseExecutor.java:418)
	at com.kms.katalon.core.main.TestCaseExecutor.accessMainPhase(TestCaseExecutor.java:410)
	at com.kms.katalon.core.main.TestCaseExecutor.execute(TestCaseExecutor.java:285)
	at com.kms.katalon.core.common.CommonExecutor.accessTestCaseMainPhase(CommonExecutor.java:65)
	at com.kms.katalon.core.main.TestSuiteExecutor.accessTestSuiteMainPhase(TestSuiteExecutor.java:148)
	at com.kms.katalon.core.main.TestSuiteExecutor.execute(TestSuiteExecutor.java:106)
	at com.kms.katalon.core.main.TestCaseMain.startTestSuite(TestCaseMain.java:187)
	at com.kms.katalon.core.main.TestCaseMain$startTestSuite$0.call(Unknown Source)
	at TempTestSuite1726389839915.run(TempTestSuite1726389839915.groovy:35)
Caused by: java.lang.IllegalArgumentException: Cannot find test data with id 'Data Files/productData.xlsx' because (of) 'java.lang.IllegalArgumentException: Test data with id 'Data Files/productData.xlsx' does not exist'
	at com.kms.katalon.core.testdata.TestDataFactory.findTestData(TestDataFactory.java:132)
	at com.kms.katalon.core.testdata.TestDataFactory$findTestData.callStatic(Unknown Source)
	at packaged.verifyproduct.verifyProductName(verifyproduct.groovy:28)
	at packaged.verifyproduct.invokeMethod(verifyproduct.groovy)
	at com.kms.katalon.core.main.CustomKeywordDelegatingMetaClass.invokeStaticMethod(CustomKeywordDelegatingMetaClass.java:55)
	... 14 more


2024-09-15 15:44:26 - [TEST_STEP][PASSED] - Video: Video recording for test case 'Test Cases/Product_Page/AddToCart_Products' .

2024-09-15 15:44:26 - [MESSAGE][INFO] - Video recording for test case 'Test Cases/Product_Page/AddToCart_Products' .]]></system-out>
         <system-err><![CDATA[2024-09-15 15:44:24 - [TEST_CASE][ERROR] - Test Cases/Product_Page/AddToCart_Products: Test Cases/Product_Page/AddToCart_Products FAILED.
Reason:
java.lang.IllegalArgumentException: Cannot find test data with id 'Data Files/productData.xlsx' because (of) 'java.lang.IllegalArgumentException: Test data with id 'Data Files/productData.xlsx' does not exist'
	at com.kms.katalon.core.testdata.TestDataFactory.findTestData(TestDataFactory.java:132)
	at com.kms.katalon.core.testdata.TestDataFactory$findTestData.callStatic(Unknown Source)
	at packaged.verifyproduct.verifyProductName(verifyproduct.groovy:28)
	at packaged.verifyproduct.invokeMethod(verifyproduct.groovy)
	at com.kms.katalon.core.main.CustomKeywordDelegatingMetaClass.invokeStaticMethod(CustomKeywordDelegatingMetaClass.java:55)
	at AddToCart_Products.run(AddToCart_Products:20)
	at com.kms.katalon.core.main.ScriptEngine.run(ScriptEngine.java:194)
	at com.kms.katalon.core.main.ScriptEngine.runScriptAsRawText(ScriptEngine.java:119)
	at com.kms.katalon.core.main.TestCaseExecutor.runScript(TestCaseExecutor.java:448)
	at com.kms.katalon.core.main.TestCaseExecutor.doExecute(TestCaseExecutor.java:439)
	at com.kms.katalon.core.main.TestCaseExecutor.processExecutionPhase(TestCaseExecutor.java:418)
	at com.kms.katalon.core.main.TestCaseExecutor.accessMainPhase(TestCaseExecutor.java:410)
	at com.kms.katalon.core.main.TestCaseExecutor.execute(TestCaseExecutor.java:285)
	at com.kms.katalon.core.common.CommonExecutor.accessTestCaseMainPhase(CommonExecutor.java:65)
	at com.kms.katalon.core.main.TestSuiteExecutor.accessTestSuiteMainPhase(TestSuiteExecutor.java:148)
	at com.kms.katalon.core.main.TestSuiteExecutor.execute(TestSuiteExecutor.java:106)
	at com.kms.katalon.core.main.TestCaseMain.startTestSuite(TestCaseMain.java:187)
	at com.kms.katalon.core.main.TestCaseMain$startTestSuite$0.call(Unknown Source)
	at TempTestSuite1726389839915.run(TempTestSuite1726389839915.groovy:35)]]></system-err>
      </testcase>
      <testcase name="Test Cases/Product_Page/AddToCart_Products" time="2.04" classname="Test Cases/Product_Page/AddToCart_Products" status="ERROR">
         <error type="ERROR" message="Test Cases/Product_Page/AddToCart_Products FAILED.
Reason:
java.lang.IllegalArgumentException: Cannot find test data with id 'Data Files/productData.xlsx' because (of) 'java.lang.IllegalArgumentException: Test data with id 'Data Files/productData.xlsx' does not exist'
	at com.kms.katalon.core.testdata.TestDataFactory.findTestData(TestDataFactory.java:132)
	at com.kms.katalon.core.testdata.TestDataFactory$findTestData.callStatic(Unknown Source)
	at packaged.verifyproduct.verifyProductName(verifyproduct.groovy:28)
	at packaged.verifyproduct.invokeMethod(verifyproduct.groovy)
	at com.kms.katalon.core.main.CustomKeywordDelegatingMetaClass.invokeStaticMethod(CustomKeywordDelegatingMetaClass.java:55)
	at AddToCart_Products.run(AddToCart_Products:20)
	at com.kms.katalon.core.main.ScriptEngine.run(ScriptEngine.java:194)
	at com.kms.katalon.core.main.ScriptEngine.runScriptAsRawText(ScriptEngine.java:119)
	at com.kms.katalon.core.main.TestCaseExecutor.runScript(TestCaseExecutor.java:448)
	at com.kms.katalon.core.main.TestCaseExecutor.doExecute(TestCaseExecutor.java:439)
	at com.kms.katalon.core.main.TestCaseExecutor.processExecutionPhase(TestCaseExecutor.java:418)
	at com.kms.katalon.core.main.TestCaseExecutor.accessMainPhase(TestCaseExecutor.java:410)
	at com.kms.katalon.core.main.TestCaseExecutor.execute(TestCaseExecutor.java:285)
	at com.kms.katalon.core.common.CommonExecutor.accessTestCaseMainPhase(CommonExecutor.java:65)
	at com.kms.katalon.core.main.TestSuiteExecutor.accessTestSuiteMainPhase(TestSuiteExecutor.java:148)
	at com.kms.katalon.core.main.TestSuiteExecutor.execute(TestSuiteExecutor.java:106)
	at com.kms.katalon.core.main.TestCaseMain.startTestSuite(TestCaseMain.java:187)
	at com.kms.katalon.core.main.TestCaseMain$startTestSuite$0.call(Unknown Source)
	at TempTestSuite1726389839915.run(TempTestSuite1726389839915.groovy:35)
"/>
         <system-out><![CDATA[2024-09-15 15:44:26 - [TEST_CASE][ERROR] - Test Cases/Product_Page/AddToCart_Products: Test Cases/Product_Page/AddToCart_Products FAILED.
Reason:
java.lang.IllegalArgumentException: Cannot find test data with id 'Data Files/productData.xlsx' because (of) 'java.lang.IllegalArgumentException: Test data with id 'Data Files/productData.xlsx' does not exist'
	at com.kms.katalon.core.testdata.TestDataFactory.findTestData(TestDataFactory.java:132)
	at com.kms.katalon.core.testdata.TestDataFactory$findTestData.callStatic(Unknown Source)
	at packaged.verifyproduct.verifyProductName(verifyproduct.groovy:28)
	at packaged.verifyproduct.invokeMethod(verifyproduct.groovy)
	at com.kms.katalon.core.main.CustomKeywordDelegatingMetaClass.invokeStaticMethod(CustomKeywordDelegatingMetaClass.java:55)
	at AddToCart_Products.run(AddToCart_Products:20)
	at com.kms.katalon.core.main.ScriptEngine.run(ScriptEngine.java:194)
	at com.kms.katalon.core.main.ScriptEngine.runScriptAsRawText(ScriptEngine.java:119)
	at com.kms.katalon.core.main.TestCaseExecutor.runScript(TestCaseExecutor.java:448)
	at com.kms.katalon.core.main.TestCaseExecutor.doExecute(TestCaseExecutor.java:439)
	at com.kms.katalon.core.main.TestCaseExecutor.processExecutionPhase(TestCaseExecutor.java:418)
	at com.kms.katalon.core.main.TestCaseExecutor.accessMainPhase(TestCaseExecutor.java:410)
	at com.kms.katalon.core.main.TestCaseExecutor.execute(TestCaseExecutor.java:285)
	at com.kms.katalon.core.common.CommonExecutor.accessTestCaseMainPhase(CommonExecutor.java:65)
	at com.kms.katalon.core.main.TestSuiteExecutor.accessTestSuiteMainPhase(TestSuiteExecutor.java:148)
	at com.kms.katalon.core.main.TestSuiteExecutor.execute(TestSuiteExecutor.java:106)
	at com.kms.katalon.core.main.TestCaseMain.startTestSuite(TestCaseMain.java:187)
	at com.kms.katalon.core.main.TestCaseMain$startTestSuite$0.call(Unknown Source)
	at TempTestSuite1726389839915.run(TempTestSuite1726389839915.groovy:35)


2024-09-15 15:44:26 - [TEST_STEP][ERROR] - packaged.verifyproduct.verifyProductName(): Test Cases/Product_Page/AddToCart_Products FAILED.
Reason:
com.kms.katalon.core.exception.StepErrorException: java.lang.IllegalArgumentException: Cannot find test data with id 'Data Files/productData.xlsx' because (of) 'java.lang.IllegalArgumentException: Test data with id 'Data Files/productData.xlsx' does not exist'
	at com.kms.katalon.core.main.CustomKeywordDelegatingMetaClass.throwError(CustomKeywordDelegatingMetaClass.java:101)
	at com.kms.katalon.core.main.CustomKeywordDelegatingMetaClass.invokeStaticMethod(CustomKeywordDelegatingMetaClass.java:73)
	at AddToCart_Products.run(AddToCart_Products:20)
	at com.kms.katalon.core.main.ScriptEngine.run(ScriptEngine.java:194)
	at com.kms.katalon.core.main.ScriptEngine.runScriptAsRawText(ScriptEngine.java:119)
	at com.kms.katalon.core.main.TestCaseExecutor.runScript(TestCaseExecutor.java:448)
	at com.kms.katalon.core.main.TestCaseExecutor.doExecute(TestCaseExecutor.java:439)
	at com.kms.katalon.core.main.TestCaseExecutor.processExecutionPhase(TestCaseExecutor.java:418)
	at com.kms.katalon.core.main.TestCaseExecutor.accessMainPhase(TestCaseExecutor.java:410)
	at com.kms.katalon.core.main.TestCaseExecutor.execute(TestCaseExecutor.java:285)
	at com.kms.katalon.core.common.CommonExecutor.accessTestCaseMainPhase(CommonExecutor.java:65)
	at com.kms.katalon.core.main.TestSuiteExecutor.accessTestSuiteMainPhase(TestSuiteExecutor.java:148)
	at com.kms.katalon.core.main.TestSuiteExecutor.execute(TestSuiteExecutor.java:106)
	at com.kms.katalon.core.main.TestCaseMain.startTestSuite(TestCaseMain.java:187)
	at com.kms.katalon.core.main.TestCaseMain$startTestSuite$0.call(Unknown Source)
	at TempTestSuite1726389839915.run(TempTestSuite1726389839915.groovy:35)
Caused by: java.lang.IllegalArgumentException: Cannot find test data with id 'Data Files/productData.xlsx' because (of) 'java.lang.IllegalArgumentException: Test data with id 'Data Files/productData.xlsx' does not exist'
	at com.kms.katalon.core.testdata.TestDataFactory.findTestData(TestDataFactory.java:132)
	at com.kms.katalon.core.testdata.TestDataFactory$findTestData.callStatic(Unknown Source)
	at packaged.verifyproduct.verifyProductName(verifyproduct.groovy:28)
	at packaged.verifyproduct.invokeMethod(verifyproduct.groovy)
	at com.kms.katalon.core.main.CustomKeywordDelegatingMetaClass.invokeStaticMethod(CustomKeywordDelegatingMetaClass.java:55)
	... 14 more


2024-09-15 15:44:26 - [MESSAGE][ERROR] - Cannot find test data with id 'Data Files/productData.xlsx' because (of) 'java.lang.IllegalArgumentException: Test data with id 'Data Files/productData.xlsx' does not exist'

2024-09-15 15:44:26 - [MESSAGE][ERROR] - Test Cases/Product_Page/AddToCart_Products FAILED.
Reason:
com.kms.katalon.core.exception.StepErrorException: java.lang.IllegalArgumentException: Cannot find test data with id 'Data Files/productData.xlsx' because (of) 'java.lang.IllegalArgumentException: Test data with id 'Data Files/productData.xlsx' does not exist'
	at com.kms.katalon.core.main.CustomKeywordDelegatingMetaClass.throwError(CustomKeywordDelegatingMetaClass.java:101)
	at com.kms.katalon.core.main.CustomKeywordDelegatingMetaClass.invokeStaticMethod(CustomKeywordDelegatingMetaClass.java:73)
	at AddToCart_Products.run(AddToCart_Products:20)
	at com.kms.katalon.core.main.ScriptEngine.run(ScriptEngine.java:194)
	at com.kms.katalon.core.main.ScriptEngine.runScriptAsRawText(ScriptEngine.java:119)
	at com.kms.katalon.core.main.TestCaseExecutor.runScript(TestCaseExecutor.java:448)
	at com.kms.katalon.core.main.TestCaseExecutor.doExecute(TestCaseExecutor.java:439)
	at com.kms.katalon.core.main.TestCaseExecutor.processExecutionPhase(TestCaseExecutor.java:418)
	at com.kms.katalon.core.main.TestCaseExecutor.accessMainPhase(TestCaseExecutor.java:410)
	at com.kms.katalon.core.main.TestCaseExecutor.execute(TestCaseExecutor.java:285)
	at com.kms.katalon.core.common.CommonExecutor.accessTestCaseMainPhase(CommonExecutor.java:65)
	at com.kms.katalon.core.main.TestSuiteExecutor.accessTestSuiteMainPhase(TestSuiteExecutor.java:148)
	at com.kms.katalon.core.main.TestSuiteExecutor.execute(TestSuiteExecutor.java:106)
	at com.kms.katalon.core.main.TestCaseMain.startTestSuite(TestCaseMain.java:187)
	at com.kms.katalon.core.main.TestCaseMain$startTestSuite$0.call(Unknown Source)
	at TempTestSuite1726389839915.run(TempTestSuite1726389839915.groovy:35)
Caused by: java.lang.IllegalArgumentException: Cannot find test data with id 'Data Files/productData.xlsx' because (of) 'java.lang.IllegalArgumentException: Test data with id 'Data Files/productData.xlsx' does not exist'
	at com.kms.katalon.core.testdata.TestDataFactory.findTestData(TestDataFactory.java:132)
	at com.kms.katalon.core.testdata.TestDataFactory$findTestData.callStatic(Unknown Source)
	at packaged.verifyproduct.verifyProductName(verifyproduct.groovy:28)
	at packaged.verifyproduct.invokeMethod(verifyproduct.groovy)
	at com.kms.katalon.core.main.CustomKeywordDelegatingMetaClass.invokeStaticMethod(CustomKeywordDelegatingMetaClass.java:55)
	... 14 more


2024-09-15 15:44:28 - [TEST_STEP][PASSED] - Video: Video recording for test case 'Test Cases/Product_Page/AddToCart_Products' .

2024-09-15 15:44:28 - [MESSAGE][INFO] - Video recording for test case 'Test Cases/Product_Page/AddToCart_Products' .]]></system-out>
         <system-err><![CDATA[2024-09-15 15:44:26 - [TEST_CASE][ERROR] - Test Cases/Product_Page/AddToCart_Products: Test Cases/Product_Page/AddToCart_Products FAILED.
Reason:
java.lang.IllegalArgumentException: Cannot find test data with id 'Data Files/productData.xlsx' because (of) 'java.lang.IllegalArgumentException: Test data with id 'Data Files/productData.xlsx' does not exist'
	at com.kms.katalon.core.testdata.TestDataFactory.findTestData(TestDataFactory.java:132)
	at com.kms.katalon.core.testdata.TestDataFactory$findTestData.callStatic(Unknown Source)
	at packaged.verifyproduct.verifyProductName(verifyproduct.groovy:28)
	at packaged.verifyproduct.invokeMethod(verifyproduct.groovy)
	at com.kms.katalon.core.main.CustomKeywordDelegatingMetaClass.invokeStaticMethod(CustomKeywordDelegatingMetaClass.java:55)
	at AddToCart_Products.run(AddToCart_Products:20)
	at com.kms.katalon.core.main.ScriptEngine.run(ScriptEngine.java:194)
	at com.kms.katalon.core.main.ScriptEngine.runScriptAsRawText(ScriptEngine.java:119)
	at com.kms.katalon.core.main.TestCaseExecutor.runScript(TestCaseExecutor.java:448)
	at com.kms.katalon.core.main.TestCaseExecutor.doExecute(TestCaseExecutor.java:439)
	at com.kms.katalon.core.main.TestCaseExecutor.processExecutionPhase(TestCaseExecutor.java:418)
	at com.kms.katalon.core.main.TestCaseExecutor.accessMainPhase(TestCaseExecutor.java:410)
	at com.kms.katalon.core.main.TestCaseExecutor.execute(TestCaseExecutor.java:285)
	at com.kms.katalon.core.common.CommonExecutor.accessTestCaseMainPhase(CommonExecutor.java:65)
	at com.kms.katalon.core.main.TestSuiteExecutor.accessTestSuiteMainPhase(TestSuiteExecutor.java:148)
	at com.kms.katalon.core.main.TestSuiteExecutor.execute(TestSuiteExecutor.java:106)
	at com.kms.katalon.core.main.TestCaseMain.startTestSuite(TestCaseMain.java:187)
	at com.kms.katalon.core.main.TestCaseMain$startTestSuite$0.call(Unknown Source)
	at TempTestSuite1726389839915.run(TempTestSuite1726389839915.groovy:35)]]></system-err>
      </testcase>
      <testcase name="Test Cases/Product_Page/AddToCart_Products" time="2.038" classname="Test Cases/Product_Page/AddToCart_Products" status="ERROR">
         <error type="ERROR" message="Test Cases/Product_Page/AddToCart_Products FAILED.
Reason:
java.lang.IllegalArgumentException: Cannot find test data with id 'Data Files/productData.xlsx' because (of) 'java.lang.IllegalArgumentException: Test data with id 'Data Files/productData.xlsx' does not exist'
	at com.kms.katalon.core.testdata.TestDataFactory.findTestData(TestDataFactory.java:132)
	at com.kms.katalon.core.testdata.TestDataFactory$findTestData.callStatic(Unknown Source)
	at packaged.verifyproduct.verifyProductName(verifyproduct.groovy:28)
	at packaged.verifyproduct.invokeMethod(verifyproduct.groovy)
	at com.kms.katalon.core.main.CustomKeywordDelegatingMetaClass.invokeStaticMethod(CustomKeywordDelegatingMetaClass.java:55)
	at AddToCart_Products.run(AddToCart_Products:20)
	at com.kms.katalon.core.main.ScriptEngine.run(ScriptEngine.java:194)
	at com.kms.katalon.core.main.ScriptEngine.runScriptAsRawText(ScriptEngine.java:119)
	at com.kms.katalon.core.main.TestCaseExecutor.runScript(TestCaseExecutor.java:448)
	at com.kms.katalon.core.main.TestCaseExecutor.doExecute(TestCaseExecutor.java:439)
	at com.kms.katalon.core.main.TestCaseExecutor.processExecutionPhase(TestCaseExecutor.java:418)
	at com.kms.katalon.core.main.TestCaseExecutor.accessMainPhase(TestCaseExecutor.java:410)
	at com.kms.katalon.core.main.TestCaseExecutor.execute(TestCaseExecutor.java:285)
	at com.kms.katalon.core.common.CommonExecutor.accessTestCaseMainPhase(CommonExecutor.java:65)
	at com.kms.katalon.core.main.TestSuiteExecutor.accessTestSuiteMainPhase(TestSuiteExecutor.java:148)
	at com.kms.katalon.core.main.TestSuiteExecutor.execute(TestSuiteExecutor.java:106)
	at com.kms.katalon.core.main.TestCaseMain.startTestSuite(TestCaseMain.java:187)
	at com.kms.katalon.core.main.TestCaseMain$startTestSuite$0.call(Unknown Source)
	at TempTestSuite1726389839915.run(TempTestSuite1726389839915.groovy:35)
"/>
         <system-out><![CDATA[2024-09-15 15:44:28 - [TEST_CASE][ERROR] - Test Cases/Product_Page/AddToCart_Products: Test Cases/Product_Page/AddToCart_Products FAILED.
Reason:
java.lang.IllegalArgumentException: Cannot find test data with id 'Data Files/productData.xlsx' because (of) 'java.lang.IllegalArgumentException: Test data with id 'Data Files/productData.xlsx' does not exist'
	at com.kms.katalon.core.testdata.TestDataFactory.findTestData(TestDataFactory.java:132)
	at com.kms.katalon.core.testdata.TestDataFactory$findTestData.callStatic(Unknown Source)
	at packaged.verifyproduct.verifyProductName(verifyproduct.groovy:28)
	at packaged.verifyproduct.invokeMethod(verifyproduct.groovy)
	at com.kms.katalon.core.main.CustomKeywordDelegatingMetaClass.invokeStaticMethod(CustomKeywordDelegatingMetaClass.java:55)
	at AddToCart_Products.run(AddToCart_Products:20)
	at com.kms.katalon.core.main.ScriptEngine.run(ScriptEngine.java:194)
	at com.kms.katalon.core.main.ScriptEngine.runScriptAsRawText(ScriptEngine.java:119)
	at com.kms.katalon.core.main.TestCaseExecutor.runScript(TestCaseExecutor.java:448)
	at com.kms.katalon.core.main.TestCaseExecutor.doExecute(TestCaseExecutor.java:439)
	at com.kms.katalon.core.main.TestCaseExecutor.processExecutionPhase(TestCaseExecutor.java:418)
	at com.kms.katalon.core.main.TestCaseExecutor.accessMainPhase(TestCaseExecutor.java:410)
	at com.kms.katalon.core.main.TestCaseExecutor.execute(TestCaseExecutor.java:285)
	at com.kms.katalon.core.common.CommonExecutor.accessTestCaseMainPhase(CommonExecutor.java:65)
	at com.kms.katalon.core.main.TestSuiteExecutor.accessTestSuiteMainPhase(TestSuiteExecutor.java:148)
	at com.kms.katalon.core.main.TestSuiteExecutor.execute(TestSuiteExecutor.java:106)
	at com.kms.katalon.core.main.TestCaseMain.startTestSuite(TestCaseMain.java:187)
	at com.kms.katalon.core.main.TestCaseMain$startTestSuite$0.call(Unknown Source)
	at TempTestSuite1726389839915.run(TempTestSuite1726389839915.groovy:35)


2024-09-15 15:44:28 - [TEST_STEP][ERROR] - packaged.verifyproduct.verifyProductName(): Test Cases/Product_Page/AddToCart_Products FAILED.
Reason:
com.kms.katalon.core.exception.StepErrorException: java.lang.IllegalArgumentException: Cannot find test data with id 'Data Files/productData.xlsx' because (of) 'java.lang.IllegalArgumentException: Test data with id 'Data Files/productData.xlsx' does not exist'
	at com.kms.katalon.core.main.CustomKeywordDelegatingMetaClass.throwError(CustomKeywordDelegatingMetaClass.java:101)
	at com.kms.katalon.core.main.CustomKeywordDelegatingMetaClass.invokeStaticMethod(CustomKeywordDelegatingMetaClass.java:73)
	at AddToCart_Products.run(AddToCart_Products:20)
	at com.kms.katalon.core.main.ScriptEngine.run(ScriptEngine.java:194)
	at com.kms.katalon.core.main.ScriptEngine.runScriptAsRawText(ScriptEngine.java:119)
	at com.kms.katalon.core.main.TestCaseExecutor.runScript(TestCaseExecutor.java:448)
	at com.kms.katalon.core.main.TestCaseExecutor.doExecute(TestCaseExecutor.java:439)
	at com.kms.katalon.core.main.TestCaseExecutor.processExecutionPhase(TestCaseExecutor.java:418)
	at com.kms.katalon.core.main.TestCaseExecutor.accessMainPhase(TestCaseExecutor.java:410)
	at com.kms.katalon.core.main.TestCaseExecutor.execute(TestCaseExecutor.java:285)
	at com.kms.katalon.core.common.CommonExecutor.accessTestCaseMainPhase(CommonExecutor.java:65)
	at com.kms.katalon.core.main.TestSuiteExecutor.accessTestSuiteMainPhase(TestSuiteExecutor.java:148)
	at com.kms.katalon.core.main.TestSuiteExecutor.execute(TestSuiteExecutor.java:106)
	at com.kms.katalon.core.main.TestCaseMain.startTestSuite(TestCaseMain.java:187)
	at com.kms.katalon.core.main.TestCaseMain$startTestSuite$0.call(Unknown Source)
	at TempTestSuite1726389839915.run(TempTestSuite1726389839915.groovy:35)
Caused by: java.lang.IllegalArgumentException: Cannot find test data with id 'Data Files/productData.xlsx' because (of) 'java.lang.IllegalArgumentException: Test data with id 'Data Files/productData.xlsx' does not exist'
	at com.kms.katalon.core.testdata.TestDataFactory.findTestData(TestDataFactory.java:132)
	at com.kms.katalon.core.testdata.TestDataFactory$findTestData.callStatic(Unknown Source)
	at packaged.verifyproduct.verifyProductName(verifyproduct.groovy:28)
	at packaged.verifyproduct.invokeMethod(verifyproduct.groovy)
	at com.kms.katalon.core.main.CustomKeywordDelegatingMetaClass.invokeStaticMethod(CustomKeywordDelegatingMetaClass.java:55)
	... 14 more


2024-09-15 15:44:28 - [MESSAGE][ERROR] - Cannot find test data with id 'Data Files/productData.xlsx' because (of) 'java.lang.IllegalArgumentException: Test data with id 'Data Files/productData.xlsx' does not exist'

2024-09-15 15:44:28 - [MESSAGE][ERROR] - Test Cases/Product_Page/AddToCart_Products FAILED.
Reason:
com.kms.katalon.core.exception.StepErrorException: java.lang.IllegalArgumentException: Cannot find test data with id 'Data Files/productData.xlsx' because (of) 'java.lang.IllegalArgumentException: Test data with id 'Data Files/productData.xlsx' does not exist'
	at com.kms.katalon.core.main.CustomKeywordDelegatingMetaClass.throwError(CustomKeywordDelegatingMetaClass.java:101)
	at com.kms.katalon.core.main.CustomKeywordDelegatingMetaClass.invokeStaticMethod(CustomKeywordDelegatingMetaClass.java:73)
	at AddToCart_Products.run(AddToCart_Products:20)
	at com.kms.katalon.core.main.ScriptEngine.run(ScriptEngine.java:194)
	at com.kms.katalon.core.main.ScriptEngine.runScriptAsRawText(ScriptEngine.java:119)
	at com.kms.katalon.core.main.TestCaseExecutor.runScript(TestCaseExecutor.java:448)
	at com.kms.katalon.core.main.TestCaseExecutor.doExecute(TestCaseExecutor.java:439)
	at com.kms.katalon.core.main.TestCaseExecutor.processExecutionPhase(TestCaseExecutor.java:418)
	at com.kms.katalon.core.main.TestCaseExecutor.accessMainPhase(TestCaseExecutor.java:410)
	at com.kms.katalon.core.main.TestCaseExecutor.execute(TestCaseExecutor.java:285)
	at com.kms.katalon.core.common.CommonExecutor.accessTestCaseMainPhase(CommonExecutor.java:65)
	at com.kms.katalon.core.main.TestSuiteExecutor.accessTestSuiteMainPhase(TestSuiteExecutor.java:148)
	at com.kms.katalon.core.main.TestSuiteExecutor.execute(TestSuiteExecutor.java:106)
	at com.kms.katalon.core.main.TestCaseMain.startTestSuite(TestCaseMain.java:187)
	at com.kms.katalon.core.main.TestCaseMain$startTestSuite$0.call(Unknown Source)
	at TempTestSuite1726389839915.run(TempTestSuite1726389839915.groovy:35)
Caused by: java.lang.IllegalArgumentException: Cannot find test data with id 'Data Files/productData.xlsx' because (of) 'java.lang.IllegalArgumentException: Test data with id 'Data Files/productData.xlsx' does not exist'
	at com.kms.katalon.core.testdata.TestDataFactory.findTestData(TestDataFactory.java:132)
	at com.kms.katalon.core.testdata.TestDataFactory$findTestData.callStatic(Unknown Source)
	at packaged.verifyproduct.verifyProductName(verifyproduct.groovy:28)
	at packaged.verifyproduct.invokeMethod(verifyproduct.groovy)
	at com.kms.katalon.core.main.CustomKeywordDelegatingMetaClass.invokeStaticMethod(CustomKeywordDelegatingMetaClass.java:55)
	... 14 more


2024-09-15 15:44:30 - [TEST_STEP][PASSED] - Video: Video recording for test case 'Test Cases/Product_Page/AddToCart_Products' .

2024-09-15 15:44:30 - [MESSAGE][INFO] - Video recording for test case 'Test Cases/Product_Page/AddToCart_Products' .]]></system-out>
         <system-err><![CDATA[2024-09-15 15:44:28 - [TEST_CASE][ERROR] - Test Cases/Product_Page/AddToCart_Products: Test Cases/Product_Page/AddToCart_Products FAILED.
Reason:
java.lang.IllegalArgumentException: Cannot find test data with id 'Data Files/productData.xlsx' because (of) 'java.lang.IllegalArgumentException: Test data with id 'Data Files/productData.xlsx' does not exist'
	at com.kms.katalon.core.testdata.TestDataFactory.findTestData(TestDataFactory.java:132)
	at com.kms.katalon.core.testdata.TestDataFactory$findTestData.callStatic(Unknown Source)
	at packaged.verifyproduct.verifyProductName(verifyproduct.groovy:28)
	at packaged.verifyproduct.invokeMethod(verifyproduct.groovy)
	at com.kms.katalon.core.main.CustomKeywordDelegatingMetaClass.invokeStaticMethod(CustomKeywordDelegatingMetaClass.java:55)
	at AddToCart_Products.run(AddToCart_Products:20)
	at com.kms.katalon.core.main.ScriptEngine.run(ScriptEngine.java:194)
	at com.kms.katalon.core.main.ScriptEngine.runScriptAsRawText(ScriptEngine.java:119)
	at com.kms.katalon.core.main.TestCaseExecutor.runScript(TestCaseExecutor.java:448)
	at com.kms.katalon.core.main.TestCaseExecutor.doExecute(TestCaseExecutor.java:439)
	at com.kms.katalon.core.main.TestCaseExecutor.processExecutionPhase(TestCaseExecutor.java:418)
	at com.kms.katalon.core.main.TestCaseExecutor.accessMainPhase(TestCaseExecutor.java:410)
	at com.kms.katalon.core.main.TestCaseExecutor.execute(TestCaseExecutor.java:285)
	at com.kms.katalon.core.common.CommonExecutor.accessTestCaseMainPhase(CommonExecutor.java:65)
	at com.kms.katalon.core.main.TestSuiteExecutor.accessTestSuiteMainPhase(TestSuiteExecutor.java:148)
	at com.kms.katalon.core.main.TestSuiteExecutor.execute(TestSuiteExecutor.java:106)
	at com.kms.katalon.core.main.TestCaseMain.startTestSuite(TestCaseMain.java:187)
	at com.kms.katalon.core.main.TestCaseMain$startTestSuite$0.call(Unknown Source)
	at TempTestSuite1726389839915.run(TempTestSuite1726389839915.groovy:35)]]></system-err>
      </testcase>
      <testcase name="Test Cases/Product_Page/AddToCart_Products" time="2.048" classname="Test Cases/Product_Page/AddToCart_Products" status="ERROR">
         <error type="ERROR" message="Test Cases/Product_Page/AddToCart_Products FAILED.
Reason:
java.lang.IllegalArgumentException: Cannot find test data with id 'Data Files/productData.xlsx' because (of) 'java.lang.IllegalArgumentException: Test data with id 'Data Files/productData.xlsx' does not exist'
	at com.kms.katalon.core.testdata.TestDataFactory.findTestData(TestDataFactory.java:132)
	at com.kms.katalon.core.testdata.TestDataFactory$findTestData.callStatic(Unknown Source)
	at packaged.verifyproduct.verifyProductName(verifyproduct.groovy:28)
	at packaged.verifyproduct.invokeMethod(verifyproduct.groovy)
	at com.kms.katalon.core.main.CustomKeywordDelegatingMetaClass.invokeStaticMethod(CustomKeywordDelegatingMetaClass.java:55)
	at AddToCart_Products.run(AddToCart_Products:20)
	at com.kms.katalon.core.main.ScriptEngine.run(ScriptEngine.java:194)
	at com.kms.katalon.core.main.ScriptEngine.runScriptAsRawText(ScriptEngine.java:119)
	at com.kms.katalon.core.main.TestCaseExecutor.runScript(TestCaseExecutor.java:448)
	at com.kms.katalon.core.main.TestCaseExecutor.doExecute(TestCaseExecutor.java:439)
	at com.kms.katalon.core.main.TestCaseExecutor.processExecutionPhase(TestCaseExecutor.java:418)
	at com.kms.katalon.core.main.TestCaseExecutor.accessMainPhase(TestCaseExecutor.java:410)
	at com.kms.katalon.core.main.TestCaseExecutor.execute(TestCaseExecutor.java:285)
	at com.kms.katalon.core.common.CommonExecutor.accessTestCaseMainPhase(CommonExecutor.java:65)
	at com.kms.katalon.core.main.TestSuiteExecutor.accessTestSuiteMainPhase(TestSuiteExecutor.java:148)
	at com.kms.katalon.core.main.TestSuiteExecutor.execute(TestSuiteExecutor.java:106)
	at com.kms.katalon.core.main.TestCaseMain.startTestSuite(TestCaseMain.java:187)
	at com.kms.katalon.core.main.TestCaseMain$startTestSuite$0.call(Unknown Source)
	at TempTestSuite1726389839915.run(TempTestSuite1726389839915.groovy:35)
"/>
         <system-out><![CDATA[2024-09-15 15:44:30 - [TEST_CASE][ERROR] - Test Cases/Product_Page/AddToCart_Products: Test Cases/Product_Page/AddToCart_Products FAILED.
Reason:
java.lang.IllegalArgumentException: Cannot find test data with id 'Data Files/productData.xlsx' because (of) 'java.lang.IllegalArgumentException: Test data with id 'Data Files/productData.xlsx' does not exist'
	at com.kms.katalon.core.testdata.TestDataFactory.findTestData(TestDataFactory.java:132)
	at com.kms.katalon.core.testdata.TestDataFactory$findTestData.callStatic(Unknown Source)
	at packaged.verifyproduct.verifyProductName(verifyproduct.groovy:28)
	at packaged.verifyproduct.invokeMethod(verifyproduct.groovy)
	at com.kms.katalon.core.main.CustomKeywordDelegatingMetaClass.invokeStaticMethod(CustomKeywordDelegatingMetaClass.java:55)
	at AddToCart_Products.run(AddToCart_Products:20)
	at com.kms.katalon.core.main.ScriptEngine.run(ScriptEngine.java:194)
	at com.kms.katalon.core.main.ScriptEngine.runScriptAsRawText(ScriptEngine.java:119)
	at com.kms.katalon.core.main.TestCaseExecutor.runScript(TestCaseExecutor.java:448)
	at com.kms.katalon.core.main.TestCaseExecutor.doExecute(TestCaseExecutor.java:439)
	at com.kms.katalon.core.main.TestCaseExecutor.processExecutionPhase(TestCaseExecutor.java:418)
	at com.kms.katalon.core.main.TestCaseExecutor.accessMainPhase(TestCaseExecutor.java:410)
	at com.kms.katalon.core.main.TestCaseExecutor.execute(TestCaseExecutor.java:285)
	at com.kms.katalon.core.common.CommonExecutor.accessTestCaseMainPhase(CommonExecutor.java:65)
	at com.kms.katalon.core.main.TestSuiteExecutor.accessTestSuiteMainPhase(TestSuiteExecutor.java:148)
	at com.kms.katalon.core.main.TestSuiteExecutor.execute(TestSuiteExecutor.java:106)
	at com.kms.katalon.core.main.TestCaseMain.startTestSuite(TestCaseMain.java:187)
	at com.kms.katalon.core.main.TestCaseMain$startTestSuite$0.call(Unknown Source)
	at TempTestSuite1726389839915.run(TempTestSuite1726389839915.groovy:35)


2024-09-15 15:44:30 - [TEST_STEP][ERROR] - packaged.verifyproduct.verifyProductName(): Test Cases/Product_Page/AddToCart_Products FAILED.
Reason:
com.kms.katalon.core.exception.StepErrorException: java.lang.IllegalArgumentException: Cannot find test data with id 'Data Files/productData.xlsx' because (of) 'java.lang.IllegalArgumentException: Test data with id 'Data Files/productData.xlsx' does not exist'
	at com.kms.katalon.core.main.CustomKeywordDelegatingMetaClass.throwError(CustomKeywordDelegatingMetaClass.java:101)
	at com.kms.katalon.core.main.CustomKeywordDelegatingMetaClass.invokeStaticMethod(CustomKeywordDelegatingMetaClass.java:73)
	at AddToCart_Products.run(AddToCart_Products:20)
	at com.kms.katalon.core.main.ScriptEngine.run(ScriptEngine.java:194)
	at com.kms.katalon.core.main.ScriptEngine.runScriptAsRawText(ScriptEngine.java:119)
	at com.kms.katalon.core.main.TestCaseExecutor.runScript(TestCaseExecutor.java:448)
	at com.kms.katalon.core.main.TestCaseExecutor.doExecute(TestCaseExecutor.java:439)
	at com.kms.katalon.core.main.TestCaseExecutor.processExecutionPhase(TestCaseExecutor.java:418)
	at com.kms.katalon.core.main.TestCaseExecutor.accessMainPhase(TestCaseExecutor.java:410)
	at com.kms.katalon.core.main.TestCaseExecutor.execute(TestCaseExecutor.java:285)
	at com.kms.katalon.core.common.CommonExecutor.accessTestCaseMainPhase(CommonExecutor.java:65)
	at com.kms.katalon.core.main.TestSuiteExecutor.accessTestSuiteMainPhase(TestSuiteExecutor.java:148)
	at com.kms.katalon.core.main.TestSuiteExecutor.execute(TestSuiteExecutor.java:106)
	at com.kms.katalon.core.main.TestCaseMain.startTestSuite(TestCaseMain.java:187)
	at com.kms.katalon.core.main.TestCaseMain$startTestSuite$0.call(Unknown Source)
	at TempTestSuite1726389839915.run(TempTestSuite1726389839915.groovy:35)
Caused by: java.lang.IllegalArgumentException: Cannot find test data with id 'Data Files/productData.xlsx' because (of) 'java.lang.IllegalArgumentException: Test data with id 'Data Files/productData.xlsx' does not exist'
	at com.kms.katalon.core.testdata.TestDataFactory.findTestData(TestDataFactory.java:132)
	at com.kms.katalon.core.testdata.TestDataFactory$findTestData.callStatic(Unknown Source)
	at packaged.verifyproduct.verifyProductName(verifyproduct.groovy:28)
	at packaged.verifyproduct.invokeMethod(verifyproduct.groovy)
	at com.kms.katalon.core.main.CustomKeywordDelegatingMetaClass.invokeStaticMethod(CustomKeywordDelegatingMetaClass.java:55)
	... 14 more


2024-09-15 15:44:30 - [MESSAGE][ERROR] - Cannot find test data with id 'Data Files/productData.xlsx' because (of) 'java.lang.IllegalArgumentException: Test data with id 'Data Files/productData.xlsx' does not exist'

2024-09-15 15:44:30 - [MESSAGE][ERROR] - Test Cases/Product_Page/AddToCart_Products FAILED.
Reason:
com.kms.katalon.core.exception.StepErrorException: java.lang.IllegalArgumentException: Cannot find test data with id 'Data Files/productData.xlsx' because (of) 'java.lang.IllegalArgumentException: Test data with id 'Data Files/productData.xlsx' does not exist'
	at com.kms.katalon.core.main.CustomKeywordDelegatingMetaClass.throwError(CustomKeywordDelegatingMetaClass.java:101)
	at com.kms.katalon.core.main.CustomKeywordDelegatingMetaClass.invokeStaticMethod(CustomKeywordDelegatingMetaClass.java:73)
	at AddToCart_Products.run(AddToCart_Products:20)
	at com.kms.katalon.core.main.ScriptEngine.run(ScriptEngine.java:194)
	at com.kms.katalon.core.main.ScriptEngine.runScriptAsRawText(ScriptEngine.java:119)
	at com.kms.katalon.core.main.TestCaseExecutor.runScript(TestCaseExecutor.java:448)
	at com.kms.katalon.core.main.TestCaseExecutor.doExecute(TestCaseExecutor.java:439)
	at com.kms.katalon.core.main.TestCaseExecutor.processExecutionPhase(TestCaseExecutor.java:418)
	at com.kms.katalon.core.main.TestCaseExecutor.accessMainPhase(TestCaseExecutor.java:410)
	at com.kms.katalon.core.main.TestCaseExecutor.execute(TestCaseExecutor.java:285)
	at com.kms.katalon.core.common.CommonExecutor.accessTestCaseMainPhase(CommonExecutor.java:65)
	at com.kms.katalon.core.main.TestSuiteExecutor.accessTestSuiteMainPhase(TestSuiteExecutor.java:148)
	at com.kms.katalon.core.main.TestSuiteExecutor.execute(TestSuiteExecutor.java:106)
	at com.kms.katalon.core.main.TestCaseMain.startTestSuite(TestCaseMain.java:187)
	at com.kms.katalon.core.main.TestCaseMain$startTestSuite$0.call(Unknown Source)
	at TempTestSuite1726389839915.run(TempTestSuite1726389839915.groovy:35)
Caused by: java.lang.IllegalArgumentException: Cannot find test data with id 'Data Files/productData.xlsx' because (of) 'java.lang.IllegalArgumentException: Test data with id 'Data Files/productData.xlsx' does not exist'
	at com.kms.katalon.core.testdata.TestDataFactory.findTestData(TestDataFactory.java:132)
	at com.kms.katalon.core.testdata.TestDataFactory$findTestData.callStatic(Unknown Source)
	at packaged.verifyproduct.verifyProductName(verifyproduct.groovy:28)
	at packaged.verifyproduct.invokeMethod(verifyproduct.groovy)
	at com.kms.katalon.core.main.CustomKeywordDelegatingMetaClass.invokeStaticMethod(CustomKeywordDelegatingMetaClass.java:55)
	... 14 more


2024-09-15 15:44:32 - [TEST_STEP][PASSED] - Video: Video recording for test case 'Test Cases/Product_Page/AddToCart_Products' .

2024-09-15 15:44:32 - [MESSAGE][INFO] - Video recording for test case 'Test Cases/Product_Page/AddToCart_Products' .]]></system-out>
         <system-err><![CDATA[2024-09-15 15:44:30 - [TEST_CASE][ERROR] - Test Cases/Product_Page/AddToCart_Products: Test Cases/Product_Page/AddToCart_Products FAILED.
Reason:
java.lang.IllegalArgumentException: Cannot find test data with id 'Data Files/productData.xlsx' because (of) 'java.lang.IllegalArgumentException: Test data with id 'Data Files/productData.xlsx' does not exist'
	at com.kms.katalon.core.testdata.TestDataFactory.findTestData(TestDataFactory.java:132)
	at com.kms.katalon.core.testdata.TestDataFactory$findTestData.callStatic(Unknown Source)
	at packaged.verifyproduct.verifyProductName(verifyproduct.groovy:28)
	at packaged.verifyproduct.invokeMethod(verifyproduct.groovy)
	at com.kms.katalon.core.main.CustomKeywordDelegatingMetaClass.invokeStaticMethod(CustomKeywordDelegatingMetaClass.java:55)
	at AddToCart_Products.run(AddToCart_Products:20)
	at com.kms.katalon.core.main.ScriptEngine.run(ScriptEngine.java:194)
	at com.kms.katalon.core.main.ScriptEngine.runScriptAsRawText(ScriptEngine.java:119)
	at com.kms.katalon.core.main.TestCaseExecutor.runScript(TestCaseExecutor.java:448)
	at com.kms.katalon.core.main.TestCaseExecutor.doExecute(TestCaseExecutor.java:439)
	at com.kms.katalon.core.main.TestCaseExecutor.processExecutionPhase(TestCaseExecutor.java:418)
	at com.kms.katalon.core.main.TestCaseExecutor.accessMainPhase(TestCaseExecutor.java:410)
	at com.kms.katalon.core.main.TestCaseExecutor.execute(TestCaseExecutor.java:285)
	at com.kms.katalon.core.common.CommonExecutor.accessTestCaseMainPhase(CommonExecutor.java:65)
	at com.kms.katalon.core.main.TestSuiteExecutor.accessTestSuiteMainPhase(TestSuiteExecutor.java:148)
	at com.kms.katalon.core.main.TestSuiteExecutor.execute(TestSuiteExecutor.java:106)
	at com.kms.katalon.core.main.TestCaseMain.startTestSuite(TestCaseMain.java:187)
	at com.kms.katalon.core.main.TestCaseMain$startTestSuite$0.call(Unknown Source)
	at TempTestSuite1726389839915.run(TempTestSuite1726389839915.groovy:35)]]></system-err>
      </testcase>
      <testcase name="Test Cases/Product_Page/AddToCart_Products" time="2.03" classname="Test Cases/Product_Page/AddToCart_Products" status="ERROR">
         <error type="ERROR" message="Test Cases/Product_Page/AddToCart_Products FAILED.
Reason:
java.lang.IllegalArgumentException: Cannot find test data with id 'Data Files/productData.xlsx' because (of) 'java.lang.IllegalArgumentException: Test data with id 'Data Files/productData.xlsx' does not exist'
	at com.kms.katalon.core.testdata.TestDataFactory.findTestData(TestDataFactory.java:132)
	at com.kms.katalon.core.testdata.TestDataFactory$findTestData.callStatic(Unknown Source)
	at packaged.verifyproduct.verifyProductName(verifyproduct.groovy:28)
	at packaged.verifyproduct.invokeMethod(verifyproduct.groovy)
	at com.kms.katalon.core.main.CustomKeywordDelegatingMetaClass.invokeStaticMethod(CustomKeywordDelegatingMetaClass.java:55)
	at AddToCart_Products.run(AddToCart_Products:20)
	at com.kms.katalon.core.main.ScriptEngine.run(ScriptEngine.java:194)
	at com.kms.katalon.core.main.ScriptEngine.runScriptAsRawText(ScriptEngine.java:119)
	at com.kms.katalon.core.main.TestCaseExecutor.runScript(TestCaseExecutor.java:448)
	at com.kms.katalon.core.main.TestCaseExecutor.doExecute(TestCaseExecutor.java:439)
	at com.kms.katalon.core.main.TestCaseExecutor.processExecutionPhase(TestCaseExecutor.java:418)
	at com.kms.katalon.core.main.TestCaseExecutor.accessMainPhase(TestCaseExecutor.java:410)
	at com.kms.katalon.core.main.TestCaseExecutor.execute(TestCaseExecutor.java:285)
	at com.kms.katalon.core.common.CommonExecutor.accessTestCaseMainPhase(CommonExecutor.java:65)
	at com.kms.katalon.core.main.TestSuiteExecutor.accessTestSuiteMainPhase(TestSuiteExecutor.java:148)
	at com.kms.katalon.core.main.TestSuiteExecutor.execute(TestSuiteExecutor.java:106)
	at com.kms.katalon.core.main.TestCaseMain.startTestSuite(TestCaseMain.java:187)
	at com.kms.katalon.core.main.TestCaseMain$startTestSuite$0.call(Unknown Source)
	at TempTestSuite1726389839915.run(TempTestSuite1726389839915.groovy:35)
"/>
         <system-out><![CDATA[2024-09-15 15:44:32 - [TEST_CASE][ERROR] - Test Cases/Product_Page/AddToCart_Products: Test Cases/Product_Page/AddToCart_Products FAILED.
Reason:
java.lang.IllegalArgumentException: Cannot find test data with id 'Data Files/productData.xlsx' because (of) 'java.lang.IllegalArgumentException: Test data with id 'Data Files/productData.xlsx' does not exist'
	at com.kms.katalon.core.testdata.TestDataFactory.findTestData(TestDataFactory.java:132)
	at com.kms.katalon.core.testdata.TestDataFactory$findTestData.callStatic(Unknown Source)
	at packaged.verifyproduct.verifyProductName(verifyproduct.groovy:28)
	at packaged.verifyproduct.invokeMethod(verifyproduct.groovy)
	at com.kms.katalon.core.main.CustomKeywordDelegatingMetaClass.invokeStaticMethod(CustomKeywordDelegatingMetaClass.java:55)
	at AddToCart_Products.run(AddToCart_Products:20)
	at com.kms.katalon.core.main.ScriptEngine.run(ScriptEngine.java:194)
	at com.kms.katalon.core.main.ScriptEngine.runScriptAsRawText(ScriptEngine.java:119)
	at com.kms.katalon.core.main.TestCaseExecutor.runScript(TestCaseExecutor.java:448)
	at com.kms.katalon.core.main.TestCaseExecutor.doExecute(TestCaseExecutor.java:439)
	at com.kms.katalon.core.main.TestCaseExecutor.processExecutionPhase(TestCaseExecutor.java:418)
	at com.kms.katalon.core.main.TestCaseExecutor.accessMainPhase(TestCaseExecutor.java:410)
	at com.kms.katalon.core.main.TestCaseExecutor.execute(TestCaseExecutor.java:285)
	at com.kms.katalon.core.common.CommonExecutor.accessTestCaseMainPhase(CommonExecutor.java:65)
	at com.kms.katalon.core.main.TestSuiteExecutor.accessTestSuiteMainPhase(TestSuiteExecutor.java:148)
	at com.kms.katalon.core.main.TestSuiteExecutor.execute(TestSuiteExecutor.java:106)
	at com.kms.katalon.core.main.TestCaseMain.startTestSuite(TestCaseMain.java:187)
	at com.kms.katalon.core.main.TestCaseMain$startTestSuite$0.call(Unknown Source)
	at TempTestSuite1726389839915.run(TempTestSuite1726389839915.groovy:35)


2024-09-15 15:44:32 - [TEST_STEP][ERROR] - packaged.verifyproduct.verifyProductName(): Test Cases/Product_Page/AddToCart_Products FAILED.
Reason:
com.kms.katalon.core.exception.StepErrorException: java.lang.IllegalArgumentException: Cannot find test data with id 'Data Files/productData.xlsx' because (of) 'java.lang.IllegalArgumentException: Test data with id 'Data Files/productData.xlsx' does not exist'
	at com.kms.katalon.core.main.CustomKeywordDelegatingMetaClass.throwError(CustomKeywordDelegatingMetaClass.java:101)
	at com.kms.katalon.core.main.CustomKeywordDelegatingMetaClass.invokeStaticMethod(CustomKeywordDelegatingMetaClass.java:73)
	at AddToCart_Products.run(AddToCart_Products:20)
	at com.kms.katalon.core.main.ScriptEngine.run(ScriptEngine.java:194)
	at com.kms.katalon.core.main.ScriptEngine.runScriptAsRawText(ScriptEngine.java:119)
	at com.kms.katalon.core.main.TestCaseExecutor.runScript(TestCaseExecutor.java:448)
	at com.kms.katalon.core.main.TestCaseExecutor.doExecute(TestCaseExecutor.java:439)
	at com.kms.katalon.core.main.TestCaseExecutor.processExecutionPhase(TestCaseExecutor.java:418)
	at com.kms.katalon.core.main.TestCaseExecutor.accessMainPhase(TestCaseExecutor.java:410)
	at com.kms.katalon.core.main.TestCaseExecutor.execute(TestCaseExecutor.java:285)
	at com.kms.katalon.core.common.CommonExecutor.accessTestCaseMainPhase(CommonExecutor.java:65)
	at com.kms.katalon.core.main.TestSuiteExecutor.accessTestSuiteMainPhase(TestSuiteExecutor.java:148)
	at com.kms.katalon.core.main.TestSuiteExecutor.execute(TestSuiteExecutor.java:106)
	at com.kms.katalon.core.main.TestCaseMain.startTestSuite(TestCaseMain.java:187)
	at com.kms.katalon.core.main.TestCaseMain$startTestSuite$0.call(Unknown Source)
	at TempTestSuite1726389839915.run(TempTestSuite1726389839915.groovy:35)
Caused by: java.lang.IllegalArgumentException: Cannot find test data with id 'Data Files/productData.xlsx' because (of) 'java.lang.IllegalArgumentException: Test data with id 'Data Files/productData.xlsx' does not exist'
	at com.kms.katalon.core.testdata.TestDataFactory.findTestData(TestDataFactory.java:132)
	at com.kms.katalon.core.testdata.TestDataFactory$findTestData.callStatic(Unknown Source)
	at packaged.verifyproduct.verifyProductName(verifyproduct.groovy:28)
	at packaged.verifyproduct.invokeMethod(verifyproduct.groovy)
	at com.kms.katalon.core.main.CustomKeywordDelegatingMetaClass.invokeStaticMethod(CustomKeywordDelegatingMetaClass.java:55)
	... 14 more


2024-09-15 15:44:32 - [MESSAGE][ERROR] - Cannot find test data with id 'Data Files/productData.xlsx' because (of) 'java.lang.IllegalArgumentException: Test data with id 'Data Files/productData.xlsx' does not exist'

2024-09-15 15:44:32 - [MESSAGE][ERROR] - Test Cases/Product_Page/AddToCart_Products FAILED.
Reason:
com.kms.katalon.core.exception.StepErrorException: java.lang.IllegalArgumentException: Cannot find test data with id 'Data Files/productData.xlsx' because (of) 'java.lang.IllegalArgumentException: Test data with id 'Data Files/productData.xlsx' does not exist'
	at com.kms.katalon.core.main.CustomKeywordDelegatingMetaClass.throwError(CustomKeywordDelegatingMetaClass.java:101)
	at com.kms.katalon.core.main.CustomKeywordDelegatingMetaClass.invokeStaticMethod(CustomKeywordDelegatingMetaClass.java:73)
	at AddToCart_Products.run(AddToCart_Products:20)
	at com.kms.katalon.core.main.ScriptEngine.run(ScriptEngine.java:194)
	at com.kms.katalon.core.main.ScriptEngine.runScriptAsRawText(ScriptEngine.java:119)
	at com.kms.katalon.core.main.TestCaseExecutor.runScript(TestCaseExecutor.java:448)
	at com.kms.katalon.core.main.TestCaseExecutor.doExecute(TestCaseExecutor.java:439)
	at com.kms.katalon.core.main.TestCaseExecutor.processExecutionPhase(TestCaseExecutor.java:418)
	at com.kms.katalon.core.main.TestCaseExecutor.accessMainPhase(TestCaseExecutor.java:410)
	at com.kms.katalon.core.main.TestCaseExecutor.execute(TestCaseExecutor.java:285)
	at com.kms.katalon.core.common.CommonExecutor.accessTestCaseMainPhase(CommonExecutor.java:65)
	at com.kms.katalon.core.main.TestSuiteExecutor.accessTestSuiteMainPhase(TestSuiteExecutor.java:148)
	at com.kms.katalon.core.main.TestSuiteExecutor.execute(TestSuiteExecutor.java:106)
	at com.kms.katalon.core.main.TestCaseMain.startTestSuite(TestCaseMain.java:187)
	at com.kms.katalon.core.main.TestCaseMain$startTestSuite$0.call(Unknown Source)
	at TempTestSuite1726389839915.run(TempTestSuite1726389839915.groovy:35)
Caused by: java.lang.IllegalArgumentException: Cannot find test data with id 'Data Files/productData.xlsx' because (of) 'java.lang.IllegalArgumentException: Test data with id 'Data Files/productData.xlsx' does not exist'
	at com.kms.katalon.core.testdata.TestDataFactory.findTestData(TestDataFactory.java:132)
	at com.kms.katalon.core.testdata.TestDataFactory$findTestData.callStatic(Unknown Source)
	at packaged.verifyproduct.verifyProductName(verifyproduct.groovy:28)
	at packaged.verifyproduct.invokeMethod(verifyproduct.groovy)
	at com.kms.katalon.core.main.CustomKeywordDelegatingMetaClass.invokeStaticMethod(CustomKeywordDelegatingMetaClass.java:55)
	... 14 more


2024-09-15 15:44:34 - [TEST_STEP][PASSED] - Video: Video recording for test case 'Test Cases/Product_Page/AddToCart_Products' .

2024-09-15 15:44:34 - [MESSAGE][INFO] - Video recording for test case 'Test Cases/Product_Page/AddToCart_Products' .]]></system-out>
         <system-err><![CDATA[2024-09-15 15:44:32 - [TEST_CASE][ERROR] - Test Cases/Product_Page/AddToCart_Products: Test Cases/Product_Page/AddToCart_Products FAILED.
Reason:
java.lang.IllegalArgumentException: Cannot find test data with id 'Data Files/productData.xlsx' because (of) 'java.lang.IllegalArgumentException: Test data with id 'Data Files/productData.xlsx' does not exist'
	at com.kms.katalon.core.testdata.TestDataFactory.findTestData(TestDataFactory.java:132)
	at com.kms.katalon.core.testdata.TestDataFactory$findTestData.callStatic(Unknown Source)
	at packaged.verifyproduct.verifyProductName(verifyproduct.groovy:28)
	at packaged.verifyproduct.invokeMethod(verifyproduct.groovy)
	at com.kms.katalon.core.main.CustomKeywordDelegatingMetaClass.invokeStaticMethod(CustomKeywordDelegatingMetaClass.java:55)
	at AddToCart_Products.run(AddToCart_Products:20)
	at com.kms.katalon.core.main.ScriptEngine.run(ScriptEngine.java:194)
	at com.kms.katalon.core.main.ScriptEngine.runScriptAsRawText(ScriptEngine.java:119)
	at com.kms.katalon.core.main.TestCaseExecutor.runScript(TestCaseExecutor.java:448)
	at com.kms.katalon.core.main.TestCaseExecutor.doExecute(TestCaseExecutor.java:439)
	at com.kms.katalon.core.main.TestCaseExecutor.processExecutionPhase(TestCaseExecutor.java:418)
	at com.kms.katalon.core.main.TestCaseExecutor.accessMainPhase(TestCaseExecutor.java:410)
	at com.kms.katalon.core.main.TestCaseExecutor.execute(TestCaseExecutor.java:285)
	at com.kms.katalon.core.common.CommonExecutor.accessTestCaseMainPhase(CommonExecutor.java:65)
	at com.kms.katalon.core.main.TestSuiteExecutor.accessTestSuiteMainPhase(TestSuiteExecutor.java:148)
	at com.kms.katalon.core.main.TestSuiteExecutor.execute(TestSuiteExecutor.java:106)
	at com.kms.katalon.core.main.TestCaseMain.startTestSuite(TestCaseMain.java:187)
	at com.kms.katalon.core.main.TestCaseMain$startTestSuite$0.call(Unknown Source)
	at TempTestSuite1726389839915.run(TempTestSuite1726389839915.groovy:35)]]></system-err>
      </testcase>
      <system-out><![CDATA[2024-09-15 15:44:08 - [TEST_SUITE][ERROR] - AddToCart: Test Cases/Product_Page/AddToCart_Products FAILED.
Reason:
java.lang.IllegalArgumentException: Cannot find test data with id 'Data Files/productData.xlsx' because (of) 'java.lang.IllegalArgumentException: Test data with id 'Data Files/productData.xlsx' does not exist'
	at com.kms.katalon.core.testdata.TestDataFactory.findTestData(TestDataFactory.java:132)
	at com.kms.katalon.core.testdata.TestDataFactory$findTestData.callStatic(Unknown Source)
	at packaged.verifyproduct.verifyProductName(verifyproduct.groovy:28)
	at packaged.verifyproduct.invokeMethod(verifyproduct.groovy)
	at com.kms.katalon.core.main.CustomKeywordDelegatingMetaClass.invokeStaticMethod(CustomKeywordDelegatingMetaClass.java:55)
	at AddToCart_Products.run(AddToCart_Products:20)
	at com.kms.katalon.core.main.ScriptEngine.run(ScriptEngine.java:194)
	at com.kms.katalon.core.main.ScriptEngine.runScriptAsRawText(ScriptEngine.java:119)
	at com.kms.katalon.core.main.TestCaseExecutor.runScript(TestCaseExecutor.java:448)
	at com.kms.katalon.core.main.TestCaseExecutor.doExecute(TestCaseExecutor.java:439)
	at com.kms.katalon.core.main.TestCaseExecutor.processExecutionPhase(TestCaseExecutor.java:418)
	at com.kms.katalon.core.main.TestCaseExecutor.accessMainPhase(TestCaseExecutor.java:410)
	at com.kms.katalon.core.main.TestCaseExecutor.execute(TestCaseExecutor.java:285)
	at com.kms.katalon.core.common.CommonExecutor.accessTestCaseMainPhase(CommonExecutor.java:65)
	at com.kms.katalon.core.main.TestSuiteExecutor.accessTestSuiteMainPhase(TestSuiteExecutor.java:148)
	at com.kms.katalon.core.main.TestSuiteExecutor.execute(TestSuiteExecutor.java:106)
	at com.kms.katalon.core.main.TestCaseMain.startTestSuite(TestCaseMain.java:187)
	at com.kms.katalon.core.main.TestCaseMain$startTestSuite$0.call(Unknown Source)
	at TempTestSuite1726389839915.run(TempTestSuite1726389839915.groovy:35)]]></system-out>
      <system-err><![CDATA[2024-09-15 15:44:08 - [TEST_SUITE][ERROR] - AddToCart: Test Cases/Product_Page/AddToCart_Products FAILED.
Reason:
java.lang.IllegalArgumentException: Cannot find test data with id 'Data Files/productData.xlsx' because (of) 'java.lang.IllegalArgumentException: Test data with id 'Data Files/productData.xlsx' does not exist'
	at com.kms.katalon.core.testdata.TestDataFactory.findTestData(TestDataFactory.java:132)
	at com.kms.katalon.core.testdata.TestDataFactory$findTestData.callStatic(Unknown Source)
	at packaged.verifyproduct.verifyProductName(verifyproduct.groovy:28)
	at packaged.verifyproduct.invokeMethod(verifyproduct.groovy)
	at com.kms.katalon.core.main.CustomKeywordDelegatingMetaClass.invokeStaticMethod(CustomKeywordDelegatingMetaClass.java:55)
	at AddToCart_Products.run(AddToCart_Products:20)
	at com.kms.katalon.core.main.ScriptEngine.run(ScriptEngine.java:194)
	at com.kms.katalon.core.main.ScriptEngine.runScriptAsRawText(ScriptEngine.java:119)
	at com.kms.katalon.core.main.TestCaseExecutor.runScript(TestCaseExecutor.java:448)
	at com.kms.katalon.core.main.TestCaseExecutor.doExecute(TestCaseExecutor.java:439)
	at com.kms.katalon.core.main.TestCaseExecutor.processExecutionPhase(TestCaseExecutor.java:418)
	at com.kms.katalon.core.main.TestCaseExecutor.accessMainPhase(TestCaseExecutor.java:410)
	at com.kms.katalon.core.main.TestCaseExecutor.execute(TestCaseExecutor.java:285)
	at com.kms.katalon.core.common.CommonExecutor.accessTestCaseMainPhase(CommonExecutor.java:65)
	at com.kms.katalon.core.main.TestSuiteExecutor.accessTestSuiteMainPhase(TestSuiteExecutor.java:148)
	at com.kms.katalon.core.main.TestSuiteExecutor.execute(TestSuiteExecutor.java:106)
	at com.kms.katalon.core.main.TestCaseMain.startTestSuite(TestCaseMain.java:187)
	at com.kms.katalon.core.main.TestCaseMain$startTestSuite$0.call(Unknown Source)
	at TempTestSuite1726389839915.run(TempTestSuite1726389839915.groovy:35)]]></system-err>
   </testsuite>
</testsuites>
